[2.650s] Invoking command in '/home/jyo/ros2_ws/src/multi_camera_publisher': PYTHONPATH=/home/jyo/ros2_ws/build/multi_camera_publisher/prefix_override:/usr/lib/python3/dist-packages/colcon_core/task/python/colcon_distutils_commands:/home/jyo/ros2_ws/install/multi_camera_publisher/lib/python3.10/site-packages:${PYTHONPATH} /usr/bin/python3 -W ignore:setup.py install is deprecated -W ignore:easy_install command is deprecated setup.py egg_info --egg-base ../../build/multi_camera_publisher build --build-base /home/jyo/ros2_ws/build/multi_camera_publisher/build install --record /home/jyo/ros2_ws/build/multi_camera_publisher/install.log --single-version-externally-managed install_data
[2.989s] running egg_info
[2.989s] writing ../../build/multi_camera_publisher/multi_camera_publisher.egg-info/PKG-INFO
[2.990s] writing dependency_links to ../../build/multi_camera_publisher/multi_camera_publisher.egg-info/dependency_links.txt
[2.991s] writing entry points to ../../build/multi_camera_publisher/multi_camera_publisher.egg-info/entry_points.txt
[2.991s] writing requirements to ../../build/multi_camera_publisher/multi_camera_publisher.egg-info/requires.txt
[2.991s] writing top-level names to ../../build/multi_camera_publisher/multi_camera_publisher.egg-info/top_level.txt
[2.993s] reading manifest file '../../build/multi_camera_publisher/multi_camera_publisher.egg-info/SOURCES.txt'
[2.994s] writing manifest file '../../build/multi_camera_publisher/multi_camera_publisher.egg-info/SOURCES.txt'
[2.995s] running build
[2.995s] running build_py
[2.996s] running install
[2.996s] running install_lib
[3.000s] running install_data
[3.001s] running install_egg_info
[3.003s] removing '/home/jyo/ros2_ws/install/multi_camera_publisher/lib/python3.10/site-packages/multi_camera_publisher-0.1.0-py3.10.egg-info' (and everything under it)
[3.003s] Copying ../../build/multi_camera_publisher/multi_camera_publisher.egg-info to /home/jyo/ros2_ws/install/multi_camera_publisher/lib/python3.10/site-packages/multi_camera_publisher-0.1.0-py3.10.egg-info
[3.005s] running install_scripts
[3.033s] Installing multi_camera_publisher script to /home/jyo/ros2_ws/install/multi_camera_publisher/lib/multi_camera_publisher
[3.034s] writing list of installed files to '/home/jyo/ros2_ws/build/multi_camera_publisher/install.log'
[3.096s] Invoked command in '/home/jyo/ros2_ws/src/multi_camera_publisher' returned '0': PYTHONPATH=/home/jyo/ros2_ws/build/multi_camera_publisher/prefix_override:/usr/lib/python3/dist-packages/colcon_core/task/python/colcon_distutils_commands:/home/jyo/ros2_ws/install/multi_camera_publisher/lib/python3.10/site-packages:${PYTHONPATH} /usr/bin/python3 -W ignore:setup.py install is deprecated -W ignore:easy_install command is deprecated setup.py egg_info --egg-base ../../build/multi_camera_publisher build --build-base /home/jyo/ros2_ws/build/multi_camera_publisher/build install --record /home/jyo/ros2_ws/build/multi_camera_publisher/install.log --single-version-externally-managed install_data
