[1.927s] Invoking command in '/home/jyo/ros2_ws/src/system_monitor': PYTHONPATH=/home/jyo/ros2_ws/build/system_monitor/prefix_override:/usr/lib/python3/dist-packages/colcon_core/task/python/colcon_distutils_commands:/home/jyo/ros2_ws/install/system_monitor/lib/python3.10/site-packages:${PYTHONPATH} /usr/bin/python3 -W ignore:setup.py install is deprecated -W ignore:easy_install command is deprecated setup.py egg_info --egg-base ../../build/system_monitor build --build-base /home/jyo/ros2_ws/build/system_monitor/build install --record /home/jyo/ros2_ws/build/system_monitor/install.log --single-version-externally-managed install_data
[2.190s] running egg_info
[2.191s] writing ../../build/system_monitor/system_monitor.egg-info/PKG-INFO
[2.191s] writing dependency_links to ../../build/system_monitor/system_monitor.egg-info/dependency_links.txt
[2.191s] writing entry points to ../../build/system_monitor/system_monitor.egg-info/entry_points.txt
[2.191s] writing requirements to ../../build/system_monitor/system_monitor.egg-info/requires.txt
[2.192s] writing top-level names to ../../build/system_monitor/system_monitor.egg-info/top_level.txt
[2.194s] reading manifest file '../../build/system_monitor/system_monitor.egg-info/SOURCES.txt'
[2.195s] writing manifest file '../../build/system_monitor/system_monitor.egg-info/SOURCES.txt'
[2.195s] running build
[2.195s] running build_py
[2.195s] running install
[2.196s] running install_lib
[2.200s] running install_data
[2.200s] running install_egg_info
[2.202s] removing '/home/jyo/ros2_ws/install/system_monitor/lib/python3.10/site-packages/system_monitor-0.0.0-py3.10.egg-info' (and everything under it)
[2.202s] Copying ../../build/system_monitor/system_monitor.egg-info to /home/jyo/ros2_ws/install/system_monitor/lib/python3.10/site-packages/system_monitor-0.0.0-py3.10.egg-info
[2.203s] running install_scripts
[2.226s] Installing frequency_monitor_node script to /home/jyo/ros2_ws/install/system_monitor/lib/system_monitor
[2.228s] Installing system_monitor_node script to /home/jyo/ros2_ws/install/system_monitor/lib/system_monitor
[2.228s] writing list of installed files to '/home/jyo/ros2_ws/build/system_monitor/install.log'
[2.276s] Invoked command in '/home/jyo/ros2_ws/src/system_monitor' returned '0': PYTHONPATH=/home/jyo/ros2_ws/build/system_monitor/prefix_override:/usr/lib/python3/dist-packages/colcon_core/task/python/colcon_distutils_commands:/home/jyo/ros2_ws/install/system_monitor/lib/python3.10/site-packages:${PYTHONPATH} /usr/bin/python3 -W ignore:setup.py install is deprecated -W ignore:easy_install command is deprecated setup.py egg_info --egg-base ../../build/system_monitor build --build-base /home/jyo/ros2_ws/build/system_monitor/build install --record /home/jyo/ros2_ws/build/system_monitor/install.log --single-version-externally-managed install_data
