[3.036s] Invoking command in '/home/jyo/ros2_ws/src/battery_monitor': PYTHONPATH=/home/jyo/ros2_ws/build/battery_monitor/prefix_override:/usr/lib/python3/dist-packages/colcon_core/task/python/colcon_distutils_commands:/home/jyo/ros2_ws/install/battery_monitor/lib/python3.10/site-packages:${PYTHONPATH} /usr/bin/python3 -W ignore:setup.py install is deprecated -W ignore:easy_install command is deprecated setup.py egg_info --egg-base ../../build/battery_monitor build --build-base /home/jyo/ros2_ws/build/battery_monitor/build install --record /home/jyo/ros2_ws/build/battery_monitor/install.log --single-version-externally-managed install_data
[3.392s] running egg_info
[3.393s] writing ../../build/battery_monitor/battery_monitor.egg-info/PKG-INFO
[3.393s] writing dependency_links to ../../build/battery_monitor/battery_monitor.egg-info/dependency_links.txt
[3.394s] writing entry points to ../../build/battery_monitor/battery_monitor.egg-info/entry_points.txt
[3.394s] writing requirements to ../../build/battery_monitor/battery_monitor.egg-info/requires.txt
[3.394s] writing top-level names to ../../build/battery_monitor/battery_monitor.egg-info/top_level.txt
[3.397s] reading manifest file '../../build/battery_monitor/battery_monitor.egg-info/SOURCES.txt'
[3.398s] writing manifest file '../../build/battery_monitor/battery_monitor.egg-info/SOURCES.txt'
[3.398s] running build
[3.398s] running build_py
[3.398s] running install
[3.399s] running install_lib
[3.402s] running install_data
[3.402s] running install_egg_info
[3.405s] removing '/home/jyo/ros2_ws/install/battery_monitor/lib/python3.10/site-packages/battery_monitor-0.0.0-py3.10.egg-info' (and everything under it)
[3.405s] Copying ../../build/battery_monitor/battery_monitor.egg-info to /home/jyo/ros2_ws/install/battery_monitor/lib/python3.10/site-packages/battery_monitor-0.0.0-py3.10.egg-info
[3.407s] running install_scripts
[3.440s] Installing battery_monitor script to /home/jyo/ros2_ws/install/battery_monitor/lib/battery_monitor
[3.441s] writing list of installed files to '/home/jyo/ros2_ws/build/battery_monitor/install.log'
[3.488s] Invoked command in '/home/jyo/ros2_ws/src/battery_monitor' returned '0': PYTHONPATH=/home/jyo/ros2_ws/build/battery_monitor/prefix_override:/usr/lib/python3/dist-packages/colcon_core/task/python/colcon_distutils_commands:/home/jyo/ros2_ws/install/battery_monitor/lib/python3.10/site-packages:${PYTHONPATH} /usr/bin/python3 -W ignore:setup.py install is deprecated -W ignore:easy_install command is deprecated setup.py egg_info --egg-base ../../build/battery_monitor build --build-base /home/jyo/ros2_ws/build/battery_monitor/build install --record /home/jyo/ros2_ws/build/battery_monitor/install.log --single-version-externally-managed install_data
