[5.578s] Invoking command in '/home/jyo/ros2_ws/src/multi_camera_pkg': PYTHONPATH=/home/jyo/ros2_ws/build/multi_camera_pkg/prefix_override:/usr/lib/python3/dist-packages/colcon_core/task/python/colcon_distutils_commands:/home/jyo/ros2_ws/install/multi_camera_pkg/lib/python3.10/site-packages:${PYTHONPATH} /usr/bin/python3 -W ignore:setup.py install is deprecated -W ignore:easy_install command is deprecated setup.py egg_info --egg-base ../../build/multi_camera_pkg build --build-base /home/jyo/ros2_ws/build/multi_camera_pkg/build install --record /home/jyo/ros2_ws/build/multi_camera_pkg/install.log --single-version-externally-managed install_data
[7.133s] running egg_info
[7.136s] writing ../../build/multi_camera_pkg/multi_camera_pkg.egg-info/PKG-INFO
[7.137s] writing dependency_links to ../../build/multi_camera_pkg/multi_camera_pkg.egg-info/dependency_links.txt
[7.138s] writing entry points to ../../build/multi_camera_pkg/multi_camera_pkg.egg-info/entry_points.txt
[7.138s] writing requirements to ../../build/multi_camera_pkg/multi_camera_pkg.egg-info/requires.txt
[7.139s] writing top-level names to ../../build/multi_camera_pkg/multi_camera_pkg.egg-info/top_level.txt
[7.147s] reading manifest file '../../build/multi_camera_pkg/multi_camera_pkg.egg-info/SOURCES.txt'
[7.151s] writing manifest file '../../build/multi_camera_pkg/multi_camera_pkg.egg-info/SOURCES.txt'
[7.152s] running build
[7.153s] running build_py
[7.154s] copying multi_camera_pkg/multi_camera_publisher.py -> /home/jyo/ros2_ws/build/multi_camera_pkg/build/lib/multi_camera_pkg
[7.155s] running install
[7.156s] running install_lib
[7.163s] copying /home/jyo/ros2_ws/build/multi_camera_pkg/build/lib/multi_camera_pkg/multi_camera_publisher.py -> /home/jyo/ros2_ws/install/multi_camera_pkg/lib/python3.10/site-packages/multi_camera_pkg
[7.166s] byte-compiling /home/jyo/ros2_ws/install/multi_camera_pkg/lib/python3.10/site-packages/multi_camera_pkg/multi_camera_publisher.py to multi_camera_publisher.cpython-310.pyc
[7.174s] running install_data
[7.175s] running install_egg_info
[7.183s] removing '/home/jyo/ros2_ws/install/multi_camera_pkg/lib/python3.10/site-packages/multi_camera_pkg-0.0.0-py3.10.egg-info' (and everything under it)
[7.185s] Copying ../../build/multi_camera_pkg/multi_camera_pkg.egg-info to /home/jyo/ros2_ws/install/multi_camera_pkg/lib/python3.10/site-packages/multi_camera_pkg-0.0.0-py3.10.egg-info
[7.191s] running install_scripts
[7.317s] Installing multi_camera_publisher script to /home/jyo/ros2_ws/install/multi_camera_pkg/lib/multi_camera_pkg
[7.320s] writing list of installed files to '/home/jyo/ros2_ws/build/multi_camera_pkg/install.log'
[7.481s] Invoked command in '/home/jyo/ros2_ws/src/multi_camera_pkg' returned '0': PYTHONPATH=/home/jyo/ros2_ws/build/multi_camera_pkg/prefix_override:/usr/lib/python3/dist-packages/colcon_core/task/python/colcon_distutils_commands:/home/jyo/ros2_ws/install/multi_camera_pkg/lib/python3.10/site-packages:${PYTHONPATH} /usr/bin/python3 -W ignore:setup.py install is deprecated -W ignore:easy_install command is deprecated setup.py egg_info --egg-base ../../build/multi_camera_pkg build --build-base /home/jyo/ros2_ws/build/multi_camera_pkg/build install --record /home/jyo/ros2_ws/build/multi_camera_pkg/install.log --single-version-externally-managed install_data
