running egg_info
writing ../../build/cart_control/cart_control.egg-info/PKG-INFO
writing dependency_links to ../../build/cart_control/cart_control.egg-info/dependency_links.txt
writing entry points to ../../build/cart_control/cart_control.egg-info/entry_points.txt
writing requirements to ../../build/cart_control/cart_control.egg-info/requires.txt
writing top-level names to ../../build/cart_control/cart_control.egg-info/top_level.txt
reading manifest file '../../build/cart_control/cart_control.egg-info/SOURCES.txt'
writing manifest file '../../build/cart_control/cart_control.egg-info/SOURCES.txt'
running build
running build_py
running install
running install_lib
running install_data
creating /home/jyo/ros2_ws/install/cart_control/share/cart_control/launch
copying launch/full_system.launch.py -> /home/jyo/ros2_ws/install/cart_control/share/cart_control/launch
running install_egg_info
removing '/home/jyo/ros2_ws/install/cart_control/lib/python3.10/site-packages/cart_control-0.0.0-py3.10.egg-info' (and everything under it)
Copying ../../build/cart_control/cart_control.egg-info to /home/jyo/ros2_ws/install/cart_control/lib/python3.10/site-packages/cart_control-0.0.0-py3.10.egg-info
running install_scripts
Installing cart_control_node script to /home/jyo/ros2_ws/install/cart_control/lib/cart_control
writing list of installed files to '/home/jyo/ros2_ws/build/cart_control/install.log'
