[1.727s] Invoking command in '/home/jyo/ros2_ws/src/system_monitor': PYTHONPATH=/home/jyo/ros2_ws/build/system_monitor/prefix_override:/usr/lib/python3/dist-packages/colcon_core/task/python/colcon_distutils_commands:/home/jyo/ros2_ws/install/system_monitor/lib/python3.10/site-packages:${PYTHONPATH} /usr/bin/python3 -W ignore:setup.py install is deprecated -W ignore:easy_install command is deprecated setup.py egg_info --egg-base ../../build/system_monitor build --build-base /home/jyo/ros2_ws/build/system_monitor/build install --record /home/jyo/ros2_ws/build/system_monitor/install.log --single-version-externally-managed install_data
[1.975s] running egg_info
[1.976s] writing ../../build/system_monitor/system_monitor.egg-info/PKG-INFO
[1.977s] writing dependency_links to ../../build/system_monitor/system_monitor.egg-info/dependency_links.txt
[1.977s] writing entry points to ../../build/system_monitor/system_monitor.egg-info/entry_points.txt
[1.977s] writing requirements to ../../build/system_monitor/system_monitor.egg-info/requires.txt
[1.977s] writing top-level names to ../../build/system_monitor/system_monitor.egg-info/top_level.txt
[1.979s] reading manifest file '../../build/system_monitor/system_monitor.egg-info/SOURCES.txt'
[1.980s] writing manifest file '../../build/system_monitor/system_monitor.egg-info/SOURCES.txt'
[1.980s] running build
[1.981s] running build_py
[1.981s] copying system_monitor/system_monitor_node.py -> /home/jyo/ros2_ws/build/system_monitor/build/lib/system_monitor
[1.981s] running install
[1.981s] running install_lib
[1.983s] copying /home/jyo/ros2_ws/build/system_monitor/build/lib/system_monitor/system_monitor_node.py -> /home/jyo/ros2_ws/install/system_monitor/lib/python3.10/site-packages/system_monitor
[1.984s] byte-compiling /home/jyo/ros2_ws/install/system_monitor/lib/python3.10/site-packages/system_monitor/system_monitor_node.py to system_monitor_node.cpython-310.pyc
[1.985s] running install_data
[1.985s] running install_egg_info
[1.987s] removing '/home/jyo/ros2_ws/install/system_monitor/lib/python3.10/site-packages/system_monitor-0.0.0-py3.10.egg-info' (and everything under it)
[1.988s] Copying ../../build/system_monitor/system_monitor.egg-info to /home/jyo/ros2_ws/install/system_monitor/lib/python3.10/site-packages/system_monitor-0.0.0-py3.10.egg-info
[1.989s] running install_scripts
[2.013s] Installing frequency_monitor_node script to /home/jyo/ros2_ws/install/system_monitor/lib/system_monitor
[2.013s] Installing system_monitor_node script to /home/jyo/ros2_ws/install/system_monitor/lib/system_monitor
[2.013s] writing list of installed files to '/home/jyo/ros2_ws/build/system_monitor/install.log'
[2.051s] Invoked command in '/home/jyo/ros2_ws/src/system_monitor' returned '0': PYTHONPATH=/home/jyo/ros2_ws/build/system_monitor/prefix_override:/usr/lib/python3/dist-packages/colcon_core/task/python/colcon_distutils_commands:/home/jyo/ros2_ws/install/system_monitor/lib/python3.10/site-packages:${PYTHONPATH} /usr/bin/python3 -W ignore:setup.py install is deprecated -W ignore:easy_install command is deprecated setup.py egg_info --egg-base ../../build/system_monitor build --build-base /home/jyo/ros2_ws/build/system_monitor/build install --record /home/jyo/ros2_ws/build/system_monitor/install.log --single-version-externally-managed install_data
