[1.307s] Invoking command in '/home/jyo/ros2_ws/src/multi_camera_publisher': PYTHONPATH=/home/jyo/ros2_ws/build/multi_camera_publisher/prefix_override:/usr/lib/python3/dist-packages/colcon_core/task/python/colcon_distutils_commands:/home/jyo/ros2_ws/install/multi_camera_publisher/lib/python3.10/site-packages:${PYTHONPATH} /usr/bin/python3 -W ignore:setup.py install is deprecated -W ignore:easy_install command is deprecated setup.py egg_info --egg-base ../../build/multi_camera_publisher build --build-base /home/jyo/ros2_ws/build/multi_camera_publisher/build install --record /home/jyo/ros2_ws/build/multi_camera_publisher/install.log --single-version-externally-managed install_data
[1.617s] running egg_info
[1.618s] writing ../../build/multi_camera_publisher/multi_camera_publisher.egg-info/PKG-INFO
[1.619s] writing dependency_links to ../../build/multi_camera_publisher/multi_camera_publisher.egg-info/dependency_links.txt
[1.619s] writing entry points to ../../build/multi_camera_publisher/multi_camera_publisher.egg-info/entry_points.txt
[1.619s] writing requirements to ../../build/multi_camera_publisher/multi_camera_publisher.egg-info/requires.txt
[1.619s] writing top-level names to ../../build/multi_camera_publisher/multi_camera_publisher.egg-info/top_level.txt
[1.621s] reading manifest file '../../build/multi_camera_publisher/multi_camera_publisher.egg-info/SOURCES.txt'
[1.623s] writing manifest file '../../build/multi_camera_publisher/multi_camera_publisher.egg-info/SOURCES.txt'
[1.623s] running build
[1.623s] running build_py
[1.623s] copying multi_camera_publisher/multi_camera_publisher.py -> /home/jyo/ros2_ws/build/multi_camera_publisher/build/lib/multi_camera_publisher
[1.624s] running install
[1.624s] running install_lib
[1.625s] copying /home/jyo/ros2_ws/build/multi_camera_publisher/build/lib/multi_camera_publisher/multi_camera_publisher.py -> /home/jyo/ros2_ws/install/multi_camera_publisher/lib/python3.10/site-packages/multi_camera_publisher
[1.626s] byte-compiling /home/jyo/ros2_ws/install/multi_camera_publisher/lib/python3.10/site-packages/multi_camera_publisher/multi_camera_publisher.py to multi_camera_publisher.cpython-310.pyc
[1.627s] running install_data
[1.628s] running install_egg_info
[1.629s] removing '/home/jyo/ros2_ws/install/multi_camera_publisher/lib/python3.10/site-packages/multi_camera_publisher-0.1.0-py3.10.egg-info' (and everything under it)
[1.630s] Copying ../../build/multi_camera_publisher/multi_camera_publisher.egg-info to /home/jyo/ros2_ws/install/multi_camera_publisher/lib/python3.10/site-packages/multi_camera_publisher-0.1.0-py3.10.egg-info
[1.631s] running install_scripts
[1.659s] Installing multi_camera_publisher script to /home/jyo/ros2_ws/install/multi_camera_publisher/lib/multi_camera_publisher
[1.659s] writing list of installed files to '/home/jyo/ros2_ws/build/multi_camera_publisher/install.log'
[1.694s] Invoked command in '/home/jyo/ros2_ws/src/multi_camera_publisher' returned '0': PYTHONPATH=/home/jyo/ros2_ws/build/multi_camera_publisher/prefix_override:/usr/lib/python3/dist-packages/colcon_core/task/python/colcon_distutils_commands:/home/jyo/ros2_ws/install/multi_camera_publisher/lib/python3.10/site-packages:${PYTHONPATH} /usr/bin/python3 -W ignore:setup.py install is deprecated -W ignore:easy_install command is deprecated setup.py egg_info --egg-base ../../build/multi_camera_publisher build --build-base /home/jyo/ros2_ws/build/multi_camera_publisher/build install --record /home/jyo/ros2_ws/build/multi_camera_publisher/install.log --single-version-externally-managed install_data
