running egg_info
creating ../../build/multi_camera_pkg/multi_camera_pkg.egg-info
writing ../../build/multi_camera_pkg/multi_camera_pkg.egg-info/PKG-INFO
writing dependency_links to ../../build/multi_camera_pkg/multi_camera_pkg.egg-info/dependency_links.txt
writing entry points to ../../build/multi_camera_pkg/multi_camera_pkg.egg-info/entry_points.txt
writing requirements to ../../build/multi_camera_pkg/multi_camera_pkg.egg-info/requires.txt
writing top-level names to ../../build/multi_camera_pkg/multi_camera_pkg.egg-info/top_level.txt
writing manifest file '../../build/multi_camera_pkg/multi_camera_pkg.egg-info/SOURCES.txt'
reading manifest file '../../build/multi_camera_pkg/multi_camera_pkg.egg-info/SOURCES.txt'
writing manifest file '../../build/multi_camera_pkg/multi_camera_pkg.egg-info/SOURCES.txt'
running build
running build_py
creating /home/jyo/ros2_ws/build/multi_camera_pkg/build
creating /home/jyo/ros2_ws/build/multi_camera_pkg/build/lib
creating /home/jyo/ros2_ws/build/multi_camera_pkg/build/lib/multi_camera_pkg
copying multi_camera_pkg/multi_camera_publisher.py -> /home/jyo/ros2_ws/build/multi_camera_pkg/build/lib/multi_camera_pkg
copying multi_camera_pkg/__init__.py -> /home/jyo/ros2_ws/build/multi_camera_pkg/build/lib/multi_camera_pkg
running install
running install_lib
creating /home/jyo/ros2_ws/install/multi_camera_pkg/lib/python3.10/site-packages/multi_camera_pkg
copying /home/jyo/ros2_ws/build/multi_camera_pkg/build/lib/multi_camera_pkg/multi_camera_publisher.py -> /home/jyo/ros2_ws/install/multi_camera_pkg/lib/python3.10/site-packages/multi_camera_pkg
copying /home/jyo/ros2_ws/build/multi_camera_pkg/build/lib/multi_camera_pkg/__init__.py -> /home/jyo/ros2_ws/install/multi_camera_pkg/lib/python3.10/site-packages/multi_camera_pkg
byte-compiling /home/jyo/ros2_ws/install/multi_camera_pkg/lib/python3.10/site-packages/multi_camera_pkg/multi_camera_publisher.py to multi_camera_publisher.cpython-310.pyc
byte-compiling /home/jyo/ros2_ws/install/multi_camera_pkg/lib/python3.10/site-packages/multi_camera_pkg/__init__.py to __init__.cpython-310.pyc
running install_data
creating /home/jyo/ros2_ws/install/multi_camera_pkg/share/ament_index
creating /home/jyo/ros2_ws/install/multi_camera_pkg/share/ament_index/resource_index
creating /home/jyo/ros2_ws/install/multi_camera_pkg/share/ament_index/resource_index/packages
copying resource/multi_camera_pkg -> /home/jyo/ros2_ws/install/multi_camera_pkg/share/ament_index/resource_index/packages
copying package.xml -> /home/jyo/ros2_ws/install/multi_camera_pkg/share/multi_camera_pkg
running install_egg_info
Copying ../../build/multi_camera_pkg/multi_camera_pkg.egg-info to /home/jyo/ros2_ws/install/multi_camera_pkg/lib/python3.10/site-packages/multi_camera_pkg-0.0.0-py3.10.egg-info
running install_scripts
Installing multi_camera_publisher script to /home/jyo/ros2_ws/install/multi_camera_pkg/lib/multi_camera_pkg
writing list of installed files to '/home/jyo/ros2_ws/build/multi_camera_pkg/install.log'
