[2.379s] Invoking command in '/home/jyo/ros2_ws/src/multi_camera_pkg': PYTHONPATH=/home/jyo/ros2_ws/build/multi_camera_pkg/prefix_override:/usr/lib/python3/dist-packages/colcon_core/task/python/colcon_distutils_commands:/home/jyo/ros2_ws/install/multi_camera_pkg/lib/python3.10/site-packages:${PYTHONPATH} /usr/bin/python3 -W ignore:setup.py install is deprecated -W ignore:easy_install command is deprecated setup.py egg_info --egg-base ../../build/multi_camera_pkg build --build-base /home/jyo/ros2_ws/build/multi_camera_pkg/build install --record /home/jyo/ros2_ws/build/multi_camera_pkg/install.log --single-version-externally-managed install_data
[2.723s] running egg_info
[2.724s] writing ../../build/multi_camera_pkg/multi_camera_pkg.egg-info/PKG-INFO
[2.725s] writing dependency_links to ../../build/multi_camera_pkg/multi_camera_pkg.egg-info/dependency_links.txt
[2.725s] writing entry points to ../../build/multi_camera_pkg/multi_camera_pkg.egg-info/entry_points.txt
[2.726s] writing requirements to ../../build/multi_camera_pkg/multi_camera_pkg.egg-info/requires.txt
[2.726s] writing top-level names to ../../build/multi_camera_pkg/multi_camera_pkg.egg-info/top_level.txt
[2.728s] reading manifest file '../../build/multi_camera_pkg/multi_camera_pkg.egg-info/SOURCES.txt'
[2.730s] writing manifest file '../../build/multi_camera_pkg/multi_camera_pkg.egg-info/SOURCES.txt'
[2.730s] running build
[2.730s] running build_py
[2.732s] copying multi_camera_pkg/multi_camera_publisher.py -> /home/jyo/ros2_ws/build/multi_camera_pkg/build/lib/multi_camera_pkg
[2.732s] running install
[2.733s] running install_lib
[2.735s] copying /home/jyo/ros2_ws/build/multi_camera_pkg/build/lib/multi_camera_pkg/multi_camera_publisher.py -> /home/jyo/ros2_ws/install/multi_camera_pkg/lib/python3.10/site-packages/multi_camera_pkg
[2.737s] byte-compiling /home/jyo/ros2_ws/install/multi_camera_pkg/lib/python3.10/site-packages/multi_camera_pkg/multi_camera_publisher.py to multi_camera_publisher.cpython-310.pyc
[2.739s] running install_data
[2.739s] running install_egg_info
[2.742s] removing '/home/jyo/ros2_ws/install/multi_camera_pkg/lib/python3.10/site-packages/multi_camera_pkg-0.0.0-py3.10.egg-info' (and everything under it)
[2.742s] Copying ../../build/multi_camera_pkg/multi_camera_pkg.egg-info to /home/jyo/ros2_ws/install/multi_camera_pkg/lib/python3.10/site-packages/multi_camera_pkg-0.0.0-py3.10.egg-info
[2.744s] running install_scripts
[2.774s] Installing multi_camera_publisher script to /home/jyo/ros2_ws/install/multi_camera_pkg/lib/multi_camera_pkg
[2.775s] writing list of installed files to '/home/jyo/ros2_ws/build/multi_camera_pkg/install.log'
[2.825s] Invoked command in '/home/jyo/ros2_ws/src/multi_camera_pkg' returned '0': PYTHONPATH=/home/jyo/ros2_ws/build/multi_camera_pkg/prefix_override:/usr/lib/python3/dist-packages/colcon_core/task/python/colcon_distutils_commands:/home/jyo/ros2_ws/install/multi_camera_pkg/lib/python3.10/site-packages:${PYTHONPATH} /usr/bin/python3 -W ignore:setup.py install is deprecated -W ignore:easy_install command is deprecated setup.py egg_info --egg-base ../../build/multi_camera_pkg build --build-base /home/jyo/ros2_ws/build/multi_camera_pkg/build install --record /home/jyo/ros2_ws/build/multi_camera_pkg/install.log --single-version-externally-managed install_data
