[0.163s] DEBUG:colcon:Command line arguments: ['/usr/bin/colcon', 'build', '--packages-select', 'cart_control']
[0.163s] DEBUG:colcon:Parsed command line arguments: Namespace(log_base=None, log_level=None, verb_name='build', build_base='build', install_base='install', merge_install=False, symlink_install=False, test_result_base=None, continue_on_error=False, executor='parallel', parallel_workers=12, event_handlers=None, ignore_user_meta=False, metas=['./colcon.meta'], base_paths=['.'], packages_ignore=None, packages_ignore_regex=None, paths=None, packages_up_to=None, packages_up_to_regex=None, packages_above=None, packages_above_and_dependencies=None, packages_above_depth=None, packages_select_by_dep=None, packages_skip_by_dep=None, packages_skip_up_to=None, packages_select_build_failed=False, packages_skip_build_finished=False, packages_select_test_failures=False, packages_skip_test_passed=False, packages_select=['cart_control'], packages_skip=None, packages_select_regex=None, packages_skip_regex=None, packages_start=None, packages_end=None, allow_overriding=[], cmake_args=None, cmake_target=None, cmake_target_skip_unavailable=False, cmake_clean_cache=False, cmake_clean_first=False, cmake_force_configure=False, ament_cmake_args=None, catkin_cmake_args=None, catkin_skip_building_tests=False, verb_parser=<colcon_defaults.argument_parser.defaults.DefaultArgumentsDecorator object at 0x7340c16395d0>, verb_extension=<colcon_core.verb.build.BuildVerb object at 0x7340c17569e0>, main=<bound method BuildVerb.main of <colcon_core.verb.build.BuildVerb object at 0x7340c17569e0>>)
[0.413s] Level 1:colcon.colcon_core.package_discovery:discover_packages(colcon_meta) check parameters
[0.414s] Level 1:colcon.colcon_core.package_discovery:discover_packages(recursive) check parameters
[0.414s] Level 1:colcon.colcon_core.package_discovery:discover_packages(ignore) check parameters
[0.414s] Level 1:colcon.colcon_core.package_discovery:discover_packages(path) check parameters
[0.414s] Level 1:colcon.colcon_core.package_discovery:discover_packages(colcon_meta) discover
[0.414s] Level 1:colcon.colcon_core.package_discovery:discover_packages(recursive) discover
[0.414s] INFO:colcon.colcon_core.package_discovery:Crawling recursively for packages in '/home/jyo/ros2_ws'
[0.414s] Level 1:colcon.colcon_core.package_identification:_identify(.) by extensions ['ignore', 'ignore_ament_install']
[0.415s] Level 1:colcon.colcon_core.package_identification:_identify(.) by extension 'ignore'
[0.415s] Level 1:colcon.colcon_core.package_identification:_identify(.) by extension 'ignore_ament_install'
[0.416s] Level 1:colcon.colcon_core.package_identification:_identify(.) by extensions ['colcon_pkg']
[0.416s] Level 1:colcon.colcon_core.package_identification:_identify(.) by extension 'colcon_pkg'
[0.416s] Level 1:colcon.colcon_core.package_identification:_identify(.) by extensions ['colcon_meta']
[0.416s] Level 1:colcon.colcon_core.package_identification:_identify(.) by extension 'colcon_meta'
[0.416s] Level 1:colcon.colcon_core.package_identification:_identify(.) by extensions ['ros']
[0.416s] Level 1:colcon.colcon_core.package_identification:_identify(.) by extension 'ros'
[0.432s] Level 1:colcon.colcon_core.package_identification:_identify(.) by extensions ['cmake', 'python']
[0.432s] Level 1:colcon.colcon_core.package_identification:_identify(.) by extension 'cmake'
[0.432s] Level 1:colcon.colcon_core.package_identification:_identify(.) by extension 'python'
[0.432s] Level 1:colcon.colcon_core.package_identification:_identify(.) by extensions ['python_setup_py']
[0.432s] Level 1:colcon.colcon_core.package_identification:_identify(.) by extension 'python_setup_py'
[0.432s] Level 1:colcon.colcon_core.package_identification:_identify(build) by extensions ['ignore', 'ignore_ament_install']
[0.432s] Level 1:colcon.colcon_core.package_identification:_identify(build) by extension 'ignore'
[0.433s] Level 1:colcon.colcon_core.package_identification:_identify(build) ignored
[0.433s] Level 1:colcon.colcon_core.package_identification:_identify(install) by extensions ['ignore', 'ignore_ament_install']
[0.433s] Level 1:colcon.colcon_core.package_identification:_identify(install) by extension 'ignore'
[0.433s] Level 1:colcon.colcon_core.package_identification:_identify(install) ignored
[0.433s] Level 1:colcon.colcon_core.package_identification:_identify(log) by extensions ['ignore', 'ignore_ament_install']
[0.433s] Level 1:colcon.colcon_core.package_identification:_identify(log) by extension 'ignore'
[0.433s] Level 1:colcon.colcon_core.package_identification:_identify(log) ignored
[0.433s] Level 1:colcon.colcon_core.package_identification:_identify(parameters) by extensions ['ignore', 'ignore_ament_install']
[0.433s] Level 1:colcon.colcon_core.package_identification:_identify(parameters) by extension 'ignore'
[0.433s] Level 1:colcon.colcon_core.package_identification:_identify(parameters) by extension 'ignore_ament_install'
[0.434s] Level 1:colcon.colcon_core.package_identification:_identify(parameters) by extensions ['colcon_pkg']
[0.434s] Level 1:colcon.colcon_core.package_identification:_identify(parameters) by extension 'colcon_pkg'
[0.434s] Level 1:colcon.colcon_core.package_identification:_identify(parameters) by extensions ['colcon_meta']
[0.434s] Level 1:colcon.colcon_core.package_identification:_identify(parameters) by extension 'colcon_meta'
[0.434s] Level 1:colcon.colcon_core.package_identification:_identify(parameters) by extensions ['ros']
[0.434s] Level 1:colcon.colcon_core.package_identification:_identify(parameters) by extension 'ros'
[0.434s] Level 1:colcon.colcon_core.package_identification:_identify(parameters) by extensions ['cmake', 'python']
[0.434s] Level 1:colcon.colcon_core.package_identification:_identify(parameters) by extension 'cmake'
[0.434s] Level 1:colcon.colcon_core.package_identification:_identify(parameters) by extension 'python'
[0.434s] Level 1:colcon.colcon_core.package_identification:_identify(parameters) by extensions ['python_setup_py']
[0.434s] Level 1:colcon.colcon_core.package_identification:_identify(parameters) by extension 'python_setup_py'
[0.434s] Level 1:colcon.colcon_core.package_identification:_identify(src) by extensions ['ignore', 'ignore_ament_install']
[0.434s] Level 1:colcon.colcon_core.package_identification:_identify(src) by extension 'ignore'
[0.434s] Level 1:colcon.colcon_core.package_identification:_identify(src) by extension 'ignore_ament_install'
[0.434s] Level 1:colcon.colcon_core.package_identification:_identify(src) by extensions ['colcon_pkg']
[0.434s] Level 1:colcon.colcon_core.package_identification:_identify(src) by extension 'colcon_pkg'
[0.434s] Level 1:colcon.colcon_core.package_identification:_identify(src) by extensions ['colcon_meta']
[0.435s] Level 1:colcon.colcon_core.package_identification:_identify(src) by extension 'colcon_meta'
[0.435s] Level 1:colcon.colcon_core.package_identification:_identify(src) by extensions ['ros']
[0.435s] Level 1:colcon.colcon_core.package_identification:_identify(src) by extension 'ros'
[0.435s] Level 1:colcon.colcon_core.package_identification:_identify(src) by extensions ['cmake', 'python']
[0.435s] Level 1:colcon.colcon_core.package_identification:_identify(src) by extension 'cmake'
[0.435s] Level 1:colcon.colcon_core.package_identification:_identify(src) by extension 'python'
[0.435s] Level 1:colcon.colcon_core.package_identification:_identify(src) by extensions ['python_setup_py']
[0.435s] Level 1:colcon.colcon_core.package_identification:_identify(src) by extension 'python_setup_py'
[0.435s] Level 1:colcon.colcon_core.package_identification:_identify(src/battery_monitor) by extensions ['ignore', 'ignore_ament_install']
[0.435s] Level 1:colcon.colcon_core.package_identification:_identify(src/battery_monitor) by extension 'ignore'
[0.435s] Level 1:colcon.colcon_core.package_identification:_identify(src/battery_monitor) by extension 'ignore_ament_install'
[0.435s] Level 1:colcon.colcon_core.package_identification:_identify(src/battery_monitor) by extensions ['colcon_pkg']
[0.435s] Level 1:colcon.colcon_core.package_identification:_identify(src/battery_monitor) by extension 'colcon_pkg'
[0.435s] Level 1:colcon.colcon_core.package_identification:_identify(src/battery_monitor) by extensions ['colcon_meta']
[0.435s] Level 1:colcon.colcon_core.package_identification:_identify(src/battery_monitor) by extension 'colcon_meta'
[0.435s] Level 1:colcon.colcon_core.package_identification:_identify(src/battery_monitor) by extensions ['ros']
[0.435s] Level 1:colcon.colcon_core.package_identification:_identify(src/battery_monitor) by extension 'ros'
[0.439s] DEBUG:colcon.colcon_core.package_identification:Package 'src/battery_monitor' with type 'ros.ament_python' and name 'battery_monitor'
[0.439s] Level 1:colcon.colcon_core.package_identification:_identify(src/cart_control) by extensions ['ignore', 'ignore_ament_install']
[0.440s] Level 1:colcon.colcon_core.package_identification:_identify(src/cart_control) by extension 'ignore'
[0.440s] Level 1:colcon.colcon_core.package_identification:_identify(src/cart_control) by extension 'ignore_ament_install'
[0.440s] Level 1:colcon.colcon_core.package_identification:_identify(src/cart_control) by extensions ['colcon_pkg']
[0.440s] Level 1:colcon.colcon_core.package_identification:_identify(src/cart_control) by extension 'colcon_pkg'
[0.440s] Level 1:colcon.colcon_core.package_identification:_identify(src/cart_control) by extensions ['colcon_meta']
[0.440s] Level 1:colcon.colcon_core.package_identification:_identify(src/cart_control) by extension 'colcon_meta'
[0.440s] Level 1:colcon.colcon_core.package_identification:_identify(src/cart_control) by extensions ['ros']
[0.440s] Level 1:colcon.colcon_core.package_identification:_identify(src/cart_control) by extension 'ros'
[0.441s] DEBUG:colcon.colcon_core.package_identification:Package 'src/cart_control' with type 'ros.ament_python' and name 'cart_control'
[0.441s] Level 1:colcon.colcon_core.package_identification:_identify(src/daemon) by extensions ['ignore', 'ignore_ament_install']
[0.441s] Level 1:colcon.colcon_core.package_identification:_identify(src/daemon) by extension 'ignore'
[0.441s] Level 1:colcon.colcon_core.package_identification:_identify(src/daemon) by extension 'ignore_ament_install'
[0.441s] Level 1:colcon.colcon_core.package_identification:_identify(src/daemon) by extensions ['colcon_pkg']
[0.441s] Level 1:colcon.colcon_core.package_identification:_identify(src/daemon) by extension 'colcon_pkg'
[0.441s] Level 1:colcon.colcon_core.package_identification:_identify(src/daemon) by extensions ['colcon_meta']
[0.441s] Level 1:colcon.colcon_core.package_identification:_identify(src/daemon) by extension 'colcon_meta'
[0.441s] Level 1:colcon.colcon_core.package_identification:_identify(src/daemon) by extensions ['ros']
[0.441s] Level 1:colcon.colcon_core.package_identification:_identify(src/daemon) by extension 'ros'
[0.442s] DEBUG:colcon.colcon_core.package_identification:Package 'src/daemon' with type 'ros.ament_cmake' and name 'daemon'
[0.442s] Level 1:colcon.colcon_core.package_identification:_identify(src/log) by extensions ['ignore', 'ignore_ament_install']
[0.442s] Level 1:colcon.colcon_core.package_identification:_identify(src/log) by extension 'ignore'
[0.443s] Level 1:colcon.colcon_core.package_identification:_identify(src/log) by extension 'ignore_ament_install'
[0.443s] Level 1:colcon.colcon_core.package_identification:_identify(src/log) by extensions ['colcon_pkg']
[0.443s] Level 1:colcon.colcon_core.package_identification:_identify(src/log) by extension 'colcon_pkg'
[0.443s] Level 1:colcon.colcon_core.package_identification:_identify(src/log) by extensions ['colcon_meta']
[0.443s] Level 1:colcon.colcon_core.package_identification:_identify(src/log) by extension 'colcon_meta'
[0.443s] Level 1:colcon.colcon_core.package_identification:_identify(src/log) by extensions ['ros']
[0.443s] Level 1:colcon.colcon_core.package_identification:_identify(src/log) by extension 'ros'
[0.443s] Level 1:colcon.colcon_core.package_identification:_identify(src/log) by extensions ['cmake', 'python']
[0.443s] Level 1:colcon.colcon_core.package_identification:_identify(src/log) by extension 'cmake'
[0.443s] Level 1:colcon.colcon_core.package_identification:_identify(src/log) by extension 'python'
[0.443s] Level 1:colcon.colcon_core.package_identification:_identify(src/log) by extensions ['python_setup_py']
[0.443s] Level 1:colcon.colcon_core.package_identification:_identify(src/log) by extension 'python_setup_py'
[0.443s] Level 1:colcon.colcon_core.package_identification:_identify(src/multi_camera_publisher) by extensions ['ignore', 'ignore_ament_install']
[0.443s] Level 1:colcon.colcon_core.package_identification:_identify(src/multi_camera_publisher) by extension 'ignore'
[0.443s] Level 1:colcon.colcon_core.package_identification:_identify(src/multi_camera_publisher) by extension 'ignore_ament_install'
[0.443s] Level 1:colcon.colcon_core.package_identification:_identify(src/multi_camera_publisher) by extensions ['colcon_pkg']
[0.444s] Level 1:colcon.colcon_core.package_identification:_identify(src/multi_camera_publisher) by extension 'colcon_pkg'
[0.444s] Level 1:colcon.colcon_core.package_identification:_identify(src/multi_camera_publisher) by extensions ['colcon_meta']
[0.444s] Level 1:colcon.colcon_core.package_identification:_identify(src/multi_camera_publisher) by extension 'colcon_meta'
[0.444s] Level 1:colcon.colcon_core.package_identification:_identify(src/multi_camera_publisher) by extensions ['ros']
[0.444s] Level 1:colcon.colcon_core.package_identification:_identify(src/multi_camera_publisher) by extension 'ros'
[0.445s] DEBUG:colcon.colcon_core.package_identification:Package 'src/multi_camera_publisher' with type 'ros.ament_python' and name 'multi_camera_publisher'
[0.445s] Level 1:colcon.colcon_core.package_identification:_identify(src/parameters) by extensions ['ignore', 'ignore_ament_install']
[0.445s] Level 1:colcon.colcon_core.package_identification:_identify(src/parameters) by extension 'ignore'
[0.445s] Level 1:colcon.colcon_core.package_identification:_identify(src/parameters) by extension 'ignore_ament_install'
[0.445s] Level 1:colcon.colcon_core.package_identification:_identify(src/parameters) by extensions ['colcon_pkg']
[0.445s] Level 1:colcon.colcon_core.package_identification:_identify(src/parameters) by extension 'colcon_pkg'
[0.445s] Level 1:colcon.colcon_core.package_identification:_identify(src/parameters) by extensions ['colcon_meta']
[0.445s] Level 1:colcon.colcon_core.package_identification:_identify(src/parameters) by extension 'colcon_meta'
[0.445s] Level 1:colcon.colcon_core.package_identification:_identify(src/parameters) by extensions ['ros']
[0.445s] Level 1:colcon.colcon_core.package_identification:_identify(src/parameters) by extension 'ros'
[0.445s] Level 1:colcon.colcon_core.package_identification:_identify(src/parameters) by extensions ['cmake', 'python']
[0.446s] Level 1:colcon.colcon_core.package_identification:_identify(src/parameters) by extension 'cmake'
[0.446s] Level 1:colcon.colcon_core.package_identification:_identify(src/parameters) by extension 'python'
[0.446s] Level 1:colcon.colcon_core.package_identification:_identify(src/parameters) by extensions ['python_setup_py']
[0.446s] Level 1:colcon.colcon_core.package_identification:_identify(src/parameters) by extension 'python_setup_py'
[0.446s] Level 1:colcon.colcon_core.package_identification:_identify(src/rosbag_control) by extensions ['ignore', 'ignore_ament_install']
[0.446s] Level 1:colcon.colcon_core.package_identification:_identify(src/rosbag_control) by extension 'ignore'
[0.446s] Level 1:colcon.colcon_core.package_identification:_identify(src/rosbag_control) by extension 'ignore_ament_install'
[0.446s] Level 1:colcon.colcon_core.package_identification:_identify(src/rosbag_control) by extensions ['colcon_pkg']
[0.446s] Level 1:colcon.colcon_core.package_identification:_identify(src/rosbag_control) by extension 'colcon_pkg'
[0.446s] Level 1:colcon.colcon_core.package_identification:_identify(src/rosbag_control) by extensions ['colcon_meta']
[0.446s] Level 1:colcon.colcon_core.package_identification:_identify(src/rosbag_control) by extension 'colcon_meta'
[0.446s] Level 1:colcon.colcon_core.package_identification:_identify(src/rosbag_control) by extensions ['ros']
[0.446s] Level 1:colcon.colcon_core.package_identification:_identify(src/rosbag_control) by extension 'ros'
[0.447s] DEBUG:colcon.colcon_core.package_identification:Package 'src/rosbag_control' with type 'ros.ament_python' and name 'rosbag_control'
[0.447s] Level 1:colcon.colcon_core.package_identification:_identify(src/system_monitor) by extensions ['ignore', 'ignore_ament_install']
[0.448s] Level 1:colcon.colcon_core.package_identification:_identify(src/system_monitor) by extension 'ignore'
[0.448s] Level 1:colcon.colcon_core.package_identification:_identify(src/system_monitor) by extension 'ignore_ament_install'
[0.448s] Level 1:colcon.colcon_core.package_identification:_identify(src/system_monitor) by extensions ['colcon_pkg']
[0.448s] Level 1:colcon.colcon_core.package_identification:_identify(src/system_monitor) by extension 'colcon_pkg'
[0.448s] Level 1:colcon.colcon_core.package_identification:_identify(src/system_monitor) by extensions ['colcon_meta']
[0.448s] Level 1:colcon.colcon_core.package_identification:_identify(src/system_monitor) by extension 'colcon_meta'
[0.448s] Level 1:colcon.colcon_core.package_identification:_identify(src/system_monitor) by extensions ['ros']
[0.448s] Level 1:colcon.colcon_core.package_identification:_identify(src/system_monitor) by extension 'ros'
[0.449s] DEBUG:colcon.colcon_core.package_identification:Package 'src/system_monitor' with type 'ros.ament_python' and name 'system_monitor'
[0.449s] Level 1:colcon.colcon_core.package_identification:_identify(web_ui) by extensions ['ignore', 'ignore_ament_install']
[0.449s] Level 1:colcon.colcon_core.package_identification:_identify(web_ui) by extension 'ignore'
[0.449s] Level 1:colcon.colcon_core.package_identification:_identify(web_ui) by extension 'ignore_ament_install'
[0.449s] Level 1:colcon.colcon_core.package_identification:_identify(web_ui) by extensions ['colcon_pkg']
[0.449s] Level 1:colcon.colcon_core.package_identification:_identify(web_ui) by extension 'colcon_pkg'
[0.449s] Level 1:colcon.colcon_core.package_identification:_identify(web_ui) by extensions ['colcon_meta']
[0.449s] Level 1:colcon.colcon_core.package_identification:_identify(web_ui) by extension 'colcon_meta'
[0.449s] Level 1:colcon.colcon_core.package_identification:_identify(web_ui) by extensions ['ros']
[0.449s] Level 1:colcon.colcon_core.package_identification:_identify(web_ui) by extension 'ros'
[0.449s] Level 1:colcon.colcon_core.package_identification:_identify(web_ui) by extensions ['cmake', 'python']
[0.449s] Level 1:colcon.colcon_core.package_identification:_identify(web_ui) by extension 'cmake'
[0.449s] Level 1:colcon.colcon_core.package_identification:_identify(web_ui) by extension 'python'
[0.450s] Level 1:colcon.colcon_core.package_identification:_identify(web_ui) by extensions ['python_setup_py']
[0.450s] Level 1:colcon.colcon_core.package_identification:_identify(web_ui) by extension 'python_setup_py'
[0.450s] Level 1:colcon.colcon_core.package_discovery:discover_packages(recursive) using defaults
[0.450s] Level 1:colcon.colcon_core.package_discovery:discover_packages(ignore) discover
[0.450s] Level 1:colcon.colcon_core.package_discovery:discover_packages(ignore) using defaults
[0.450s] Level 1:colcon.colcon_core.package_discovery:discover_packages(path) discover
[0.450s] Level 1:colcon.colcon_core.package_discovery:discover_packages(path) using defaults
[0.514s] INFO:colcon.colcon_core.package_selection:Skipping not selected package 'battery_monitor' in 'src/battery_monitor'
[0.514s] INFO:colcon.colcon_core.package_selection:Skipping not selected package 'daemon' in 'src/daemon'
[0.514s] INFO:colcon.colcon_core.package_selection:Skipping not selected package 'multi_camera_publisher' in 'src/multi_camera_publisher'
[0.514s] INFO:colcon.colcon_core.package_selection:Skipping not selected package 'rosbag_control' in 'src/rosbag_control'
[0.514s] INFO:colcon.colcon_core.package_selection:Skipping not selected package 'system_monitor' in 'src/system_monitor'
[0.515s] Level 1:colcon.colcon_core.package_discovery:discover_packages(prefix_path) check parameters
[0.515s] Level 1:colcon.colcon_core.package_discovery:discover_packages(prefix_path) discover
[0.518s] DEBUG:colcon.colcon_installed_package_information.package_discovery:Found 6 installed packages in /home/jyo/ros2_ws/install
[0.518s] DEBUG:colcon.colcon_installed_package_information.package_discovery:Found 1 installed packages in /home/jyo/projects/ydlidar_ros2_ws/install
[0.519s] DEBUG:colcon.colcon_installed_package_information.package_discovery:Found 2 installed packages in /home/jyo/projects/ouster-ros-ws/install
[0.521s] DEBUG:colcon.colcon_installed_package_information.package_discovery:Found 281 installed packages in /opt/ros/humble
[0.523s] Level 1:colcon.colcon_core.package_discovery:discover_packages(prefix_path) using defaults
[0.577s] Level 5:colcon.colcon_core.verb:set package 'cart_control' build argument 'cmake_args' from command line to 'None'
[0.577s] Level 5:colcon.colcon_core.verb:set package 'cart_control' build argument 'cmake_target' from command line to 'None'
[0.578s] Level 5:colcon.colcon_core.verb:set package 'cart_control' build argument 'cmake_target_skip_unavailable' from command line to 'False'
[0.578s] Level 5:colcon.colcon_core.verb:set package 'cart_control' build argument 'cmake_clean_cache' from command line to 'False'
[0.578s] Level 5:colcon.colcon_core.verb:set package 'cart_control' build argument 'cmake_clean_first' from command line to 'False'
[0.578s] Level 5:colcon.colcon_core.verb:set package 'cart_control' build argument 'cmake_force_configure' from command line to 'False'
[0.578s] Level 5:colcon.colcon_core.verb:set package 'cart_control' build argument 'ament_cmake_args' from command line to 'None'
[0.578s] Level 5:colcon.colcon_core.verb:set package 'cart_control' build argument 'catkin_cmake_args' from command line to 'None'
[0.578s] Level 5:colcon.colcon_core.verb:set package 'cart_control' build argument 'catkin_skip_building_tests' from command line to 'False'
[0.578s] DEBUG:colcon.colcon_core.verb:Building package 'cart_control' with the following arguments: {'ament_cmake_args': None, 'build_base': '/home/jyo/ros2_ws/build/cart_control', 'catkin_cmake_args': None, 'catkin_skip_building_tests': False, 'cmake_args': None, 'cmake_clean_cache': False, 'cmake_clean_first': False, 'cmake_force_configure': False, 'cmake_target': None, 'cmake_target_skip_unavailable': False, 'install_base': '/home/jyo/ros2_ws/install/cart_control', 'merge_install': False, 'path': '/home/jyo/ros2_ws/src/cart_control', 'symlink_install': False, 'test_result_base': None}
[0.578s] INFO:colcon.colcon_core.executor:Executing jobs using 'parallel' executor
[0.580s] DEBUG:colcon.colcon_parallel_executor.executor.parallel:run_until_complete
[0.580s] INFO:colcon.colcon_ros.task.ament_python.build:Building ROS package in '/home/jyo/ros2_ws/src/cart_control' with build type 'ament_python'
[0.581s] Level 1:colcon.colcon_core.shell:create_environment_hook('cart_control', 'ament_prefix_path')
[0.584s] INFO:colcon.colcon_core.plugin_system:Skipping extension 'colcon_core.shell.bat': Not used on non-Windows systems
[0.584s] INFO:colcon.colcon_core.shell:Creating environment hook '/home/jyo/ros2_ws/install/cart_control/share/cart_control/hook/ament_prefix_path.ps1'
[0.585s] INFO:colcon.colcon_core.shell:Creating environment descriptor '/home/jyo/ros2_ws/install/cart_control/share/cart_control/hook/ament_prefix_path.dsv'
[0.586s] INFO:colcon.colcon_core.shell:Creating environment hook '/home/jyo/ros2_ws/install/cart_control/share/cart_control/hook/ament_prefix_path.sh'
[0.587s] INFO:colcon.colcon_core.shell:Skip shell extension 'powershell' for command environment: Not usable outside of PowerShell
[0.588s] DEBUG:colcon.colcon_core.shell:Skip shell extension 'dsv' for command environment
[0.964s] WARNING:colcon.colcon_ros.task.ament_python.build:Package 'cart_control' doesn't explicitly install a marker in the package index (colcon-ros currently does it implicitly but that fallback will be removed in the future)
[0.964s] INFO:colcon.colcon_core.task.python.build:Building Python package in '/home/jyo/ros2_ws/src/cart_control'
[0.964s] INFO:colcon.colcon_core.shell:Skip shell extension 'powershell' for command environment: Not usable outside of PowerShell
[0.964s] DEBUG:colcon.colcon_core.shell:Skip shell extension 'dsv' for command environment
[1.512s] DEBUG:colcon.colcon_core.event_handler.log_command:Invoking command in '/home/jyo/ros2_ws/src/cart_control': PYTHONPATH=/home/jyo/ros2_ws/build/cart_control/prefix_override:/usr/lib/python3/dist-packages/colcon_core/task/python/colcon_distutils_commands:/home/jyo/ros2_ws/install/cart_control/lib/python3.10/site-packages:${PYTHONPATH} /usr/bin/python3 -W ignore:setup.py install is deprecated -W ignore:easy_install command is deprecated setup.py egg_info --egg-base ../../build/cart_control build --build-base /home/jyo/ros2_ws/build/cart_control/build install --record /home/jyo/ros2_ws/build/cart_control/install.log --single-version-externally-managed install_data
[1.920s] DEBUG:colcon.colcon_core.event_handler.log_command:Invoked command in '/home/jyo/ros2_ws/src/cart_control' returned '0': PYTHONPATH=/home/jyo/ros2_ws/build/cart_control/prefix_override:/usr/lib/python3/dist-packages/colcon_core/task/python/colcon_distutils_commands:/home/jyo/ros2_ws/install/cart_control/lib/python3.10/site-packages:${PYTHONPATH} /usr/bin/python3 -W ignore:setup.py install is deprecated -W ignore:easy_install command is deprecated setup.py egg_info --egg-base ../../build/cart_control build --build-base /home/jyo/ros2_ws/build/cart_control/build install --record /home/jyo/ros2_ws/build/cart_control/install.log --single-version-externally-managed install_data
[1.924s] Level 1:colcon.colcon_core.environment:checking '/home/jyo/ros2_ws/install/cart_control' for CMake module files
[1.924s] Level 1:colcon.colcon_core.environment:checking '/home/jyo/ros2_ws/install/cart_control' for CMake config files
[1.925s] Level 1:colcon.colcon_core.environment:checking '/home/jyo/ros2_ws/install/cart_control/lib'
[1.925s] Level 1:colcon.colcon_core.environment:checking '/home/jyo/ros2_ws/install/cart_control/bin'
[1.925s] Level 1:colcon.colcon_core.environment:checking '/home/jyo/ros2_ws/install/cart_control/lib/pkgconfig/cart_control.pc'
[1.926s] Level 1:colcon.colcon_core.environment:checking '/home/jyo/ros2_ws/install/cart_control/lib/python3.10/site-packages'
[1.926s] Level 1:colcon.colcon_core.shell:create_environment_hook('cart_control', 'pythonpath')
[1.926s] INFO:colcon.colcon_core.shell:Creating environment hook '/home/jyo/ros2_ws/install/cart_control/share/cart_control/hook/pythonpath.ps1'
[1.927s] INFO:colcon.colcon_core.shell:Creating environment descriptor '/home/jyo/ros2_ws/install/cart_control/share/cart_control/hook/pythonpath.dsv'
[1.927s] INFO:colcon.colcon_core.shell:Creating environment hook '/home/jyo/ros2_ws/install/cart_control/share/cart_control/hook/pythonpath.sh'
[1.928s] Level 1:colcon.colcon_core.environment:checking '/home/jyo/ros2_ws/install/cart_control/bin'
[1.928s] Level 1:colcon.colcon_core.environment:create_environment_scripts_only(cart_control)
[1.928s] INFO:colcon.colcon_core.shell:Creating package script '/home/jyo/ros2_ws/install/cart_control/share/cart_control/package.ps1'
[1.929s] INFO:colcon.colcon_core.shell:Creating package descriptor '/home/jyo/ros2_ws/install/cart_control/share/cart_control/package.dsv'
[1.930s] INFO:colcon.colcon_core.shell:Creating package script '/home/jyo/ros2_ws/install/cart_control/share/cart_control/package.sh'
[1.931s] INFO:colcon.colcon_core.shell:Creating package script '/home/jyo/ros2_ws/install/cart_control/share/cart_control/package.bash'
[1.932s] INFO:colcon.colcon_core.shell:Creating package script '/home/jyo/ros2_ws/install/cart_control/share/cart_control/package.zsh'
[1.933s] Level 1:colcon.colcon_core.environment:create_file_with_runtime_dependencies(/home/jyo/ros2_ws/install/cart_control/share/colcon-core/packages/cart_control)
[1.933s] DEBUG:colcon.colcon_parallel_executor.executor.parallel:closing loop
[1.934s] DEBUG:colcon.colcon_parallel_executor.executor.parallel:loop closed
[1.934s] DEBUG:colcon.colcon_parallel_executor.executor.parallel:run_until_complete finished with '0'
[1.934s] DEBUG:colcon.colcon_core.event_reactor:joining thread
[1.945s] INFO:colcon.colcon_core.plugin_system:Skipping extension 'colcon_notification.desktop_notification.terminal_notifier': Not used on non-Darwin systems
[1.945s] INFO:colcon.colcon_core.plugin_system:Skipping extension 'colcon_notification.desktop_notification.win32': Not used on non-Windows systems
[1.945s] INFO:colcon.colcon_notification.desktop_notification:Sending desktop notification using 'notify2'
[1.967s] DEBUG:colcon.colcon_core.event_reactor:joined thread
[1.968s] INFO:colcon.colcon_core.shell:Creating prefix script '/home/jyo/ros2_ws/install/local_setup.ps1'
[1.969s] INFO:colcon.colcon_core.shell:Creating prefix util module '/home/jyo/ros2_ws/install/_local_setup_util_ps1.py'
[1.971s] INFO:colcon.colcon_core.shell:Creating prefix chain script '/home/jyo/ros2_ws/install/setup.ps1'
[1.973s] INFO:colcon.colcon_core.shell:Creating prefix script '/home/jyo/ros2_ws/install/local_setup.sh'
[1.974s] INFO:colcon.colcon_core.shell:Creating prefix util module '/home/jyo/ros2_ws/install/_local_setup_util_sh.py'
[1.974s] INFO:colcon.colcon_core.shell:Creating prefix chain script '/home/jyo/ros2_ws/install/setup.sh'
[1.976s] INFO:colcon.colcon_core.shell:Creating prefix script '/home/jyo/ros2_ws/install/local_setup.bash'
[1.977s] INFO:colcon.colcon_core.shell:Creating prefix chain script '/home/jyo/ros2_ws/install/setup.bash'
[1.978s] INFO:colcon.colcon_core.shell:Creating prefix script '/home/jyo/ros2_ws/install/local_setup.zsh'
[1.979s] INFO:colcon.colcon_core.shell:Creating prefix chain script '/home/jyo/ros2_ws/install/setup.zsh'
