running egg_info
creating ../../build/rosbag_control/rosbag_control.egg-info
writing ../../build/rosbag_control/rosbag_control.egg-info/PKG-INFO
writing dependency_links to ../../build/rosbag_control/rosbag_control.egg-info/dependency_links.txt
writing entry points to ../../build/rosbag_control/rosbag_control.egg-info/entry_points.txt
writing requirements to ../../build/rosbag_control/rosbag_control.egg-info/requires.txt
writing top-level names to ../../build/rosbag_control/rosbag_control.egg-info/top_level.txt
writing manifest file '../../build/rosbag_control/rosbag_control.egg-info/SOURCES.txt'
reading manifest file '../../build/rosbag_control/rosbag_control.egg-info/SOURCES.txt'
writing manifest file '../../build/rosbag_control/rosbag_control.egg-info/SOURCES.txt'
running build
running build_py
creating /home/jyo/ros2_ws/build/rosbag_control/build
creating /home/jyo/ros2_ws/build/rosbag_control/build/lib
creating /home/jyo/ros2_ws/build/rosbag_control/build/lib/rosbag_control
copying rosbag_control/rosbag_control_node.py -> /home/jyo/ros2_ws/build/rosbag_control/build/lib/rosbag_control
copying rosbag_control/__init__.py -> /home/jyo/ros2_ws/build/rosbag_control/build/lib/rosbag_control
running install
running install_lib
creating /home/jyo/ros2_ws/install/rosbag_control/lib/python3.10/site-packages/rosbag_control
copying /home/jyo/ros2_ws/build/rosbag_control/build/lib/rosbag_control/rosbag_control_node.py -> /home/jyo/ros2_ws/install/rosbag_control/lib/python3.10/site-packages/rosbag_control
copying /home/jyo/ros2_ws/build/rosbag_control/build/lib/rosbag_control/__init__.py -> /home/jyo/ros2_ws/install/rosbag_control/lib/python3.10/site-packages/rosbag_control
byte-compiling /home/jyo/ros2_ws/install/rosbag_control/lib/python3.10/site-packages/rosbag_control/rosbag_control_node.py to rosbag_control_node.cpython-310.pyc
byte-compiling /home/jyo/ros2_ws/install/rosbag_control/lib/python3.10/site-packages/rosbag_control/__init__.py to __init__.cpython-310.pyc
running install_egg_info
Copying ../../build/rosbag_control/rosbag_control.egg-info to /home/jyo/ros2_ws/install/rosbag_control/lib/python3.10/site-packages/rosbag_control-0.0.0-py3.10.egg-info
running install_scripts
Installing rosbag_control_node script to /home/jyo/ros2_ws/install/rosbag_control/lib/rosbag_control
writing list of installed files to '/home/jyo/ros2_ws/build/rosbag_control/install.log'
