[0.620s] Invoking command in '/home/jyo/ros2_ws/src/system_monitor': PYTHONPATH=/home/jyo/ros2_ws/build/system_monitor/prefix_override:/usr/lib/python3/dist-packages/colcon_core/task/python/colcon_distutils_commands:/home/jyo/ros2_ws/install/system_monitor/lib/python3.10/site-packages:${PYTHONPATH} /usr/bin/python3 -W ignore:setup.py install is deprecated -W ignore:easy_install command is deprecated setup.py egg_info --egg-base ../../build/system_monitor build --build-base /home/jyo/ros2_ws/build/system_monitor/build install --record /home/jyo/ros2_ws/build/system_monitor/install.log --single-version-externally-managed install_data
[0.833s] running egg_info
[0.834s] writing ../../build/system_monitor/system_monitor.egg-info/PKG-INFO
[0.834s] writing dependency_links to ../../build/system_monitor/system_monitor.egg-info/dependency_links.txt
[0.834s] writing entry points to ../../build/system_monitor/system_monitor.egg-info/entry_points.txt
[0.834s] writing requirements to ../../build/system_monitor/system_monitor.egg-info/requires.txt
[0.834s] writing top-level names to ../../build/system_monitor/system_monitor.egg-info/top_level.txt
[0.836s] reading manifest file '../../build/system_monitor/system_monitor.egg-info/SOURCES.txt'
[0.836s] writing manifest file '../../build/system_monitor/system_monitor.egg-info/SOURCES.txt'
[0.836s] running build
[0.836s] running build_py
[0.837s] copying system_monitor/frequency_monitor_node.py -> /home/jyo/ros2_ws/build/system_monitor/build/lib/system_monitor
[0.837s] running install
[0.837s] running install_lib
[0.839s] copying /home/jyo/ros2_ws/build/system_monitor/build/lib/system_monitor/frequency_monitor_node.py -> /home/jyo/ros2_ws/install/system_monitor/lib/python3.10/site-packages/system_monitor
[0.839s] byte-compiling /home/jyo/ros2_ws/install/system_monitor/lib/python3.10/site-packages/system_monitor/frequency_monitor_node.py to frequency_monitor_node.cpython-310.pyc
[0.840s] running install_data
[0.840s] running install_egg_info
[0.842s] removing '/home/jyo/ros2_ws/install/system_monitor/lib/python3.10/site-packages/system_monitor-0.0.0-py3.10.egg-info' (and everything under it)
[0.842s] Copying ../../build/system_monitor/system_monitor.egg-info to /home/jyo/ros2_ws/install/system_monitor/lib/python3.10/site-packages/system_monitor-0.0.0-py3.10.egg-info
[0.843s] running install_scripts
[0.861s] Installing frequency_monitor_node script to /home/jyo/ros2_ws/install/system_monitor/lib/system_monitor
[0.861s] Installing system_monitor_node script to /home/jyo/ros2_ws/install/system_monitor/lib/system_monitor
[0.861s] writing list of installed files to '/home/jyo/ros2_ws/build/system_monitor/install.log'
[0.890s] Invoked command in '/home/jyo/ros2_ws/src/system_monitor' returned '0': PYTHONPATH=/home/jyo/ros2_ws/build/system_monitor/prefix_override:/usr/lib/python3/dist-packages/colcon_core/task/python/colcon_distutils_commands:/home/jyo/ros2_ws/install/system_monitor/lib/python3.10/site-packages:${PYTHONPATH} /usr/bin/python3 -W ignore:setup.py install is deprecated -W ignore:easy_install command is deprecated setup.py egg_info --egg-base ../../build/system_monitor build --build-base /home/jyo/ros2_ws/build/system_monitor/build install --record /home/jyo/ros2_ws/build/system_monitor/install.log --single-version-externally-managed install_data
