[2.523s] Invoking command in '/home/jyo/ros2_ws/src/cart_control': PYTHONPATH=/home/jyo/ros2_ws/build/cart_control/prefix_override:/usr/lib/python3/dist-packages/colcon_core/task/python/colcon_distutils_commands:/home/jyo/ros2_ws/install/cart_control/lib/python3.10/site-packages:${PYTHONPATH} /usr/bin/python3 -W ignore:setup.py install is deprecated -W ignore:easy_install command is deprecated setup.py egg_info --egg-base ../../build/cart_control build --build-base /home/jyo/ros2_ws/build/cart_control/build install --record /home/jyo/ros2_ws/build/cart_control/install.log --single-version-externally-managed install_data
[2.868s] running egg_info
[2.869s] writing ../../build/cart_control/cart_control.egg-info/PKG-INFO
[2.870s] writing dependency_links to ../../build/cart_control/cart_control.egg-info/dependency_links.txt
[2.870s] writing entry points to ../../build/cart_control/cart_control.egg-info/entry_points.txt
[2.870s] writing requirements to ../../build/cart_control/cart_control.egg-info/requires.txt
[2.870s] writing top-level names to ../../build/cart_control/cart_control.egg-info/top_level.txt
[2.873s] reading manifest file '../../build/cart_control/cart_control.egg-info/SOURCES.txt'
[2.875s] writing manifest file '../../build/cart_control/cart_control.egg-info/SOURCES.txt'
[2.875s] running build
[2.875s] running build_py
[2.876s] copying cart_control/cart_control_node.py -> /home/jyo/ros2_ws/build/cart_control/build/lib/cart_control
[2.876s] running install
[2.876s] running install_lib
[2.877s] copying /home/jyo/ros2_ws/build/cart_control/build/lib/cart_control/cart_control_node.py -> /home/jyo/ros2_ws/install/cart_control/lib/python3.10/site-packages/cart_control
[2.878s] byte-compiling /home/jyo/ros2_ws/install/cart_control/lib/python3.10/site-packages/cart_control/cart_control_node.py to cart_control_node.cpython-310.pyc
[2.879s] running install_data
[2.879s] running install_egg_info
[2.882s] removing '/home/jyo/ros2_ws/install/cart_control/lib/python3.10/site-packages/cart_control-0.0.0-py3.10.egg-info' (and everything under it)
[2.882s] Copying ../../build/cart_control/cart_control.egg-info to /home/jyo/ros2_ws/install/cart_control/lib/python3.10/site-packages/cart_control-0.0.0-py3.10.egg-info
[2.884s] running install_scripts
[2.912s] Installing cart_control_node script to /home/jyo/ros2_ws/install/cart_control/lib/cart_control
[2.913s] writing list of installed files to '/home/jyo/ros2_ws/build/cart_control/install.log'
[2.978s] Invoked command in '/home/jyo/ros2_ws/src/cart_control' returned '0': PYTHONPATH=/home/jyo/ros2_ws/build/cart_control/prefix_override:/usr/lib/python3/dist-packages/colcon_core/task/python/colcon_distutils_commands:/home/jyo/ros2_ws/install/cart_control/lib/python3.10/site-packages:${PYTHONPATH} /usr/bin/python3 -W ignore:setup.py install is deprecated -W ignore:easy_install command is deprecated setup.py egg_info --egg-base ../../build/cart_control build --build-base /home/jyo/ros2_ws/build/cart_control/build install --record /home/jyo/ros2_ws/build/cart_control/install.log --single-version-externally-managed install_data
