[0.671s] Invoking command in '/home/jyo/ros2_ws/build/daemon': CMAKE_PREFIX_PATH=${CMAKE_PREFIX_PATH}:/home/jyo/ros2_ws/install/system_monitor:/home/jyo/ros2_ws/install/rosbag_control:/home/jyo/ros2_ws/install/multi_camera_publisher:/home/jyo/ros2_ws/install/multi_camera_pkg:/home/jyo/ros2_ws/install/cart_control:/home/jyo/ros2_ws/install/battery_monitor:/opt/ros/humble /usr/bin/cmake --build /home/jyo/ros2_ws/build/daemon -- -j12 -l12
[1.594s] [  0%] Built target ament_cmake_python_copy_daemon
[1.594s] [100%] Built target svo_recording_multicam
[1.594s] running egg_info
[1.595s] writing daemon.egg-info/PKG-INFO
[1.595s] writing dependency_links to daemon.egg-info/dependency_links.txt
[1.595s] writing top-level names to daemon.egg-info/top_level.txt
[1.596s] reading manifest file 'daemon.egg-info/SOURCES.txt'
[1.596s] writing manifest file 'daemon.egg-info/SOURCES.txt'
[1.596s] [100%] Built target ament_cmake_python_build_daemon_egg
[1.599s] Invoked command in '/home/jyo/ros2_ws/build/daemon' returned '0': CMAKE_PREFIX_PATH=${CMAKE_PREFIX_PATH}:/home/jyo/ros2_ws/install/system_monitor:/home/jyo/ros2_ws/install/rosbag_control:/home/jyo/ros2_ws/install/multi_camera_publisher:/home/jyo/ros2_ws/install/multi_camera_pkg:/home/jyo/ros2_ws/install/cart_control:/home/jyo/ros2_ws/install/battery_monitor:/opt/ros/humble /usr/bin/cmake --build /home/jyo/ros2_ws/build/daemon -- -j12 -l12
[1.614s] Invoking command in '/home/jyo/ros2_ws/build/daemon': CMAKE_PREFIX_PATH=${CMAKE_PREFIX_PATH}:/home/jyo/ros2_ws/install/system_monitor:/home/jyo/ros2_ws/install/rosbag_control:/home/jyo/ros2_ws/install/multi_camera_publisher:/home/jyo/ros2_ws/install/multi_camera_pkg:/home/jyo/ros2_ws/install/cart_control:/home/jyo/ros2_ws/install/battery_monitor:/opt/ros/humble /usr/bin/cmake --install /home/jyo/ros2_ws/build/daemon
[1.893s] -- Install configuration: ""
[1.893s] -- Up-to-date: /home/jyo/ros2_ws/install/daemon/share/daemon/environment/pythonpath.sh
[1.893s] -- Up-to-date: /home/jyo/ros2_ws/install/daemon/share/daemon/environment/pythonpath.dsv
[1.893s] -- Up-to-date: /home/jyo/ros2_ws/install/daemon/local/lib/python3.10/dist-packages/daemon-0.1.0-py3.10.egg-info
[1.893s] -- Installing: /home/jyo/ros2_ws/install/daemon/local/lib/python3.10/dist-packages/daemon-0.1.0-py3.10.egg-info/top_level.txt
[1.894s] -- Installing: /home/jyo/ros2_ws/install/daemon/local/lib/python3.10/dist-packages/daemon-0.1.0-py3.10.egg-info/PKG-INFO
[1.894s] -- Installing: /home/jyo/ros2_ws/install/daemon/local/lib/python3.10/dist-packages/daemon-0.1.0-py3.10.egg-info/SOURCES.txt
[1.894s] -- Installing: /home/jyo/ros2_ws/install/daemon/local/lib/python3.10/dist-packages/daemon-0.1.0-py3.10.egg-info/dependency_links.txt
[1.894s] -- Up-to-date: /home/jyo/ros2_ws/install/daemon/local/lib/python3.10/dist-packages/daemon
[1.895s] -- Up-to-date: /home/jyo/ros2_ws/install/daemon/local/lib/python3.10/dist-packages/daemon/topic_monitor.py
[1.895s] -- Up-to-date: /home/jyo/ros2_ws/install/daemon/local/lib/python3.10/dist-packages/daemon/rostopics_to_record.txt
[1.895s] -- Up-to-date: /home/jyo/ros2_ws/install/daemon/local/lib/python3.10/dist-packages/daemon/build
[1.895s] -- Up-to-date: /home/jyo/ros2_ws/install/daemon/local/lib/python3.10/dist-packages/daemon/build/COLCON_IGNORE
[1.895s] -- Up-to-date: /home/jyo/ros2_ws/install/daemon/local/lib/python3.10/dist-packages/daemon/build/.built_by
[1.896s] -- Up-to-date: /home/jyo/ros2_ws/install/daemon/local/lib/python3.10/dist-packages/daemon/disk_space_topic.py
[1.896s] -- Up-to-date: /home/jyo/ros2_ws/install/daemon/local/lib/python3.10/dist-packages/daemon/record.py
[1.896s] -- Up-to-date: /home/jyo/ros2_ws/install/daemon/local/lib/python3.10/dist-packages/daemon/__init__.py
[1.896s] -- Up-to-date: /home/jyo/ros2_ws/install/daemon/local/lib/python3.10/dist-packages/daemon/log
[1.896s] -- Up-to-date: /home/jyo/ros2_ws/install/daemon/local/lib/python3.10/dist-packages/daemon/log/COLCON_IGNORE
[1.896s] -- Up-to-date: /home/jyo/ros2_ws/install/daemon/local/lib/python3.10/dist-packages/daemon/log/latest_build
[1.896s] -- Up-to-date: /home/jyo/ros2_ws/install/daemon/local/lib/python3.10/dist-packages/daemon/log/latest_build/logger_all.log
[1.897s] -- Up-to-date: /home/jyo/ros2_ws/install/daemon/local/lib/python3.10/dist-packages/daemon/log/build_2024-05-29_00-01-39
[1.897s] -- Up-to-date: /home/jyo/ros2_ws/install/daemon/local/lib/python3.10/dist-packages/daemon/log/build_2024-05-29_00-01-39/logger_all.log
[1.897s] -- Up-to-date: /home/jyo/ros2_ws/install/daemon/local/lib/python3.10/dist-packages/daemon/log/latest
[1.897s] -- Up-to-date: /home/jyo/ros2_ws/install/daemon/local/lib/python3.10/dist-packages/daemon/log/latest/logger_all.log
[1.897s] -- Up-to-date: /home/jyo/ros2_ws/install/daemon/local/lib/python3.10/dist-packages/daemon/install
[1.897s] -- Up-to-date: /home/jyo/ros2_ws/install/daemon/local/lib/python3.10/dist-packages/daemon/install/COLCON_IGNORE
[1.898s] -- Up-to-date: /home/jyo/ros2_ws/install/daemon/local/lib/python3.10/dist-packages/daemon/install/.colcon_install_layout
[1.898s] Listing '/home/jyo/ros2_ws/install/daemon/local/lib/python3.10/dist-packages/daemon'...
[1.898s] Listing '/home/jyo/ros2_ws/install/daemon/local/lib/python3.10/dist-packages/daemon/build'...
[1.898s] Listing '/home/jyo/ros2_ws/install/daemon/local/lib/python3.10/dist-packages/daemon/install'...
[1.898s] Listing '/home/jyo/ros2_ws/install/daemon/local/lib/python3.10/dist-packages/daemon/log'...
[1.898s] Listing '/home/jyo/ros2_ws/install/daemon/local/lib/python3.10/dist-packages/daemon/log/build_2024-05-29_00-01-39'...
[1.898s] Listing '/home/jyo/ros2_ws/install/daemon/local/lib/python3.10/dist-packages/daemon/log/latest'...
[1.899s] Listing '/home/jyo/ros2_ws/install/daemon/local/lib/python3.10/dist-packages/daemon/log/latest_build'...
[1.899s] -- Up-to-date: /home/jyo/ros2_ws/install/daemon/share/daemon/launch
[1.900s] -- Up-to-date: /home/jyo/ros2_ws/install/daemon/share/daemon/launch/playback_launch.py
[1.900s] -- Up-to-date: /home/jyo/ros2_ws/install/daemon/share/daemon/launch/init.launch.py
[1.900s] -- Up-to-date: /home/jyo/ros2_ws/install/daemon/lib/daemon/record.py
[1.900s] -- Up-to-date: /home/jyo/ros2_ws/install/daemon/lib/daemon/topic_monitor.py
[1.901s] -- Up-to-date: /home/jyo/ros2_ws/install/daemon/lib/daemon/disk_space_topic.py
[1.901s] -- Up-to-date: /home/jyo/ros2_ws/install/daemon/lib/daemon/svo_recording_multicam
[1.901s] -- Up-to-date: /home/jyo/ros2_ws/install/daemon/share/ament_index/resource_index/package_run_dependencies/daemon
[1.901s] -- Up-to-date: /home/jyo/ros2_ws/install/daemon/share/ament_index/resource_index/parent_prefix_path/daemon
[1.901s] -- Up-to-date: /home/jyo/ros2_ws/install/daemon/share/daemon/environment/ament_prefix_path.sh
[1.901s] -- Up-to-date: /home/jyo/ros2_ws/install/daemon/share/daemon/environment/ament_prefix_path.dsv
[1.901s] -- Up-to-date: /home/jyo/ros2_ws/install/daemon/share/daemon/environment/path.sh
[1.902s] -- Up-to-date: /home/jyo/ros2_ws/install/daemon/share/daemon/environment/path.dsv
[1.902s] -- Up-to-date: /home/jyo/ros2_ws/install/daemon/share/daemon/local_setup.bash
[1.902s] -- Up-to-date: /home/jyo/ros2_ws/install/daemon/share/daemon/local_setup.sh
[1.902s] -- Up-to-date: /home/jyo/ros2_ws/install/daemon/share/daemon/local_setup.zsh
[1.902s] -- Up-to-date: /home/jyo/ros2_ws/install/daemon/share/daemon/local_setup.dsv
[1.902s] -- Installing: /home/jyo/ros2_ws/install/daemon/share/daemon/package.dsv
[1.902s] -- Up-to-date: /home/jyo/ros2_ws/install/daemon/share/ament_index/resource_index/packages/daemon
[1.902s] -- Up-to-date: /home/jyo/ros2_ws/install/daemon/share/daemon/cmake/daemonConfig.cmake
[1.902s] -- Up-to-date: /home/jyo/ros2_ws/install/daemon/share/daemon/cmake/daemonConfig-version.cmake
[1.903s] -- Up-to-date: /home/jyo/ros2_ws/install/daemon/share/daemon/package.xml
[1.915s] Invoked command in '/home/jyo/ros2_ws/build/daemon' returned '0': CMAKE_PREFIX_PATH=${CMAKE_PREFIX_PATH}:/home/jyo/ros2_ws/install/system_monitor:/home/jyo/ros2_ws/install/rosbag_control:/home/jyo/ros2_ws/install/multi_camera_publisher:/home/jyo/ros2_ws/install/multi_camera_pkg:/home/jyo/ros2_ws/install/cart_control:/home/jyo/ros2_ws/install/battery_monitor:/opt/ros/humble /usr/bin/cmake --install /home/jyo/ros2_ws/build/daemon
