[6.045s] Invoking command in '/home/jyo/ros2_ws/src/battery_monitor': PYTHONPATH=/home/jyo/ros2_ws/build/battery_monitor/prefix_override:/usr/lib/python3/dist-packages/colcon_core/task/python/colcon_distutils_commands:/home/jyo/ros2_ws/install/battery_monitor/lib/python3.10/site-packages:${PYTHONPATH} /usr/bin/python3 -W ignore:setup.py install is deprecated -W ignore:easy_install command is deprecated setup.py egg_info --egg-base ../../build/battery_monitor build --build-base /home/jyo/ros2_ws/build/battery_monitor/build install --record /home/jyo/ros2_ws/build/battery_monitor/install.log --single-version-externally-managed install_data
[8.271s] running egg_info
[8.277s] writing ../../build/battery_monitor/battery_monitor.egg-info/PKG-INFO
[8.280s] writing dependency_links to ../../build/battery_monitor/battery_monitor.egg-info/dependency_links.txt
[8.282s] writing entry points to ../../build/battery_monitor/battery_monitor.egg-info/entry_points.txt
[8.284s] writing requirements to ../../build/battery_monitor/battery_monitor.egg-info/requires.txt
[8.284s] writing top-level names to ../../build/battery_monitor/battery_monitor.egg-info/top_level.txt
[8.298s] reading manifest file '../../build/battery_monitor/battery_monitor.egg-info/SOURCES.txt'
[8.305s] writing manifest file '../../build/battery_monitor/battery_monitor.egg-info/SOURCES.txt'
[8.306s] running build
[8.308s] running build_py
[8.309s] running install
[8.311s] running install_lib
[8.330s] running install_data
[8.332s] running install_egg_info
[8.350s] removing '/home/jyo/ros2_ws/install/battery_monitor/lib/python3.10/site-packages/battery_monitor-0.0.0-py3.10.egg-info' (and everything under it)
[8.352s] Copying ../../build/battery_monitor/battery_monitor.egg-info to /home/jyo/ros2_ws/install/battery_monitor/lib/python3.10/site-packages/battery_monitor-0.0.0-py3.10.egg-info
[8.361s] running install_scripts
[8.525s] Installing battery_monitor script to /home/jyo/ros2_ws/install/battery_monitor/lib/battery_monitor
[8.527s] writing list of installed files to '/home/jyo/ros2_ws/build/battery_monitor/install.log'
[8.702s] Invoked command in '/home/jyo/ros2_ws/src/battery_monitor' returned '0': PYTHONPATH=/home/jyo/ros2_ws/build/battery_monitor/prefix_override:/usr/lib/python3/dist-packages/colcon_core/task/python/colcon_distutils_commands:/home/jyo/ros2_ws/install/battery_monitor/lib/python3.10/site-packages:${PYTHONPATH} /usr/bin/python3 -W ignore:setup.py install is deprecated -W ignore:easy_install command is deprecated setup.py egg_info --egg-base ../../build/battery_monitor build --build-base /home/jyo/ros2_ws/build/battery_monitor/build install --record /home/jyo/ros2_ws/build/battery_monitor/install.log --single-version-externally-managed install_data
