[0.605s] Invoking command in '/home/jyo/ros2_ws/src/cart_control': PYTHONPATH=/home/jyo/ros2_ws/build/cart_control/prefix_override:/usr/lib/python3/dist-packages/colcon_core/task/python/colcon_distutils_commands:/home/jyo/ros2_ws/install/cart_control/lib/python3.10/site-packages:${PYTHONPATH} /usr/bin/python3 -W ignore:setup.py install is deprecated -W ignore:easy_install command is deprecated setup.py egg_info --egg-base ../../build/cart_control build --build-base /home/jyo/ros2_ws/build/cart_control/build install --record /home/jyo/ros2_ws/build/cart_control/install.log --single-version-externally-managed install_data
[0.805s] running egg_info
[0.805s] writing ../../build/cart_control/cart_control.egg-info/PKG-INFO
[0.805s] writing dependency_links to ../../build/cart_control/cart_control.egg-info/dependency_links.txt
[0.806s] writing entry points to ../../build/cart_control/cart_control.egg-info/entry_points.txt
[0.806s] writing requirements to ../../build/cart_control/cart_control.egg-info/requires.txt
[0.806s] writing top-level names to ../../build/cart_control/cart_control.egg-info/top_level.txt
[0.807s] reading manifest file '../../build/cart_control/cart_control.egg-info/SOURCES.txt'
[0.808s] writing manifest file '../../build/cart_control/cart_control.egg-info/SOURCES.txt'
[0.808s] running build
[0.808s] running build_py
[0.808s] running install
[0.808s] running install_lib
[0.809s] running install_data
[0.810s] copying resource/cart_control -> /home/jyo/ros2_ws/install/cart_control/share/ament_index/resource_index/packages
[0.810s] running install_egg_info
[0.812s] removing '/home/jyo/ros2_ws/install/cart_control/lib/python3.10/site-packages/cart_control-0.0.0-py3.10.egg-info' (and everything under it)
[0.812s] Copying ../../build/cart_control/cart_control.egg-info to /home/jyo/ros2_ws/install/cart_control/lib/python3.10/site-packages/cart_control-0.0.0-py3.10.egg-info
[0.813s] running install_scripts
[0.831s] Installing cart_control_node script to /home/jyo/ros2_ws/install/cart_control/lib/cart_control
[0.831s] writing list of installed files to '/home/jyo/ros2_ws/build/cart_control/install.log'
[0.862s] Invoked command in '/home/jyo/ros2_ws/src/cart_control' returned '0': PYTHONPATH=/home/jyo/ros2_ws/build/cart_control/prefix_override:/usr/lib/python3/dist-packages/colcon_core/task/python/colcon_distutils_commands:/home/jyo/ros2_ws/install/cart_control/lib/python3.10/site-packages:${PYTHONPATH} /usr/bin/python3 -W ignore:setup.py install is deprecated -W ignore:easy_install command is deprecated setup.py egg_info --egg-base ../../build/cart_control build --build-base /home/jyo/ros2_ws/build/cart_control/build install --record /home/jyo/ros2_ws/build/cart_control/install.log --single-version-externally-managed install_data
