[0.820s] Invoking command in '/home/jyo/ros2_ws/build/daemon': CMAKE_PREFIX_PATH=${CMAKE_PREFIX_PATH}:/home/jyo/ros2_ws/install/system_monitor:/home/jyo/ros2_ws/install/rosbag_control:/home/jyo/ros2_ws/install/multi_camera_publisher:/home/jyo/ros2_ws/install/cart_control:/home/jyo/ros2_ws/install/battery_monitor:/opt/ros/humble /usr/bin/cmake --build /home/jyo/ros2_ws/build/daemon -- -j12 -l12
[1.576s] [100%] Built target svo_recording_multicam
[1.577s] [100%] Built target ament_cmake_python_copy_daemon
[1.577s] running egg_info
[1.577s] writing daemon.egg-info/PKG-INFO
[1.578s] writing dependency_links to daemon.egg-info/dependency_links.txt
[1.578s] writing top-level names to daemon.egg-info/top_level.txt
[1.578s] reading manifest file 'daemon.egg-info/SOURCES.txt'
[1.578s] writing manifest file 'daemon.egg-info/SOURCES.txt'
[1.578s] [100%] Built target ament_cmake_python_build_daemon_egg
[1.940s] Invoked command in '/home/jyo/ros2_ws/build/daemon' returned '0': CMAKE_PREFIX_PATH=${CMAKE_PREFIX_PATH}:/home/jyo/ros2_ws/install/system_monitor:/home/jyo/ros2_ws/install/rosbag_control:/home/jyo/ros2_ws/install/multi_camera_publisher:/home/jyo/ros2_ws/install/cart_control:/home/jyo/ros2_ws/install/battery_monitor:/opt/ros/humble /usr/bin/cmake --build /home/jyo/ros2_ws/build/daemon -- -j12 -l12
[1.956s] Invoking command in '/home/jyo/ros2_ws/build/daemon': CMAKE_PREFIX_PATH=${CMAKE_PREFIX_PATH}:/home/jyo/ros2_ws/install/system_monitor:/home/jyo/ros2_ws/install/rosbag_control:/home/jyo/ros2_ws/install/multi_camera_publisher:/home/jyo/ros2_ws/install/cart_control:/home/jyo/ros2_ws/install/battery_monitor:/opt/ros/humble /usr/bin/cmake --install /home/jyo/ros2_ws/build/daemon
[1.973s] -- Install configuration: ""
[1.973s] -- Up-to-date: /home/jyo/ros2_ws/install/daemon/share/daemon/environment/pythonpath.sh
[1.973s] -- Up-to-date: /home/jyo/ros2_ws/install/daemon/share/daemon/environment/pythonpath.dsv
[1.974s] -- Up-to-date: /home/jyo/ros2_ws/install/daemon/local/lib/python3.10/dist-packages/daemon-0.1.0-py3.10.egg-info
[1.974s] -- Installing: /home/jyo/ros2_ws/install/daemon/local/lib/python3.10/dist-packages/daemon-0.1.0-py3.10.egg-info/top_level.txt
[1.974s] -- Installing: /home/jyo/ros2_ws/install/daemon/local/lib/python3.10/dist-packages/daemon-0.1.0-py3.10.egg-info/PKG-INFO
[1.974s] -- Installing: /home/jyo/ros2_ws/install/daemon/local/lib/python3.10/dist-packages/daemon-0.1.0-py3.10.egg-info/SOURCES.txt
[1.975s] -- Installing: /home/jyo/ros2_ws/install/daemon/local/lib/python3.10/dist-packages/daemon-0.1.0-py3.10.egg-info/dependency_links.txt
[1.975s] -- Up-to-date: /home/jyo/ros2_ws/install/daemon/local/lib/python3.10/dist-packages/daemon
[1.975s] -- Up-to-date: /home/jyo/ros2_ws/install/daemon/local/lib/python3.10/dist-packages/daemon/topic_monitor.py
[1.976s] -- Up-to-date: /home/jyo/ros2_ws/install/daemon/local/lib/python3.10/dist-packages/daemon/rostopics_to_record.txt
[1.976s] -- Up-to-date: /home/jyo/ros2_ws/install/daemon/local/lib/python3.10/dist-packages/daemon/build
[1.976s] -- Up-to-date: /home/jyo/ros2_ws/install/daemon/local/lib/python3.10/dist-packages/daemon/build/COLCON_IGNORE
[1.976s] -- Up-to-date: /home/jyo/ros2_ws/install/daemon/local/lib/python3.10/dist-packages/daemon/build/.built_by
[1.977s] -- Up-to-date: /home/jyo/ros2_ws/install/daemon/local/lib/python3.10/dist-packages/daemon/disk_space_topic.py
[1.977s] -- Up-to-date: /home/jyo/ros2_ws/install/daemon/local/lib/python3.10/dist-packages/daemon/record.py
[1.977s] -- Up-to-date: /home/jyo/ros2_ws/install/daemon/local/lib/python3.10/dist-packages/daemon/__init__.py
[1.977s] -- Up-to-date: /home/jyo/ros2_ws/install/daemon/local/lib/python3.10/dist-packages/daemon/log
[1.978s] -- Up-to-date: /home/jyo/ros2_ws/install/daemon/local/lib/python3.10/dist-packages/daemon/log/COLCON_IGNORE
[1.978s] -- Up-to-date: /home/jyo/ros2_ws/install/daemon/local/lib/python3.10/dist-packages/daemon/log/latest_build
[1.978s] -- Up-to-date: /home/jyo/ros2_ws/install/daemon/local/lib/python3.10/dist-packages/daemon/log/latest_build/logger_all.log
[1.979s] -- Up-to-date: /home/jyo/ros2_ws/install/daemon/local/lib/python3.10/dist-packages/daemon/log/build_2024-05-29_00-01-39
[1.979s] -- Up-to-date: /home/jyo/ros2_ws/install/daemon/local/lib/python3.10/dist-packages/daemon/log/build_2024-05-29_00-01-39/logger_all.log
[1.979s] -- Up-to-date: /home/jyo/ros2_ws/install/daemon/local/lib/python3.10/dist-packages/daemon/log/latest
[1.979s] -- Up-to-date: /home/jyo/ros2_ws/install/daemon/local/lib/python3.10/dist-packages/daemon/log/latest/logger_all.log
[1.979s] -- Up-to-date: /home/jyo/ros2_ws/install/daemon/local/lib/python3.10/dist-packages/daemon/install
[1.980s] -- Up-to-date: /home/jyo/ros2_ws/install/daemon/local/lib/python3.10/dist-packages/daemon/install/COLCON_IGNORE
[1.980s] -- Up-to-date: /home/jyo/ros2_ws/install/daemon/local/lib/python3.10/dist-packages/daemon/install/.colcon_install_layout
[2.024s] Listing '/home/jyo/ros2_ws/install/daemon/local/lib/python3.10/dist-packages/daemon'...
[2.024s] Listing '/home/jyo/ros2_ws/install/daemon/local/lib/python3.10/dist-packages/daemon/build'...
[2.024s] Listing '/home/jyo/ros2_ws/install/daemon/local/lib/python3.10/dist-packages/daemon/install'...
[2.024s] Listing '/home/jyo/ros2_ws/install/daemon/local/lib/python3.10/dist-packages/daemon/log'...
[2.025s] Listing '/home/jyo/ros2_ws/install/daemon/local/lib/python3.10/dist-packages/daemon/log/build_2024-05-29_00-01-39'...
[2.025s] Listing '/home/jyo/ros2_ws/install/daemon/local/lib/python3.10/dist-packages/daemon/log/latest'...
[2.025s] Listing '/home/jyo/ros2_ws/install/daemon/local/lib/python3.10/dist-packages/daemon/log/latest_build'...
[2.031s] -- Up-to-date: /home/jyo/ros2_ws/install/daemon/share/daemon/launch
[2.032s] -- Up-to-date: /home/jyo/ros2_ws/install/daemon/share/daemon/launch/playback_launch.py
[2.032s] -- Up-to-date: /home/jyo/ros2_ws/install/daemon/share/daemon/launch/init.launch.py
[2.032s] -- Up-to-date: /home/jyo/ros2_ws/install/daemon/lib/daemon/record.py
[2.032s] -- Up-to-date: /home/jyo/ros2_ws/install/daemon/lib/daemon/topic_monitor.py
[2.032s] -- Up-to-date: /home/jyo/ros2_ws/install/daemon/lib/daemon/disk_space_topic.py
[2.032s] -- Up-to-date: /home/jyo/ros2_ws/install/daemon/lib/daemon/svo_recording_multicam
[2.033s] -- Up-to-date: /home/jyo/ros2_ws/install/daemon/share/ament_index/resource_index/package_run_dependencies/daemon
[2.033s] -- Up-to-date: /home/jyo/ros2_ws/install/daemon/share/ament_index/resource_index/parent_prefix_path/daemon
[2.033s] -- Up-to-date: /home/jyo/ros2_ws/install/daemon/share/daemon/environment/ament_prefix_path.sh
[2.033s] -- Up-to-date: /home/jyo/ros2_ws/install/daemon/share/daemon/environment/ament_prefix_path.dsv
[2.033s] -- Up-to-date: /home/jyo/ros2_ws/install/daemon/share/daemon/environment/path.sh
[2.033s] -- Up-to-date: /home/jyo/ros2_ws/install/daemon/share/daemon/environment/path.dsv
[2.034s] -- Up-to-date: /home/jyo/ros2_ws/install/daemon/share/daemon/local_setup.bash
[2.034s] -- Up-to-date: /home/jyo/ros2_ws/install/daemon/share/daemon/local_setup.sh
[2.034s] -- Up-to-date: /home/jyo/ros2_ws/install/daemon/share/daemon/local_setup.zsh
[2.034s] -- Up-to-date: /home/jyo/ros2_ws/install/daemon/share/daemon/local_setup.dsv
[2.034s] -- Installing: /home/jyo/ros2_ws/install/daemon/share/daemon/package.dsv
[2.034s] -- Up-to-date: /home/jyo/ros2_ws/install/daemon/share/ament_index/resource_index/packages/daemon
[2.035s] -- Up-to-date: /home/jyo/ros2_ws/install/daemon/share/daemon/cmake/daemonConfig.cmake
[2.035s] -- Up-to-date: /home/jyo/ros2_ws/install/daemon/share/daemon/cmake/daemonConfig-version.cmake
[2.035s] -- Up-to-date: /home/jyo/ros2_ws/install/daemon/share/daemon/package.xml
[2.038s] Invoked command in '/home/jyo/ros2_ws/build/daemon' returned '0': CMAKE_PREFIX_PATH=${CMAKE_PREFIX_PATH}:/home/jyo/ros2_ws/install/system_monitor:/home/jyo/ros2_ws/install/rosbag_control:/home/jyo/ros2_ws/install/multi_camera_publisher:/home/jyo/ros2_ws/install/cart_control:/home/jyo/ros2_ws/install/battery_monitor:/opt/ros/humble /usr/bin/cmake --install /home/jyo/ros2_ws/build/daemon
