[5.675s] Invoking command in '/home/jyo/ros2_ws/src/cart_control': PYTHONPATH=/home/jyo/ros2_ws/build/cart_control/prefix_override:/usr/lib/python3/dist-packages/colcon_core/task/python/colcon_distutils_commands:/home/jyo/ros2_ws/install/cart_control/lib/python3.10/site-packages:${PYTHONPATH} /usr/bin/python3 -W ignore:setup.py install is deprecated -W ignore:easy_install command is deprecated setup.py egg_info --egg-base ../../build/cart_control build --build-base /home/jyo/ros2_ws/build/cart_control/build install --record /home/jyo/ros2_ws/build/cart_control/install.log --single-version-externally-managed install_data
[7.205s] running egg_info
[7.209s] writing ../../build/cart_control/cart_control.egg-info/PKG-INFO
[7.210s] writing dependency_links to ../../build/cart_control/cart_control.egg-info/dependency_links.txt
[7.211s] writing entry points to ../../build/cart_control/cart_control.egg-info/entry_points.txt
[7.212s] writing requirements to ../../build/cart_control/cart_control.egg-info/requires.txt
[7.213s] writing top-level names to ../../build/cart_control/cart_control.egg-info/top_level.txt
[7.222s] reading manifest file '../../build/cart_control/cart_control.egg-info/SOURCES.txt'
[7.226s] writing manifest file '../../build/cart_control/cart_control.egg-info/SOURCES.txt'
[7.227s] running build
[7.228s] running build_py
[7.229s] running install
[7.230s] running install_lib
[7.238s] running install_data
[7.239s] running install_egg_info
[7.252s] removing '/home/jyo/ros2_ws/install/cart_control/lib/python3.10/site-packages/cart_control-0.0.0-py3.10.egg-info' (and everything under it)
[7.254s] Copying ../../build/cart_control/cart_control.egg-info to /home/jyo/ros2_ws/install/cart_control/lib/python3.10/site-packages/cart_control-0.0.0-py3.10.egg-info
[7.259s] running install_scripts
[7.379s] Installing cart_control_node script to /home/jyo/ros2_ws/install/cart_control/lib/cart_control
[7.381s] writing list of installed files to '/home/jyo/ros2_ws/build/cart_control/install.log'
[7.558s] Invoked command in '/home/jyo/ros2_ws/src/cart_control' returned '0': PYTHONPATH=/home/jyo/ros2_ws/build/cart_control/prefix_override:/usr/lib/python3/dist-packages/colcon_core/task/python/colcon_distutils_commands:/home/jyo/ros2_ws/install/cart_control/lib/python3.10/site-packages:${PYTHONPATH} /usr/bin/python3 -W ignore:setup.py install is deprecated -W ignore:easy_install command is deprecated setup.py egg_info --egg-base ../../build/cart_control build --build-base /home/jyo/ros2_ws/build/cart_control/build install --record /home/jyo/ros2_ws/build/cart_control/install.log --single-version-externally-managed install_data
