[1.674s] Invoking command in '/home/jyo/ros2_ws/src/system_monitor': PYTHONPATH=/home/jyo/ros2_ws/build/system_monitor/prefix_override:/usr/lib/python3/dist-packages/colcon_core/task/python/colcon_distutils_commands:/home/jyo/ros2_ws/install/system_monitor/lib/python3.10/site-packages:${PYTHONPATH} /usr/bin/python3 -W ignore:setup.py install is deprecated -W ignore:easy_install command is deprecated setup.py egg_info --egg-base ../../build/system_monitor build --build-base /home/jyo/ros2_ws/build/system_monitor/build install --record /home/jyo/ros2_ws/build/system_monitor/install.log --single-version-externally-managed install_data
[1.897s] running egg_info
[1.897s] writing ../../build/system_monitor/system_monitor.egg-info/PKG-INFO
[1.898s] writing dependency_links to ../../build/system_monitor/system_monitor.egg-info/dependency_links.txt
[1.898s] writing entry points to ../../build/system_monitor/system_monitor.egg-info/entry_points.txt
[1.898s] writing requirements to ../../build/system_monitor/system_monitor.egg-info/requires.txt
[1.898s] writing top-level names to ../../build/system_monitor/system_monitor.egg-info/top_level.txt
[1.900s] reading manifest file '../../build/system_monitor/system_monitor.egg-info/SOURCES.txt'
[1.901s] writing manifest file '../../build/system_monitor/system_monitor.egg-info/SOURCES.txt'
[1.901s] running build
[1.901s] running build_py
[1.902s] running install
[1.903s] running install_lib
[1.905s] running install_data
[1.905s] running install_egg_info
[1.907s] removing '/home/jyo/ros2_ws/install/system_monitor/lib/python3.10/site-packages/system_monitor-0.0.0-py3.10.egg-info' (and everything under it)
[1.907s] Copying ../../build/system_monitor/system_monitor.egg-info to /home/jyo/ros2_ws/install/system_monitor/lib/python3.10/site-packages/system_monitor-0.0.0-py3.10.egg-info
[1.908s] running install_scripts
[1.930s] Installing frequency_monitor_node script to /home/jyo/ros2_ws/install/system_monitor/lib/system_monitor
[1.930s] Installing system_monitor_node script to /home/jyo/ros2_ws/install/system_monitor/lib/system_monitor
[1.931s] writing list of installed files to '/home/jyo/ros2_ws/build/system_monitor/install.log'
[1.983s] Invoked command in '/home/jyo/ros2_ws/src/system_monitor' returned '0': PYTHONPATH=/home/jyo/ros2_ws/build/system_monitor/prefix_override:/usr/lib/python3/dist-packages/colcon_core/task/python/colcon_distutils_commands:/home/jyo/ros2_ws/install/system_monitor/lib/python3.10/site-packages:${PYTHONPATH} /usr/bin/python3 -W ignore:setup.py install is deprecated -W ignore:easy_install command is deprecated setup.py egg_info --egg-base ../../build/system_monitor build --build-base /home/jyo/ros2_ws/build/system_monitor/build install --record /home/jyo/ros2_ws/build/system_monitor/install.log --single-version-externally-managed install_data
