[3.052s] Invoking command in '/home/jyo/ros2_ws/src/system_monitor': PYTHONPATH=/home/jyo/ros2_ws/build/system_monitor/prefix_override:/usr/lib/python3/dist-packages/colcon_core/task/python/colcon_distutils_commands:/home/jyo/ros2_ws/install/system_monitor/lib/python3.10/site-packages:${PYTHONPATH} /usr/bin/python3 -W ignore:setup.py install is deprecated -W ignore:easy_install command is deprecated setup.py egg_info --egg-base ../../build/system_monitor build --build-base /home/jyo/ros2_ws/build/system_monitor/build install --record /home/jyo/ros2_ws/build/system_monitor/install.log --single-version-externally-managed install_data
[3.409s] running egg_info
[3.411s] writing ../../build/system_monitor/system_monitor.egg-info/PKG-INFO
[3.412s] writing dependency_links to ../../build/system_monitor/system_monitor.egg-info/dependency_links.txt
[3.412s] writing entry points to ../../build/system_monitor/system_monitor.egg-info/entry_points.txt
[3.412s] writing requirements to ../../build/system_monitor/system_monitor.egg-info/requires.txt
[3.412s] writing top-level names to ../../build/system_monitor/system_monitor.egg-info/top_level.txt
[3.414s] reading manifest file '../../build/system_monitor/system_monitor.egg-info/SOURCES.txt'
[3.416s] writing manifest file '../../build/system_monitor/system_monitor.egg-info/SOURCES.txt'
[3.416s] running build
[3.416s] running build_py
[3.417s] running install
[3.417s] running install_lib
[3.421s] running install_data
[3.421s] running install_egg_info
[3.423s] removing '/home/jyo/ros2_ws/install/system_monitor/lib/python3.10/site-packages/system_monitor-0.0.0-py3.10.egg-info' (and everything under it)
[3.424s] Copying ../../build/system_monitor/system_monitor.egg-info to /home/jyo/ros2_ws/install/system_monitor/lib/python3.10/site-packages/system_monitor-0.0.0-py3.10.egg-info
[3.426s] running install_scripts
[3.457s] Installing frequency_monitor_node script to /home/jyo/ros2_ws/install/system_monitor/lib/system_monitor
[3.457s] Installing system_monitor_node script to /home/jyo/ros2_ws/install/system_monitor/lib/system_monitor
[3.458s] writing list of installed files to '/home/jyo/ros2_ws/build/system_monitor/install.log'
[3.533s] Invoked command in '/home/jyo/ros2_ws/src/system_monitor' returned '0': PYTHONPATH=/home/jyo/ros2_ws/build/system_monitor/prefix_override:/usr/lib/python3/dist-packages/colcon_core/task/python/colcon_distutils_commands:/home/jyo/ros2_ws/install/system_monitor/lib/python3.10/site-packages:${PYTHONPATH} /usr/bin/python3 -W ignore:setup.py install is deprecated -W ignore:easy_install command is deprecated setup.py egg_info --egg-base ../../build/system_monitor build --build-base /home/jyo/ros2_ws/build/system_monitor/build install --record /home/jyo/ros2_ws/build/system_monitor/install.log --single-version-externally-managed install_data
