running egg_info
writing ../../build/rosbag_control/rosbag_control.egg-info/PKG-INFO
writing dependency_links to ../../build/rosbag_control/rosbag_control.egg-info/dependency_links.txt
writing entry points to ../../build/rosbag_control/rosbag_control.egg-info/entry_points.txt
writing requirements to ../../build/rosbag_control/rosbag_control.egg-info/requires.txt
writing top-level names to ../../build/rosbag_control/rosbag_control.egg-info/top_level.txt
reading manifest file '../../build/rosbag_control/rosbag_control.egg-info/SOURCES.txt'
writing manifest file '../../build/rosbag_control/rosbag_control.egg-info/SOURCES.txt'
running build
running build_py
copying rosbag_control/rosbag_control_node.py -> /home/jyo/ros2_ws/build/rosbag_control/build/lib/rosbag_control
running install
running install_lib
copying /home/jyo/ros2_ws/build/rosbag_control/build/lib/rosbag_control/rosbag_control_node.py -> /home/jyo/ros2_ws/install/rosbag_control/lib/python3.10/site-packages/rosbag_control
byte-compiling /home/jyo/ros2_ws/install/rosbag_control/lib/python3.10/site-packages/rosbag_control/rosbag_control_node.py to rosbag_control_node.cpython-310.pyc
running install_egg_info
Sorry: IndentationError: expected an indented block after class definition on line 9 (rosbag_control_node.py, line 10)
removing '/home/jyo/ros2_ws/install/rosbag_control/lib/python3.10/site-packages/rosbag_control-0.0.0-py3.10.egg-info' (and everything under it)
Copying ../../build/rosbag_control/rosbag_control.egg-info to /home/jyo/ros2_ws/install/rosbag_control/lib/python3.10/site-packages/rosbag_control-0.0.0-py3.10.egg-info
running install_scripts
Installing rosbag_control_node script to /home/jyo/ros2_ws/install/rosbag_control/lib/rosbag_control
writing list of installed files to '/home/jyo/ros2_ws/build/rosbag_control/install.log'
