[2.586s] Invoking command in '/home/jyo/ros2_ws/src/rosbag_control': PYTHONPATH=/home/jyo/ros2_ws/build/rosbag_control/prefix_override:/usr/lib/python3/dist-packages/colcon_core/task/python/colcon_distutils_commands:/home/jyo/ros2_ws/install/rosbag_control/lib/python3.10/site-packages:${PYTHONPATH} /usr/bin/python3 -W ignore:setup.py install is deprecated -W ignore:easy_install command is deprecated setup.py egg_info --egg-base ../../build/rosbag_control build --build-base /home/jyo/ros2_ws/build/rosbag_control/build install --record /home/jyo/ros2_ws/build/rosbag_control/install.log --single-version-externally-managed
[2.910s] running egg_info
[2.911s] writing ../../build/rosbag_control/rosbag_control.egg-info/PKG-INFO
[2.912s] writing dependency_links to ../../build/rosbag_control/rosbag_control.egg-info/dependency_links.txt
[2.912s] writing entry points to ../../build/rosbag_control/rosbag_control.egg-info/entry_points.txt
[2.912s] writing requirements to ../../build/rosbag_control/rosbag_control.egg-info/requires.txt
[2.913s] writing top-level names to ../../build/rosbag_control/rosbag_control.egg-info/top_level.txt
[2.915s] reading manifest file '../../build/rosbag_control/rosbag_control.egg-info/SOURCES.txt'
[2.916s] writing manifest file '../../build/rosbag_control/rosbag_control.egg-info/SOURCES.txt'
[2.916s] running build
[2.917s] running build_py
[2.917s] copying rosbag_control/rosbag_control_node.py -> /home/jyo/ros2_ws/build/rosbag_control/build/lib/rosbag_control
[2.917s] running install
[2.917s] running install_lib
[2.918s] copying /home/jyo/ros2_ws/build/rosbag_control/build/lib/rosbag_control/rosbag_control_node.py -> /home/jyo/ros2_ws/install/rosbag_control/lib/python3.10/site-packages/rosbag_control
[2.919s] byte-compiling /home/jyo/ros2_ws/install/rosbag_control/lib/python3.10/site-packages/rosbag_control/rosbag_control_node.py to rosbag_control_node.cpython-310.pyc
[2.925s] running install_egg_info
[2.927s] removing '/home/jyo/ros2_ws/install/rosbag_control/lib/python3.10/site-packages/rosbag_control-0.0.0-py3.10.egg-info' (and everything under it)
[2.928s] Copying ../../build/rosbag_control/rosbag_control.egg-info to /home/jyo/ros2_ws/install/rosbag_control/lib/python3.10/site-packages/rosbag_control-0.0.0-py3.10.egg-info
[2.929s] running install_scripts
[2.956s] Installing rosbag_control_node script to /home/jyo/ros2_ws/install/rosbag_control/lib/rosbag_control
[2.958s] writing list of installed files to '/home/jyo/ros2_ws/build/rosbag_control/install.log'
[3.019s] Invoked command in '/home/jyo/ros2_ws/src/rosbag_control' returned '0': PYTHONPATH=/home/jyo/ros2_ws/build/rosbag_control/prefix_override:/usr/lib/python3/dist-packages/colcon_core/task/python/colcon_distutils_commands:/home/jyo/ros2_ws/install/rosbag_control/lib/python3.10/site-packages:${PYTHONPATH} /usr/bin/python3 -W ignore:setup.py install is deprecated -W ignore:easy_install command is deprecated setup.py egg_info --egg-base ../../build/rosbag_control build --build-base /home/jyo/ros2_ws/build/rosbag_control/build install --record /home/jyo/ros2_ws/build/rosbag_control/install.log --single-version-externally-managed
