[0.824s] Invoking command in '/home/jyo/ros2_ws/src/battery_monitor': PYTHONPATH=/home/jyo/ros2_ws/build/battery_monitor/prefix_override:/usr/lib/python3/dist-packages/colcon_core/task/python/colcon_distutils_commands:/home/jyo/ros2_ws/install/battery_monitor/lib/python3.10/site-packages:${PYTHONPATH} /usr/bin/python3 -W ignore:setup.py install is deprecated -W ignore:easy_install command is deprecated setup.py egg_info --egg-base ../../build/battery_monitor build --build-base /home/jyo/ros2_ws/build/battery_monitor/build install --record /home/jyo/ros2_ws/build/battery_monitor/install.log --single-version-externally-managed install_data
[1.033s] running egg_info
[1.033s] creating ../../build/battery_monitor/battery_monitor.egg-info
[1.034s] writing ../../build/battery_monitor/battery_monitor.egg-info/PKG-INFO
[1.034s] writing dependency_links to ../../build/battery_monitor/battery_monitor.egg-info/dependency_links.txt
[1.034s] writing entry points to ../../build/battery_monitor/battery_monitor.egg-info/entry_points.txt
[1.034s] writing requirements to ../../build/battery_monitor/battery_monitor.egg-info/requires.txt
[1.035s] writing top-level names to ../../build/battery_monitor/battery_monitor.egg-info/top_level.txt
[1.035s] writing manifest file '../../build/battery_monitor/battery_monitor.egg-info/SOURCES.txt'
[1.036s] reading manifest file '../../build/battery_monitor/battery_monitor.egg-info/SOURCES.txt'
[1.036s] writing manifest file '../../build/battery_monitor/battery_monitor.egg-info/SOURCES.txt'
[1.036s] running build
[1.036s] running build_py
[1.037s] creating /home/jyo/ros2_ws/build/battery_monitor/build
[1.037s] creating /home/jyo/ros2_ws/build/battery_monitor/build/lib
[1.037s] creating /home/jyo/ros2_ws/build/battery_monitor/build/lib/battery_monitor
[1.037s] copying battery_monitor/battery_monitor.py -> /home/jyo/ros2_ws/build/battery_monitor/build/lib/battery_monitor
[1.037s] copying battery_monitor/__init__.py -> /home/jyo/ros2_ws/build/battery_monitor/build/lib/battery_monitor
[1.037s] running install
[1.037s] running install_lib
[1.038s] creating /home/jyo/ros2_ws/install/battery_monitor/lib/python3.10/site-packages/battery_monitor
[1.038s] copying /home/jyo/ros2_ws/build/battery_monitor/build/lib/battery_monitor/battery_monitor.py -> /home/jyo/ros2_ws/install/battery_monitor/lib/python3.10/site-packages/battery_monitor
[1.038s] copying /home/jyo/ros2_ws/build/battery_monitor/build/lib/battery_monitor/__init__.py -> /home/jyo/ros2_ws/install/battery_monitor/lib/python3.10/site-packages/battery_monitor
[1.038s] byte-compiling /home/jyo/ros2_ws/install/battery_monitor/lib/python3.10/site-packages/battery_monitor/battery_monitor.py to battery_monitor.cpython-310.pyc
[1.039s] byte-compiling /home/jyo/ros2_ws/install/battery_monitor/lib/python3.10/site-packages/battery_monitor/__init__.py to __init__.cpython-310.pyc
[1.039s] running install_data
[1.039s] creating /home/jyo/ros2_ws/install/battery_monitor/share/ament_index
[1.039s] creating /home/jyo/ros2_ws/install/battery_monitor/share/ament_index/resource_index
[1.039s] creating /home/jyo/ros2_ws/install/battery_monitor/share/ament_index/resource_index/packages
[1.040s] copying resource/battery_monitor -> /home/jyo/ros2_ws/install/battery_monitor/share/ament_index/resource_index/packages
[1.040s] copying package.xml -> /home/jyo/ros2_ws/install/battery_monitor/share/battery_monitor
[1.040s] running install_egg_info
[1.042s] Copying ../../build/battery_monitor/battery_monitor.egg-info to /home/jyo/ros2_ws/install/battery_monitor/lib/python3.10/site-packages/battery_monitor-0.0.0-py3.10.egg-info
[1.043s] running install_scripts
[1.063s] Installing battery_monitor script to /home/jyo/ros2_ws/install/battery_monitor/lib/battery_monitor
[1.063s] writing list of installed files to '/home/jyo/ros2_ws/build/battery_monitor/install.log'
[1.109s] Invoked command in '/home/jyo/ros2_ws/src/battery_monitor' returned '0': PYTHONPATH=/home/jyo/ros2_ws/build/battery_monitor/prefix_override:/usr/lib/python3/dist-packages/colcon_core/task/python/colcon_distutils_commands:/home/jyo/ros2_ws/install/battery_monitor/lib/python3.10/site-packages:${PYTHONPATH} /usr/bin/python3 -W ignore:setup.py install is deprecated -W ignore:easy_install command is deprecated setup.py egg_info --egg-base ../../build/battery_monitor build --build-base /home/jyo/ros2_ws/build/battery_monitor/build install --record /home/jyo/ros2_ws/build/battery_monitor/install.log --single-version-externally-managed install_data
