[1.623s] Invoking command in '/home/jyo/ros2_ws/src/system_monitor': PYTHONPATH=/home/jyo/ros2_ws/build/system_monitor/prefix_override:/usr/lib/python3/dist-packages/colcon_core/task/python/colcon_distutils_commands:/home/jyo/ros2_ws/install/system_monitor/lib/python3.10/site-packages:${PYTHONPATH} /usr/bin/python3 -W ignore:setup.py install is deprecated -W ignore:easy_install command is deprecated setup.py egg_info --egg-base ../../build/system_monitor build --build-base /home/jyo/ros2_ws/build/system_monitor/build install --record /home/jyo/ros2_ws/build/system_monitor/install.log --single-version-externally-managed install_data
[1.860s] running egg_info
[1.861s] writing ../../build/system_monitor/system_monitor.egg-info/PKG-INFO
[1.861s] writing dependency_links to ../../build/system_monitor/system_monitor.egg-info/dependency_links.txt
[1.862s] writing entry points to ../../build/system_monitor/system_monitor.egg-info/entry_points.txt
[1.863s] writing requirements to ../../build/system_monitor/system_monitor.egg-info/requires.txt
[1.863s] writing top-level names to ../../build/system_monitor/system_monitor.egg-info/top_level.txt
[1.865s] reading manifest file '../../build/system_monitor/system_monitor.egg-info/SOURCES.txt'
[1.867s] writing manifest file '../../build/system_monitor/system_monitor.egg-info/SOURCES.txt'
[1.867s] running build
[1.867s] running build_py
[1.867s] running install
[1.867s] running install_lib
[1.869s] running install_data
[1.870s] running install_egg_info
[1.871s] removing '/home/jyo/ros2_ws/install/system_monitor/lib/python3.10/site-packages/system_monitor-0.0.0-py3.10.egg-info' (and everything under it)
[1.872s] Copying ../../build/system_monitor/system_monitor.egg-info to /home/jyo/ros2_ws/install/system_monitor/lib/python3.10/site-packages/system_monitor-0.0.0-py3.10.egg-info
[1.872s] running install_scripts
[1.893s] Installing frequency_monitor_node script to /home/jyo/ros2_ws/install/system_monitor/lib/system_monitor
[1.893s] Installing system_monitor_node script to /home/jyo/ros2_ws/install/system_monitor/lib/system_monitor
[1.893s] writing list of installed files to '/home/jyo/ros2_ws/build/system_monitor/install.log'
[1.957s] Invoked command in '/home/jyo/ros2_ws/src/system_monitor' returned '0': PYTHONPATH=/home/jyo/ros2_ws/build/system_monitor/prefix_override:/usr/lib/python3/dist-packages/colcon_core/task/python/colcon_distutils_commands:/home/jyo/ros2_ws/install/system_monitor/lib/python3.10/site-packages:${PYTHONPATH} /usr/bin/python3 -W ignore:setup.py install is deprecated -W ignore:easy_install command is deprecated setup.py egg_info --egg-base ../../build/system_monitor build --build-base /home/jyo/ros2_ws/build/system_monitor/build install --record /home/jyo/ros2_ws/build/system_monitor/install.log --single-version-externally-managed install_data
