running egg_info
creating ../../build/system_monitor/system_monitor.egg-info
writing ../../build/system_monitor/system_monitor.egg-info/PKG-INFO
writing dependency_links to ../../build/system_monitor/system_monitor.egg-info/dependency_links.txt
writing entry points to ../../build/system_monitor/system_monitor.egg-info/entry_points.txt
writing requirements to ../../build/system_monitor/system_monitor.egg-info/requires.txt
writing top-level names to ../../build/system_monitor/system_monitor.egg-info/top_level.txt
writing manifest file '../../build/system_monitor/system_monitor.egg-info/SOURCES.txt'
reading manifest file '../../build/system_monitor/system_monitor.egg-info/SOURCES.txt'
writing manifest file '../../build/system_monitor/system_monitor.egg-info/SOURCES.txt'
running build
running build_py
creating /home/jyo/ros2_ws/build/system_monitor/build
creating /home/jyo/ros2_ws/build/system_monitor/build/lib
creating /home/jyo/ros2_ws/build/system_monitor/build/lib/system_monitor
copying system_monitor/system_monitor_node.py -> /home/jyo/ros2_ws/build/system_monitor/build/lib/system_monitor
copying system_monitor/__init__.py -> /home/jyo/ros2_ws/build/system_monitor/build/lib/system_monitor
running install
running install_lib
creating /home/jyo/ros2_ws/install/system_monitor/lib/python3.10/site-packages/system_monitor
copying /home/jyo/ros2_ws/build/system_monitor/build/lib/system_monitor/system_monitor_node.py -> /home/jyo/ros2_ws/install/system_monitor/lib/python3.10/site-packages/system_monitor
copying /home/jyo/ros2_ws/build/system_monitor/build/lib/system_monitor/__init__.py -> /home/jyo/ros2_ws/install/system_monitor/lib/python3.10/site-packages/system_monitor
byte-compiling /home/jyo/ros2_ws/install/system_monitor/lib/python3.10/site-packages/system_monitor/system_monitor_node.py to system_monitor_node.cpython-310.pyc
byte-compiling /home/jyo/ros2_ws/install/system_monitor/lib/python3.10/site-packages/system_monitor/__init__.py to __init__.cpython-310.pyc
running install_data
creating /home/jyo/ros2_ws/install/system_monitor/share/ament_index
creating /home/jyo/ros2_ws/install/system_monitor/share/ament_index/resource_index
creating /home/jyo/ros2_ws/install/system_monitor/share/ament_index/resource_index/packages
copying resource/system_monitor -> /home/jyo/ros2_ws/install/system_monitor/share/ament_index/resource_index/packages
copying package.xml -> /home/jyo/ros2_ws/install/system_monitor/share/system_monitor
running install_egg_info
Copying ../../build/system_monitor/system_monitor.egg-info to /home/jyo/ros2_ws/install/system_monitor/lib/python3.10/site-packages/system_monitor-0.0.0-py3.10.egg-info
running install_scripts
Installing system_monitor_node script to /home/jyo/ros2_ws/install/system_monitor/lib/system_monitor
writing list of installed files to '/home/jyo/ros2_ws/build/system_monitor/install.log'
