[0.601s] Invoking command in '/home/jyo/ros2_ws/src/system_monitor': PYTHONPATH=/home/jyo/ros2_ws/build/system_monitor/prefix_override:/usr/lib/python3/dist-packages/colcon_core/task/python/colcon_distutils_commands:/home/jyo/ros2_ws/install/system_monitor/lib/python3.10/site-packages:${PYTHONPATH} /usr/bin/python3 -W ignore:setup.py install is deprecated -W ignore:easy_install command is deprecated setup.py egg_info --egg-base ../../build/system_monitor build --build-base /home/jyo/ros2_ws/build/system_monitor/build install --record /home/jyo/ros2_ws/build/system_monitor/install.log --single-version-externally-managed install_data
[0.834s] running egg_info
[0.835s] creating ../../build/system_monitor/system_monitor.egg-info
[0.835s] writing ../../build/system_monitor/system_monitor.egg-info/PKG-INFO
[0.835s] writing dependency_links to ../../build/system_monitor/system_monitor.egg-info/dependency_links.txt
[0.835s] writing entry points to ../../build/system_monitor/system_monitor.egg-info/entry_points.txt
[0.835s] writing requirements to ../../build/system_monitor/system_monitor.egg-info/requires.txt
[0.836s] writing top-level names to ../../build/system_monitor/system_monitor.egg-info/top_level.txt
[0.836s] writing manifest file '../../build/system_monitor/system_monitor.egg-info/SOURCES.txt'
[0.837s] reading manifest file '../../build/system_monitor/system_monitor.egg-info/SOURCES.txt'
[0.838s] writing manifest file '../../build/system_monitor/system_monitor.egg-info/SOURCES.txt'
[0.838s] running build
[0.838s] running build_py
[0.838s] creating /home/jyo/ros2_ws/build/system_monitor/build
[0.838s] creating /home/jyo/ros2_ws/build/system_monitor/build/lib
[0.838s] creating /home/jyo/ros2_ws/build/system_monitor/build/lib/system_monitor
[0.838s] copying system_monitor/system_monitor_node.py -> /home/jyo/ros2_ws/build/system_monitor/build/lib/system_monitor
[0.838s] copying system_monitor/__init__.py -> /home/jyo/ros2_ws/build/system_monitor/build/lib/system_monitor
[0.839s] running install
[0.839s] running install_lib
[0.840s] creating /home/jyo/ros2_ws/install/system_monitor/lib/python3.10/site-packages/system_monitor
[0.840s] copying /home/jyo/ros2_ws/build/system_monitor/build/lib/system_monitor/system_monitor_node.py -> /home/jyo/ros2_ws/install/system_monitor/lib/python3.10/site-packages/system_monitor
[0.840s] copying /home/jyo/ros2_ws/build/system_monitor/build/lib/system_monitor/__init__.py -> /home/jyo/ros2_ws/install/system_monitor/lib/python3.10/site-packages/system_monitor
[0.841s] byte-compiling /home/jyo/ros2_ws/install/system_monitor/lib/python3.10/site-packages/system_monitor/system_monitor_node.py to system_monitor_node.cpython-310.pyc
[0.841s] byte-compiling /home/jyo/ros2_ws/install/system_monitor/lib/python3.10/site-packages/system_monitor/__init__.py to __init__.cpython-310.pyc
[0.842s] running install_data
[0.842s] creating /home/jyo/ros2_ws/install/system_monitor/share/ament_index
[0.842s] creating /home/jyo/ros2_ws/install/system_monitor/share/ament_index/resource_index
[0.842s] creating /home/jyo/ros2_ws/install/system_monitor/share/ament_index/resource_index/packages
[0.842s] copying resource/system_monitor -> /home/jyo/ros2_ws/install/system_monitor/share/ament_index/resource_index/packages
[0.842s] copying package.xml -> /home/jyo/ros2_ws/install/system_monitor/share/system_monitor
[0.842s] running install_egg_info
[0.844s] Copying ../../build/system_monitor/system_monitor.egg-info to /home/jyo/ros2_ws/install/system_monitor/lib/python3.10/site-packages/system_monitor-0.0.0-py3.10.egg-info
[0.844s] running install_scripts
[0.863s] Installing system_monitor_node script to /home/jyo/ros2_ws/install/system_monitor/lib/system_monitor
[0.863s] writing list of installed files to '/home/jyo/ros2_ws/build/system_monitor/install.log'
[0.891s] Invoked command in '/home/jyo/ros2_ws/src/system_monitor' returned '0': PYTHONPATH=/home/jyo/ros2_ws/build/system_monitor/prefix_override:/usr/lib/python3/dist-packages/colcon_core/task/python/colcon_distutils_commands:/home/jyo/ros2_ws/install/system_monitor/lib/python3.10/site-packages:${PYTHONPATH} /usr/bin/python3 -W ignore:setup.py install is deprecated -W ignore:easy_install command is deprecated setup.py egg_info --egg-base ../../build/system_monitor build --build-base /home/jyo/ros2_ws/build/system_monitor/build install --record /home/jyo/ros2_ws/build/system_monitor/install.log --single-version-externally-managed install_data
