[6.032s] Invoking command in '/home/jyo/ros2_ws/src/system_monitor': PYTHONPATH=/home/jyo/ros2_ws/build/system_monitor/prefix_override:/usr/lib/python3/dist-packages/colcon_core/task/python/colcon_distutils_commands:/home/jyo/ros2_ws/install/system_monitor/lib/python3.10/site-packages:${PYTHONPATH} /usr/bin/python3 -W ignore:setup.py install is deprecated -W ignore:easy_install command is deprecated setup.py egg_info --egg-base ../../build/system_monitor build --build-base /home/jyo/ros2_ws/build/system_monitor/build install --record /home/jyo/ros2_ws/build/system_monitor/install.log --single-version-externally-managed install_data
[8.145s] running egg_info
[8.147s] writing ../../build/system_monitor/system_monitor.egg-info/PKG-INFO
[8.148s] writing dependency_links to ../../build/system_monitor/system_monitor.egg-info/dependency_links.txt
[8.148s] writing entry points to ../../build/system_monitor/system_monitor.egg-info/entry_points.txt
[8.148s] writing requirements to ../../build/system_monitor/system_monitor.egg-info/requires.txt
[8.149s] writing top-level names to ../../build/system_monitor/system_monitor.egg-info/top_level.txt
[8.154s] reading manifest file '../../build/system_monitor/system_monitor.egg-info/SOURCES.txt'
[8.156s] writing manifest file '../../build/system_monitor/system_monitor.egg-info/SOURCES.txt'
[8.157s] running build
[8.157s] running build_py
[8.157s] running install
[8.158s] running install_lib
[8.165s] running install_data
[8.165s] running install_egg_info
[8.171s] removing '/home/jyo/ros2_ws/install/system_monitor/lib/python3.10/site-packages/system_monitor-0.0.0-py3.10.egg-info' (and everything under it)
[8.172s] Copying ../../build/system_monitor/system_monitor.egg-info to /home/jyo/ros2_ws/install/system_monitor/lib/python3.10/site-packages/system_monitor-0.0.0-py3.10.egg-info
[8.175s] running install_scripts
[8.265s] Installing frequency_monitor_node script to /home/jyo/ros2_ws/install/system_monitor/lib/system_monitor
[8.266s] Installing system_monitor_node script to /home/jyo/ros2_ws/install/system_monitor/lib/system_monitor
[8.267s] writing list of installed files to '/home/jyo/ros2_ws/build/system_monitor/install.log'
[8.385s] Invoked command in '/home/jyo/ros2_ws/src/system_monitor' returned '0': PYTHONPATH=/home/jyo/ros2_ws/build/system_monitor/prefix_override:/usr/lib/python3/dist-packages/colcon_core/task/python/colcon_distutils_commands:/home/jyo/ros2_ws/install/system_monitor/lib/python3.10/site-packages:${PYTHONPATH} /usr/bin/python3 -W ignore:setup.py install is deprecated -W ignore:easy_install command is deprecated setup.py egg_info --egg-base ../../build/system_monitor build --build-base /home/jyo/ros2_ws/build/system_monitor/build install --record /home/jyo/ros2_ws/build/system_monitor/install.log --single-version-externally-managed install_data
