[2.528s] Invoking command in '/home/jyo/ros2_ws/src/rosbag_control': PYTHONPATH=/home/jyo/ros2_ws/build/rosbag_control/prefix_override:/usr/lib/python3/dist-packages/colcon_core/task/python/colcon_distutils_commands:/home/jyo/ros2_ws/install/rosbag_control/lib/python3.10/site-packages:${PYTHONPATH} /usr/bin/python3 -W ignore:setup.py install is deprecated -W ignore:easy_install command is deprecated setup.py egg_info --egg-base ../../build/rosbag_control build --build-base /home/jyo/ros2_ws/build/rosbag_control/build install --record /home/jyo/ros2_ws/build/rosbag_control/install.log --single-version-externally-managed
[2.873s] running egg_info
[2.874s] writing ../../build/rosbag_control/rosbag_control.egg-info/PKG-INFO
[2.875s] writing dependency_links to ../../build/rosbag_control/rosbag_control.egg-info/dependency_links.txt
[2.875s] writing entry points to ../../build/rosbag_control/rosbag_control.egg-info/entry_points.txt
[2.875s] writing requirements to ../../build/rosbag_control/rosbag_control.egg-info/requires.txt
[2.875s] writing top-level names to ../../build/rosbag_control/rosbag_control.egg-info/top_level.txt
[2.878s] reading manifest file '../../build/rosbag_control/rosbag_control.egg-info/SOURCES.txt'
[2.880s] writing manifest file '../../build/rosbag_control/rosbag_control.egg-info/SOURCES.txt'
[2.880s] running build
[2.880s] running build_py
[2.880s] copying rosbag_control/rosbag_control_node.py -> /home/jyo/ros2_ws/build/rosbag_control/build/lib/rosbag_control
[2.881s] running install
[2.881s] running install_lib
[2.881s] copying /home/jyo/ros2_ws/build/rosbag_control/build/lib/rosbag_control/rosbag_control_node.py -> /home/jyo/ros2_ws/install/rosbag_control/lib/python3.10/site-packages/rosbag_control
[2.882s] byte-compiling /home/jyo/ros2_ws/install/rosbag_control/lib/python3.10/site-packages/rosbag_control/rosbag_control_node.py to rosbag_control_node.cpython-310.pyc
[2.883s] running install_egg_info
[2.887s] removing '/home/jyo/ros2_ws/install/rosbag_control/lib/python3.10/site-packages/rosbag_control-0.0.0-py3.10.egg-info' (and everything under it)
[2.887s] Copying ../../build/rosbag_control/rosbag_control.egg-info to /home/jyo/ros2_ws/install/rosbag_control/lib/python3.10/site-packages/rosbag_control-0.0.0-py3.10.egg-info
[2.888s] running install_scripts
[2.920s] Installing rosbag_control_node script to /home/jyo/ros2_ws/install/rosbag_control/lib/rosbag_control
[2.921s] writing list of installed files to '/home/jyo/ros2_ws/build/rosbag_control/install.log'
[2.998s] Invoked command in '/home/jyo/ros2_ws/src/rosbag_control' returned '0': PYTHONPATH=/home/jyo/ros2_ws/build/rosbag_control/prefix_override:/usr/lib/python3/dist-packages/colcon_core/task/python/colcon_distutils_commands:/home/jyo/ros2_ws/install/rosbag_control/lib/python3.10/site-packages:${PYTHONPATH} /usr/bin/python3 -W ignore:setup.py install is deprecated -W ignore:easy_install command is deprecated setup.py egg_info --egg-base ../../build/rosbag_control build --build-base /home/jyo/ros2_ws/build/rosbag_control/build install --record /home/jyo/ros2_ws/build/rosbag_control/install.log --single-version-externally-managed
