[3.050s] Invoking command in '/home/jyo/ros2_ws/src/rosbag_control': PYTHONPATH=/home/jyo/ros2_ws/build/rosbag_control/prefix_override:/usr/lib/python3/dist-packages/colcon_core/task/python/colcon_distutils_commands:/home/jyo/ros2_ws/install/rosbag_control/lib/python3.10/site-packages:${PYTHONPATH} /usr/bin/python3 -W ignore:setup.py install is deprecated -W ignore:easy_install command is deprecated setup.py egg_info --egg-base ../../build/rosbag_control build --build-base /home/jyo/ros2_ws/build/rosbag_control/build install --record /home/jyo/ros2_ws/build/rosbag_control/install.log --single-version-externally-managed
[3.402s] running egg_info
[3.403s] writing ../../build/rosbag_control/rosbag_control.egg-info/PKG-INFO
[3.404s] writing dependency_links to ../../build/rosbag_control/rosbag_control.egg-info/dependency_links.txt
[3.404s] writing entry points to ../../build/rosbag_control/rosbag_control.egg-info/entry_points.txt
[3.404s] writing requirements to ../../build/rosbag_control/rosbag_control.egg-info/requires.txt
[3.404s] writing top-level names to ../../build/rosbag_control/rosbag_control.egg-info/top_level.txt
[3.407s] reading manifest file '../../build/rosbag_control/rosbag_control.egg-info/SOURCES.txt'
[3.408s] writing manifest file '../../build/rosbag_control/rosbag_control.egg-info/SOURCES.txt'
[3.408s] running build
[3.408s] running build_py
[3.409s] running install
[3.410s] running install_lib
[3.411s] running install_egg_info
[3.416s] removing '/home/jyo/ros2_ws/install/rosbag_control/lib/python3.10/site-packages/rosbag_control-0.0.0-py3.10.egg-info' (and everything under it)
[3.417s] Copying ../../build/rosbag_control/rosbag_control.egg-info to /home/jyo/ros2_ws/install/rosbag_control/lib/python3.10/site-packages/rosbag_control-0.0.0-py3.10.egg-info
[3.418s] running install_scripts
[3.447s] Installing rosbag_control_node script to /home/jyo/ros2_ws/install/rosbag_control/lib/rosbag_control
[3.448s] writing list of installed files to '/home/jyo/ros2_ws/build/rosbag_control/install.log'
[3.507s] Invoked command in '/home/jyo/ros2_ws/src/rosbag_control' returned '0': PYTHONPATH=/home/jyo/ros2_ws/build/rosbag_control/prefix_override:/usr/lib/python3/dist-packages/colcon_core/task/python/colcon_distutils_commands:/home/jyo/ros2_ws/install/rosbag_control/lib/python3.10/site-packages:${PYTHONPATH} /usr/bin/python3 -W ignore:setup.py install is deprecated -W ignore:easy_install command is deprecated setup.py egg_info --egg-base ../../build/rosbag_control build --build-base /home/jyo/ros2_ws/build/rosbag_control/build install --record /home/jyo/ros2_ws/build/rosbag_control/install.log --single-version-externally-managed
