[0.227s] DEBUG:colcon:Command line arguments: ['/usr/bin/colcon', 'build']
[0.227s] DEBUG:colcon:Parsed command line arguments: Namespace(log_base=None, log_level=None, verb_name='build', build_base='build', install_base='install', merge_install=False, symlink_install=False, test_result_base=None, continue_on_error=False, executor='parallel', parallel_workers=12, event_handlers=None, ignore_user_meta=False, metas=['./colcon.meta'], base_paths=['.'], packages_ignore=None, packages_ignore_regex=None, paths=None, packages_up_to=None, packages_up_to_regex=None, packages_above=None, packages_above_and_dependencies=None, packages_above_depth=None, packages_select_by_dep=None, packages_skip_by_dep=None, packages_skip_up_to=None, packages_select_build_failed=False, packages_skip_build_finished=False, packages_select_test_failures=False, packages_skip_test_passed=False, packages_select=None, packages_skip=None, packages_select_regex=None, packages_skip_regex=None, packages_start=None, packages_end=None, allow_overriding=[], cmake_args=None, cmake_target=None, cmake_target_skip_unavailable=False, cmake_clean_cache=False, cmake_clean_first=False, cmake_force_configure=False, ament_cmake_args=None, catkin_cmake_args=None, catkin_skip_building_tests=False, verb_parser=<colcon_defaults.argument_parser.defaults.DefaultArgumentsDecorator object at 0x727e47b49b10>, verb_extension=<colcon_core.verb.build.BuildVerb object at 0x727e47c5af20>, main=<bound method BuildVerb.main of <colcon_core.verb.build.BuildVerb object at 0x727e47c5af20>>)
[0.608s] Level 1:colcon.colcon_core.package_discovery:discover_packages(colcon_meta) check parameters
[0.608s] Level 1:colcon.colcon_core.package_discovery:discover_packages(recursive) check parameters
[0.608s] Level 1:colcon.colcon_core.package_discovery:discover_packages(ignore) check parameters
[0.608s] Level 1:colcon.colcon_core.package_discovery:discover_packages(path) check parameters
[0.608s] Level 1:colcon.colcon_core.package_discovery:discover_packages(colcon_meta) discover
[0.608s] Level 1:colcon.colcon_core.package_discovery:discover_packages(recursive) discover
[0.608s] INFO:colcon.colcon_core.package_discovery:Crawling recursively for packages in '/home/jyo/ros2_ws'
[0.608s] Level 1:colcon.colcon_core.package_identification:_identify(.) by extensions ['ignore', 'ignore_ament_install']
[0.609s] Level 1:colcon.colcon_core.package_identification:_identify(.) by extension 'ignore'
[0.609s] Level 1:colcon.colcon_core.package_identification:_identify(.) by extension 'ignore_ament_install'
[0.610s] Level 1:colcon.colcon_core.package_identification:_identify(.) by extensions ['colcon_pkg']
[0.610s] Level 1:colcon.colcon_core.package_identification:_identify(.) by extension 'colcon_pkg'
[0.610s] Level 1:colcon.colcon_core.package_identification:_identify(.) by extensions ['colcon_meta']
[0.610s] Level 1:colcon.colcon_core.package_identification:_identify(.) by extension 'colcon_meta'
[0.610s] Level 1:colcon.colcon_core.package_identification:_identify(.) by extensions ['ros']
[0.610s] Level 1:colcon.colcon_core.package_identification:_identify(.) by extension 'ros'
[0.626s] Level 1:colcon.colcon_core.package_identification:_identify(.) by extensions ['cmake', 'python']
[0.626s] Level 1:colcon.colcon_core.package_identification:_identify(.) by extension 'cmake'
[0.627s] Level 1:colcon.colcon_core.package_identification:_identify(.) by extension 'python'
[0.627s] Level 1:colcon.colcon_core.package_identification:_identify(.) by extensions ['python_setup_py']
[0.627s] Level 1:colcon.colcon_core.package_identification:_identify(.) by extension 'python_setup_py'
[0.627s] Level 1:colcon.colcon_core.package_identification:_identify(ArduinoCode) by extensions ['ignore', 'ignore_ament_install']
[0.627s] Level 1:colcon.colcon_core.package_identification:_identify(ArduinoCode) by extension 'ignore'
[0.627s] Level 1:colcon.colcon_core.package_identification:_identify(ArduinoCode) by extension 'ignore_ament_install'
[0.627s] Level 1:colcon.colcon_core.package_identification:_identify(ArduinoCode) by extensions ['colcon_pkg']
[0.627s] Level 1:colcon.colcon_core.package_identification:_identify(ArduinoCode) by extension 'colcon_pkg'
[0.627s] Level 1:colcon.colcon_core.package_identification:_identify(ArduinoCode) by extensions ['colcon_meta']
[0.627s] Level 1:colcon.colcon_core.package_identification:_identify(ArduinoCode) by extension 'colcon_meta'
[0.627s] Level 1:colcon.colcon_core.package_identification:_identify(ArduinoCode) by extensions ['ros']
[0.627s] Level 1:colcon.colcon_core.package_identification:_identify(ArduinoCode) by extension 'ros'
[0.628s] Level 1:colcon.colcon_core.package_identification:_identify(ArduinoCode) by extensions ['cmake', 'python']
[0.628s] Level 1:colcon.colcon_core.package_identification:_identify(ArduinoCode) by extension 'cmake'
[0.628s] Level 1:colcon.colcon_core.package_identification:_identify(ArduinoCode) by extension 'python'
[0.628s] Level 1:colcon.colcon_core.package_identification:_identify(ArduinoCode) by extensions ['python_setup_py']
[0.628s] Level 1:colcon.colcon_core.package_identification:_identify(ArduinoCode) by extension 'python_setup_py'
[0.628s] Level 1:colcon.colcon_core.package_identification:_identify(build) by extensions ['ignore', 'ignore_ament_install']
[0.628s] Level 1:colcon.colcon_core.package_identification:_identify(build) by extension 'ignore'
[0.628s] Level 1:colcon.colcon_core.package_identification:_identify(build) ignored
[0.628s] Level 1:colcon.colcon_core.package_identification:_identify(install) by extensions ['ignore', 'ignore_ament_install']
[0.628s] Level 1:colcon.colcon_core.package_identification:_identify(install) by extension 'ignore'
[0.628s] Level 1:colcon.colcon_core.package_identification:_identify(install) ignored
[0.629s] Level 1:colcon.colcon_core.package_identification:_identify(log) by extensions ['ignore', 'ignore_ament_install']
[0.629s] Level 1:colcon.colcon_core.package_identification:_identify(log) by extension 'ignore'
[0.629s] Level 1:colcon.colcon_core.package_identification:_identify(log) ignored
[0.629s] Level 1:colcon.colcon_core.package_identification:_identify(parameters) by extensions ['ignore', 'ignore_ament_install']
[0.629s] Level 1:colcon.colcon_core.package_identification:_identify(parameters) by extension 'ignore'
[0.629s] Level 1:colcon.colcon_core.package_identification:_identify(parameters) by extension 'ignore_ament_install'
[0.629s] Level 1:colcon.colcon_core.package_identification:_identify(parameters) by extensions ['colcon_pkg']
[0.629s] Level 1:colcon.colcon_core.package_identification:_identify(parameters) by extension 'colcon_pkg'
[0.629s] Level 1:colcon.colcon_core.package_identification:_identify(parameters) by extensions ['colcon_meta']
[0.629s] Level 1:colcon.colcon_core.package_identification:_identify(parameters) by extension 'colcon_meta'
[0.629s] Level 1:colcon.colcon_core.package_identification:_identify(parameters) by extensions ['ros']
[0.629s] Level 1:colcon.colcon_core.package_identification:_identify(parameters) by extension 'ros'
[0.629s] Level 1:colcon.colcon_core.package_identification:_identify(parameters) by extensions ['cmake', 'python']
[0.629s] Level 1:colcon.colcon_core.package_identification:_identify(parameters) by extension 'cmake'
[0.629s] Level 1:colcon.colcon_core.package_identification:_identify(parameters) by extension 'python'
[0.630s] Level 1:colcon.colcon_core.package_identification:_identify(parameters) by extensions ['python_setup_py']
[0.630s] Level 1:colcon.colcon_core.package_identification:_identify(parameters) by extension 'python_setup_py'
[0.630s] Level 1:colcon.colcon_core.package_identification:_identify(src) by extensions ['ignore', 'ignore_ament_install']
[0.630s] Level 1:colcon.colcon_core.package_identification:_identify(src) by extension 'ignore'
[0.630s] Level 1:colcon.colcon_core.package_identification:_identify(src) by extension 'ignore_ament_install'
[0.630s] Level 1:colcon.colcon_core.package_identification:_identify(src) by extensions ['colcon_pkg']
[0.630s] Level 1:colcon.colcon_core.package_identification:_identify(src) by extension 'colcon_pkg'
[0.630s] Level 1:colcon.colcon_core.package_identification:_identify(src) by extensions ['colcon_meta']
[0.630s] Level 1:colcon.colcon_core.package_identification:_identify(src) by extension 'colcon_meta'
[0.630s] Level 1:colcon.colcon_core.package_identification:_identify(src) by extensions ['ros']
[0.630s] Level 1:colcon.colcon_core.package_identification:_identify(src) by extension 'ros'
[0.630s] Level 1:colcon.colcon_core.package_identification:_identify(src) by extensions ['cmake', 'python']
[0.630s] Level 1:colcon.colcon_core.package_identification:_identify(src) by extension 'cmake'
[0.630s] Level 1:colcon.colcon_core.package_identification:_identify(src) by extension 'python'
[0.630s] Level 1:colcon.colcon_core.package_identification:_identify(src) by extensions ['python_setup_py']
[0.631s] Level 1:colcon.colcon_core.package_identification:_identify(src) by extension 'python_setup_py'
[0.631s] Level 1:colcon.colcon_core.package_identification:_identify(src/battery_monitor) by extensions ['ignore', 'ignore_ament_install']
[0.631s] Level 1:colcon.colcon_core.package_identification:_identify(src/battery_monitor) by extension 'ignore'
[0.631s] Level 1:colcon.colcon_core.package_identification:_identify(src/battery_monitor) by extension 'ignore_ament_install'
[0.631s] Level 1:colcon.colcon_core.package_identification:_identify(src/battery_monitor) by extensions ['colcon_pkg']
[0.631s] Level 1:colcon.colcon_core.package_identification:_identify(src/battery_monitor) by extension 'colcon_pkg'
[0.631s] Level 1:colcon.colcon_core.package_identification:_identify(src/battery_monitor) by extensions ['colcon_meta']
[0.631s] Level 1:colcon.colcon_core.package_identification:_identify(src/battery_monitor) by extension 'colcon_meta'
[0.631s] Level 1:colcon.colcon_core.package_identification:_identify(src/battery_monitor) by extensions ['ros']
[0.631s] Level 1:colcon.colcon_core.package_identification:_identify(src/battery_monitor) by extension 'ros'
[0.636s] DEBUG:colcon.colcon_core.package_identification:Package 'src/battery_monitor' with type 'ros.ament_python' and name 'battery_monitor'
[0.636s] Level 1:colcon.colcon_core.package_identification:_identify(src/cart_control) by extensions ['ignore', 'ignore_ament_install']
[0.636s] Level 1:colcon.colcon_core.package_identification:_identify(src/cart_control) by extension 'ignore'
[0.637s] Level 1:colcon.colcon_core.package_identification:_identify(src/cart_control) by extension 'ignore_ament_install'
[0.637s] Level 1:colcon.colcon_core.package_identification:_identify(src/cart_control) by extensions ['colcon_pkg']
[0.637s] Level 1:colcon.colcon_core.package_identification:_identify(src/cart_control) by extension 'colcon_pkg'
[0.637s] Level 1:colcon.colcon_core.package_identification:_identify(src/cart_control) by extensions ['colcon_meta']
[0.637s] Level 1:colcon.colcon_core.package_identification:_identify(src/cart_control) by extension 'colcon_meta'
[0.637s] Level 1:colcon.colcon_core.package_identification:_identify(src/cart_control) by extensions ['ros']
[0.637s] Level 1:colcon.colcon_core.package_identification:_identify(src/cart_control) by extension 'ros'
[0.638s] DEBUG:colcon.colcon_core.package_identification:Package 'src/cart_control' with type 'ros.ament_python' and name 'cart_control'
[0.638s] Level 1:colcon.colcon_core.package_identification:_identify(src/daemon) by extensions ['ignore', 'ignore_ament_install']
[0.638s] Level 1:colcon.colcon_core.package_identification:_identify(src/daemon) by extension 'ignore'
[0.638s] Level 1:colcon.colcon_core.package_identification:_identify(src/daemon) by extension 'ignore_ament_install'
[0.638s] Level 1:colcon.colcon_core.package_identification:_identify(src/daemon) by extensions ['colcon_pkg']
[0.638s] Level 1:colcon.colcon_core.package_identification:_identify(src/daemon) by extension 'colcon_pkg'
[0.638s] Level 1:colcon.colcon_core.package_identification:_identify(src/daemon) by extensions ['colcon_meta']
[0.638s] Level 1:colcon.colcon_core.package_identification:_identify(src/daemon) by extension 'colcon_meta'
[0.639s] Level 1:colcon.colcon_core.package_identification:_identify(src/daemon) by extensions ['ros']
[0.639s] Level 1:colcon.colcon_core.package_identification:_identify(src/daemon) by extension 'ros'
[0.640s] DEBUG:colcon.colcon_core.package_identification:Package 'src/daemon' with type 'ros.ament_cmake' and name 'daemon'
[0.640s] Level 1:colcon.colcon_core.package_identification:_identify(src/log) by extensions ['ignore', 'ignore_ament_install']
[0.640s] Level 1:colcon.colcon_core.package_identification:_identify(src/log) by extension 'ignore'
[0.640s] Level 1:colcon.colcon_core.package_identification:_identify(src/log) by extension 'ignore_ament_install'
[0.640s] Level 1:colcon.colcon_core.package_identification:_identify(src/log) by extensions ['colcon_pkg']
[0.640s] Level 1:colcon.colcon_core.package_identification:_identify(src/log) by extension 'colcon_pkg'
[0.640s] Level 1:colcon.colcon_core.package_identification:_identify(src/log) by extensions ['colcon_meta']
[0.640s] Level 1:colcon.colcon_core.package_identification:_identify(src/log) by extension 'colcon_meta'
[0.640s] Level 1:colcon.colcon_core.package_identification:_identify(src/log) by extensions ['ros']
[0.640s] Level 1:colcon.colcon_core.package_identification:_identify(src/log) by extension 'ros'
[0.641s] Level 1:colcon.colcon_core.package_identification:_identify(src/log) by extensions ['cmake', 'python']
[0.641s] Level 1:colcon.colcon_core.package_identification:_identify(src/log) by extension 'cmake'
[0.641s] Level 1:colcon.colcon_core.package_identification:_identify(src/log) by extension 'python'
[0.641s] Level 1:colcon.colcon_core.package_identification:_identify(src/log) by extensions ['python_setup_py']
[0.641s] Level 1:colcon.colcon_core.package_identification:_identify(src/log) by extension 'python_setup_py'
[0.641s] Level 1:colcon.colcon_core.package_identification:_identify(src/multi_camera_pkg) by extensions ['ignore', 'ignore_ament_install']
[0.641s] Level 1:colcon.colcon_core.package_identification:_identify(src/multi_camera_pkg) by extension 'ignore'
[0.641s] Level 1:colcon.colcon_core.package_identification:_identify(src/multi_camera_pkg) by extension 'ignore_ament_install'
[0.641s] Level 1:colcon.colcon_core.package_identification:_identify(src/multi_camera_pkg) by extensions ['colcon_pkg']
[0.641s] Level 1:colcon.colcon_core.package_identification:_identify(src/multi_camera_pkg) by extension 'colcon_pkg'
[0.641s] Level 1:colcon.colcon_core.package_identification:_identify(src/multi_camera_pkg) by extensions ['colcon_meta']
[0.641s] Level 1:colcon.colcon_core.package_identification:_identify(src/multi_camera_pkg) by extension 'colcon_meta'
[0.641s] Level 1:colcon.colcon_core.package_identification:_identify(src/multi_camera_pkg) by extensions ['ros']
[0.641s] Level 1:colcon.colcon_core.package_identification:_identify(src/multi_camera_pkg) by extension 'ros'
[0.643s] DEBUG:colcon.colcon_core.package_identification:Package 'src/multi_camera_pkg' with type 'ros.ament_python' and name 'multi_camera_pkg'
[0.643s] Level 1:colcon.colcon_core.package_identification:_identify(src/multi_camera_publisher) by extensions ['ignore', 'ignore_ament_install']
[0.643s] Level 1:colcon.colcon_core.package_identification:_identify(src/multi_camera_publisher) by extension 'ignore'
[0.643s] Level 1:colcon.colcon_core.package_identification:_identify(src/multi_camera_publisher) by extension 'ignore_ament_install'
[0.643s] Level 1:colcon.colcon_core.package_identification:_identify(src/multi_camera_publisher) by extensions ['colcon_pkg']
[0.643s] Level 1:colcon.colcon_core.package_identification:_identify(src/multi_camera_publisher) by extension 'colcon_pkg'
[0.643s] Level 1:colcon.colcon_core.package_identification:_identify(src/multi_camera_publisher) by extensions ['colcon_meta']
[0.643s] Level 1:colcon.colcon_core.package_identification:_identify(src/multi_camera_publisher) by extension 'colcon_meta'
[0.643s] Level 1:colcon.colcon_core.package_identification:_identify(src/multi_camera_publisher) by extensions ['ros']
[0.643s] Level 1:colcon.colcon_core.package_identification:_identify(src/multi_camera_publisher) by extension 'ros'
[0.646s] DEBUG:colcon.colcon_core.package_identification:Package 'src/multi_camera_publisher' with type 'ros.ament_python' and name 'multi_camera_publisher'
[0.646s] Level 1:colcon.colcon_core.package_identification:_identify(src/parameters) by extensions ['ignore', 'ignore_ament_install']
[0.647s] Level 1:colcon.colcon_core.package_identification:_identify(src/parameters) by extension 'ignore'
[0.647s] Level 1:colcon.colcon_core.package_identification:_identify(src/parameters) by extension 'ignore_ament_install'
[0.647s] Level 1:colcon.colcon_core.package_identification:_identify(src/parameters) by extensions ['colcon_pkg']
[0.647s] Level 1:colcon.colcon_core.package_identification:_identify(src/parameters) by extension 'colcon_pkg'
[0.647s] Level 1:colcon.colcon_core.package_identification:_identify(src/parameters) by extensions ['colcon_meta']
[0.647s] Level 1:colcon.colcon_core.package_identification:_identify(src/parameters) by extension 'colcon_meta'
[0.647s] Level 1:colcon.colcon_core.package_identification:_identify(src/parameters) by extensions ['ros']
[0.647s] Level 1:colcon.colcon_core.package_identification:_identify(src/parameters) by extension 'ros'
[0.647s] Level 1:colcon.colcon_core.package_identification:_identify(src/parameters) by extensions ['cmake', 'python']
[0.647s] Level 1:colcon.colcon_core.package_identification:_identify(src/parameters) by extension 'cmake'
[0.647s] Level 1:colcon.colcon_core.package_identification:_identify(src/parameters) by extension 'python'
[0.647s] Level 1:colcon.colcon_core.package_identification:_identify(src/parameters) by extensions ['python_setup_py']
[0.647s] Level 1:colcon.colcon_core.package_identification:_identify(src/parameters) by extension 'python_setup_py'
[0.647s] Level 1:colcon.colcon_core.package_identification:_identify(src/rosbag_control) by extensions ['ignore', 'ignore_ament_install']
[0.648s] Level 1:colcon.colcon_core.package_identification:_identify(src/rosbag_control) by extension 'ignore'
[0.648s] Level 1:colcon.colcon_core.package_identification:_identify(src/rosbag_control) by extension 'ignore_ament_install'
[0.648s] Level 1:colcon.colcon_core.package_identification:_identify(src/rosbag_control) by extensions ['colcon_pkg']
[0.648s] Level 1:colcon.colcon_core.package_identification:_identify(src/rosbag_control) by extension 'colcon_pkg'
[0.648s] Level 1:colcon.colcon_core.package_identification:_identify(src/rosbag_control) by extensions ['colcon_meta']
[0.648s] Level 1:colcon.colcon_core.package_identification:_identify(src/rosbag_control) by extension 'colcon_meta'
[0.648s] Level 1:colcon.colcon_core.package_identification:_identify(src/rosbag_control) by extensions ['ros']
[0.648s] Level 1:colcon.colcon_core.package_identification:_identify(src/rosbag_control) by extension 'ros'
[0.650s] DEBUG:colcon.colcon_core.package_identification:Package 'src/rosbag_control' with type 'ros.ament_python' and name 'rosbag_control'
[0.651s] Level 1:colcon.colcon_core.package_identification:_identify(src/system_monitor) by extensions ['ignore', 'ignore_ament_install']
[0.651s] Level 1:colcon.colcon_core.package_identification:_identify(src/system_monitor) by extension 'ignore'
[0.651s] Level 1:colcon.colcon_core.package_identification:_identify(src/system_monitor) by extension 'ignore_ament_install'
[0.651s] Level 1:colcon.colcon_core.package_identification:_identify(src/system_monitor) by extensions ['colcon_pkg']
[0.651s] Level 1:colcon.colcon_core.package_identification:_identify(src/system_monitor) by extension 'colcon_pkg'
[0.651s] Level 1:colcon.colcon_core.package_identification:_identify(src/system_monitor) by extensions ['colcon_meta']
[0.651s] Level 1:colcon.colcon_core.package_identification:_identify(src/system_monitor) by extension 'colcon_meta'
[0.651s] Level 1:colcon.colcon_core.package_identification:_identify(src/system_monitor) by extensions ['ros']
[0.651s] Level 1:colcon.colcon_core.package_identification:_identify(src/system_monitor) by extension 'ros'
[0.653s] DEBUG:colcon.colcon_core.package_identification:Package 'src/system_monitor' with type 'ros.ament_python' and name 'system_monitor'
[0.654s] Level 1:colcon.colcon_core.package_identification:_identify(ublox_config) by extensions ['ignore', 'ignore_ament_install']
[0.654s] Level 1:colcon.colcon_core.package_identification:_identify(ublox_config) by extension 'ignore'
[0.654s] Level 1:colcon.colcon_core.package_identification:_identify(ublox_config) by extension 'ignore_ament_install'
[0.654s] Level 1:colcon.colcon_core.package_identification:_identify(ublox_config) by extensions ['colcon_pkg']
[0.654s] Level 1:colcon.colcon_core.package_identification:_identify(ublox_config) by extension 'colcon_pkg'
[0.654s] Level 1:colcon.colcon_core.package_identification:_identify(ublox_config) by extensions ['colcon_meta']
[0.654s] Level 1:colcon.colcon_core.package_identification:_identify(ublox_config) by extension 'colcon_meta'
[0.654s] Level 1:colcon.colcon_core.package_identification:_identify(ublox_config) by extensions ['ros']
[0.654s] Level 1:colcon.colcon_core.package_identification:_identify(ublox_config) by extension 'ros'
[0.654s] Level 1:colcon.colcon_core.package_identification:_identify(ublox_config) by extensions ['cmake', 'python']
[0.654s] Level 1:colcon.colcon_core.package_identification:_identify(ublox_config) by extension 'cmake'
[0.655s] Level 1:colcon.colcon_core.package_identification:_identify(ublox_config) by extension 'python'
[0.655s] Level 1:colcon.colcon_core.package_identification:_identify(ublox_config) by extensions ['python_setup_py']
[0.655s] Level 1:colcon.colcon_core.package_identification:_identify(ublox_config) by extension 'python_setup_py'
[0.655s] Level 1:colcon.colcon_core.package_identification:_identify(web_ui) by extensions ['ignore', 'ignore_ament_install']
[0.655s] Level 1:colcon.colcon_core.package_identification:_identify(web_ui) by extension 'ignore'
[0.655s] Level 1:colcon.colcon_core.package_identification:_identify(web_ui) by extension 'ignore_ament_install'
[0.655s] Level 1:colcon.colcon_core.package_identification:_identify(web_ui) by extensions ['colcon_pkg']
[0.655s] Level 1:colcon.colcon_core.package_identification:_identify(web_ui) by extension 'colcon_pkg'
[0.655s] Level 1:colcon.colcon_core.package_identification:_identify(web_ui) by extensions ['colcon_meta']
[0.655s] Level 1:colcon.colcon_core.package_identification:_identify(web_ui) by extension 'colcon_meta'
[0.655s] Level 1:colcon.colcon_core.package_identification:_identify(web_ui) by extensions ['ros']
[0.655s] Level 1:colcon.colcon_core.package_identification:_identify(web_ui) by extension 'ros'
[0.655s] Level 1:colcon.colcon_core.package_identification:_identify(web_ui) by extensions ['cmake', 'python']
[0.655s] Level 1:colcon.colcon_core.package_identification:_identify(web_ui) by extension 'cmake'
[0.655s] Level 1:colcon.colcon_core.package_identification:_identify(web_ui) by extension 'python'
[0.655s] Level 1:colcon.colcon_core.package_identification:_identify(web_ui) by extensions ['python_setup_py']
[0.656s] Level 1:colcon.colcon_core.package_identification:_identify(web_ui) by extension 'python_setup_py'
[0.656s] Level 1:colcon.colcon_core.package_identification:_identify(web_ui/__pycache__) by extensions ['ignore', 'ignore_ament_install']
[0.656s] Level 1:colcon.colcon_core.package_identification:_identify(web_ui/__pycache__) by extension 'ignore'
[0.656s] Level 1:colcon.colcon_core.package_identification:_identify(web_ui/__pycache__) by extension 'ignore_ament_install'
[0.656s] Level 1:colcon.colcon_core.package_identification:_identify(web_ui/__pycache__) by extensions ['colcon_pkg']
[0.656s] Level 1:colcon.colcon_core.package_identification:_identify(web_ui/__pycache__) by extension 'colcon_pkg'
[0.656s] Level 1:colcon.colcon_core.package_identification:_identify(web_ui/__pycache__) by extensions ['colcon_meta']
[0.656s] Level 1:colcon.colcon_core.package_identification:_identify(web_ui/__pycache__) by extension 'colcon_meta'
[0.656s] Level 1:colcon.colcon_core.package_identification:_identify(web_ui/__pycache__) by extensions ['ros']
[0.656s] Level 1:colcon.colcon_core.package_identification:_identify(web_ui/__pycache__) by extension 'ros'
[0.656s] Level 1:colcon.colcon_core.package_identification:_identify(web_ui/__pycache__) by extensions ['cmake', 'python']
[0.656s] Level 1:colcon.colcon_core.package_identification:_identify(web_ui/__pycache__) by extension 'cmake'
[0.656s] Level 1:colcon.colcon_core.package_identification:_identify(web_ui/__pycache__) by extension 'python'
[0.656s] Level 1:colcon.colcon_core.package_identification:_identify(web_ui/__pycache__) by extensions ['python_setup_py']
[0.656s] Level 1:colcon.colcon_core.package_identification:_identify(web_ui/__pycache__) by extension 'python_setup_py'
[0.657s] Level 1:colcon.colcon_core.package_identification:_identify(web_ui/js) by extensions ['ignore', 'ignore_ament_install']
[0.657s] Level 1:colcon.colcon_core.package_identification:_identify(web_ui/js) by extension 'ignore'
[0.657s] Level 1:colcon.colcon_core.package_identification:_identify(web_ui/js) by extension 'ignore_ament_install'
[0.657s] Level 1:colcon.colcon_core.package_identification:_identify(web_ui/js) by extensions ['colcon_pkg']
[0.657s] Level 1:colcon.colcon_core.package_identification:_identify(web_ui/js) by extension 'colcon_pkg'
[0.657s] Level 1:colcon.colcon_core.package_identification:_identify(web_ui/js) by extensions ['colcon_meta']
[0.657s] Level 1:colcon.colcon_core.package_identification:_identify(web_ui/js) by extension 'colcon_meta'
[0.657s] Level 1:colcon.colcon_core.package_identification:_identify(web_ui/js) by extensions ['ros']
[0.657s] Level 1:colcon.colcon_core.package_identification:_identify(web_ui/js) by extension 'ros'
[0.657s] Level 1:colcon.colcon_core.package_identification:_identify(web_ui/js) by extensions ['cmake', 'python']
[0.657s] Level 1:colcon.colcon_core.package_identification:_identify(web_ui/js) by extension 'cmake'
[0.658s] Level 1:colcon.colcon_core.package_identification:_identify(web_ui/js) by extension 'python'
[0.658s] Level 1:colcon.colcon_core.package_identification:_identify(web_ui/js) by extensions ['python_setup_py']
[0.658s] Level 1:colcon.colcon_core.package_identification:_identify(web_ui/js) by extension 'python_setup_py'
[0.658s] Level 1:colcon.colcon_core.package_discovery:discover_packages(recursive) using defaults
[0.658s] Level 1:colcon.colcon_core.package_discovery:discover_packages(ignore) discover
[0.658s] Level 1:colcon.colcon_core.package_discovery:discover_packages(ignore) using defaults
[0.658s] Level 1:colcon.colcon_core.package_discovery:discover_packages(path) discover
[0.658s] Level 1:colcon.colcon_core.package_discovery:discover_packages(path) using defaults
[0.724s] Level 1:colcon.colcon_core.package_discovery:discover_packages(prefix_path) check parameters
[0.724s] Level 1:colcon.colcon_core.package_discovery:discover_packages(prefix_path) discover
[0.731s] DEBUG:colcon.colcon_installed_package_information.package_discovery:Found 1 installed packages in /home/jyo/projects/ydlidar_ros2_ws/install
[0.732s] DEBUG:colcon.colcon_installed_package_information.package_discovery:Found 2 installed packages in /home/jyo/projects/ouster-ros-ws/install
[0.733s] DEBUG:colcon.colcon_installed_package_information.package_discovery:Found 7 installed packages in /home/jyo/ros2_ws/install
[0.735s] DEBUG:colcon.colcon_installed_package_information.package_discovery:Found 283 installed packages in /opt/ros/humble
[0.737s] Level 1:colcon.colcon_core.package_discovery:discover_packages(prefix_path) using defaults
[0.795s] Level 5:colcon.colcon_core.verb:set package 'battery_monitor' build argument 'cmake_args' from command line to 'None'
[0.795s] Level 5:colcon.colcon_core.verb:set package 'battery_monitor' build argument 'cmake_target' from command line to 'None'
[0.796s] Level 5:colcon.colcon_core.verb:set package 'battery_monitor' build argument 'cmake_target_skip_unavailable' from command line to 'False'
[0.796s] Level 5:colcon.colcon_core.verb:set package 'battery_monitor' build argument 'cmake_clean_cache' from command line to 'False'
[0.796s] Level 5:colcon.colcon_core.verb:set package 'battery_monitor' build argument 'cmake_clean_first' from command line to 'False'
[0.796s] Level 5:colcon.colcon_core.verb:set package 'battery_monitor' build argument 'cmake_force_configure' from command line to 'False'
[0.796s] Level 5:colcon.colcon_core.verb:set package 'battery_monitor' build argument 'ament_cmake_args' from command line to 'None'
[0.796s] Level 5:colcon.colcon_core.verb:set package 'battery_monitor' build argument 'catkin_cmake_args' from command line to 'None'
[0.796s] Level 5:colcon.colcon_core.verb:set package 'battery_monitor' build argument 'catkin_skip_building_tests' from command line to 'False'
[0.796s] DEBUG:colcon.colcon_core.verb:Building package 'battery_monitor' with the following arguments: {'ament_cmake_args': None, 'build_base': '/home/jyo/ros2_ws/build/battery_monitor', 'catkin_cmake_args': None, 'catkin_skip_building_tests': False, 'cmake_args': None, 'cmake_clean_cache': False, 'cmake_clean_first': False, 'cmake_force_configure': False, 'cmake_target': None, 'cmake_target_skip_unavailable': False, 'install_base': '/home/jyo/ros2_ws/install/battery_monitor', 'merge_install': False, 'path': '/home/jyo/ros2_ws/src/battery_monitor', 'symlink_install': False, 'test_result_base': None}
[0.796s] Level 5:colcon.colcon_core.verb:set package 'cart_control' build argument 'cmake_args' from command line to 'None'
[0.796s] Level 5:colcon.colcon_core.verb:set package 'cart_control' build argument 'cmake_target' from command line to 'None'
[0.796s] Level 5:colcon.colcon_core.verb:set package 'cart_control' build argument 'cmake_target_skip_unavailable' from command line to 'False'
[0.796s] Level 5:colcon.colcon_core.verb:set package 'cart_control' build argument 'cmake_clean_cache' from command line to 'False'
[0.796s] Level 5:colcon.colcon_core.verb:set package 'cart_control' build argument 'cmake_clean_first' from command line to 'False'
[0.796s] Level 5:colcon.colcon_core.verb:set package 'cart_control' build argument 'cmake_force_configure' from command line to 'False'
[0.796s] Level 5:colcon.colcon_core.verb:set package 'cart_control' build argument 'ament_cmake_args' from command line to 'None'
[0.796s] Level 5:colcon.colcon_core.verb:set package 'cart_control' build argument 'catkin_cmake_args' from command line to 'None'
[0.797s] Level 5:colcon.colcon_core.verb:set package 'cart_control' build argument 'catkin_skip_building_tests' from command line to 'False'
[0.797s] DEBUG:colcon.colcon_core.verb:Building package 'cart_control' with the following arguments: {'ament_cmake_args': None, 'build_base': '/home/jyo/ros2_ws/build/cart_control', 'catkin_cmake_args': None, 'catkin_skip_building_tests': False, 'cmake_args': None, 'cmake_clean_cache': False, 'cmake_clean_first': False, 'cmake_force_configure': False, 'cmake_target': None, 'cmake_target_skip_unavailable': False, 'install_base': '/home/jyo/ros2_ws/install/cart_control', 'merge_install': False, 'path': '/home/jyo/ros2_ws/src/cart_control', 'symlink_install': False, 'test_result_base': None}
[0.797s] Level 5:colcon.colcon_core.verb:set package 'daemon' build argument 'cmake_args' from command line to 'None'
[0.797s] Level 5:colcon.colcon_core.verb:set package 'daemon' build argument 'cmake_target' from command line to 'None'
[0.797s] Level 5:colcon.colcon_core.verb:set package 'daemon' build argument 'cmake_target_skip_unavailable' from command line to 'False'
[0.797s] Level 5:colcon.colcon_core.verb:set package 'daemon' build argument 'cmake_clean_cache' from command line to 'False'
[0.797s] Level 5:colcon.colcon_core.verb:set package 'daemon' build argument 'cmake_clean_first' from command line to 'False'
[0.797s] Level 5:colcon.colcon_core.verb:set package 'daemon' build argument 'cmake_force_configure' from command line to 'False'
[0.797s] Level 5:colcon.colcon_core.verb:set package 'daemon' build argument 'ament_cmake_args' from command line to 'None'
[0.797s] Level 5:colcon.colcon_core.verb:set package 'daemon' build argument 'catkin_cmake_args' from command line to 'None'
[0.797s] Level 5:colcon.colcon_core.verb:set package 'daemon' build argument 'catkin_skip_building_tests' from command line to 'False'
[0.797s] DEBUG:colcon.colcon_core.verb:Building package 'daemon' with the following arguments: {'ament_cmake_args': None, 'build_base': '/home/jyo/ros2_ws/build/daemon', 'catkin_cmake_args': None, 'catkin_skip_building_tests': False, 'cmake_args': None, 'cmake_clean_cache': False, 'cmake_clean_first': False, 'cmake_force_configure': False, 'cmake_target': None, 'cmake_target_skip_unavailable': False, 'install_base': '/home/jyo/ros2_ws/install/daemon', 'merge_install': False, 'path': '/home/jyo/ros2_ws/src/daemon', 'symlink_install': False, 'test_result_base': None}
[0.798s] Level 5:colcon.colcon_core.verb:set package 'multi_camera_pkg' build argument 'cmake_args' from command line to 'None'
[0.798s] Level 5:colcon.colcon_core.verb:set package 'multi_camera_pkg' build argument 'cmake_target' from command line to 'None'
[0.798s] Level 5:colcon.colcon_core.verb:set package 'multi_camera_pkg' build argument 'cmake_target_skip_unavailable' from command line to 'False'
[0.798s] Level 5:colcon.colcon_core.verb:set package 'multi_camera_pkg' build argument 'cmake_clean_cache' from command line to 'False'
[0.798s] Level 5:colcon.colcon_core.verb:set package 'multi_camera_pkg' build argument 'cmake_clean_first' from command line to 'False'
[0.798s] Level 5:colcon.colcon_core.verb:set package 'multi_camera_pkg' build argument 'cmake_force_configure' from command line to 'False'
[0.798s] Level 5:colcon.colcon_core.verb:set package 'multi_camera_pkg' build argument 'ament_cmake_args' from command line to 'None'
[0.798s] Level 5:colcon.colcon_core.verb:set package 'multi_camera_pkg' build argument 'catkin_cmake_args' from command line to 'None'
[0.798s] Level 5:colcon.colcon_core.verb:set package 'multi_camera_pkg' build argument 'catkin_skip_building_tests' from command line to 'False'
[0.798s] DEBUG:colcon.colcon_core.verb:Building package 'multi_camera_pkg' with the following arguments: {'ament_cmake_args': None, 'build_base': '/home/jyo/ros2_ws/build/multi_camera_pkg', 'catkin_cmake_args': None, 'catkin_skip_building_tests': False, 'cmake_args': None, 'cmake_clean_cache': False, 'cmake_clean_first': False, 'cmake_force_configure': False, 'cmake_target': None, 'cmake_target_skip_unavailable': False, 'install_base': '/home/jyo/ros2_ws/install/multi_camera_pkg', 'merge_install': False, 'path': '/home/jyo/ros2_ws/src/multi_camera_pkg', 'symlink_install': False, 'test_result_base': None}
[0.798s] Level 5:colcon.colcon_core.verb:set package 'multi_camera_publisher' build argument 'cmake_args' from command line to 'None'
[0.798s] Level 5:colcon.colcon_core.verb:set package 'multi_camera_publisher' build argument 'cmake_target' from command line to 'None'
[0.798s] Level 5:colcon.colcon_core.verb:set package 'multi_camera_publisher' build argument 'cmake_target_skip_unavailable' from command line to 'False'
[0.798s] Level 5:colcon.colcon_core.verb:set package 'multi_camera_publisher' build argument 'cmake_clean_cache' from command line to 'False'
[0.799s] Level 5:colcon.colcon_core.verb:set package 'multi_camera_publisher' build argument 'cmake_clean_first' from command line to 'False'
[0.799s] Level 5:colcon.colcon_core.verb:set package 'multi_camera_publisher' build argument 'cmake_force_configure' from command line to 'False'
[0.799s] Level 5:colcon.colcon_core.verb:set package 'multi_camera_publisher' build argument 'ament_cmake_args' from command line to 'None'
[0.799s] Level 5:colcon.colcon_core.verb:set package 'multi_camera_publisher' build argument 'catkin_cmake_args' from command line to 'None'
[0.799s] Level 5:colcon.colcon_core.verb:set package 'multi_camera_publisher' build argument 'catkin_skip_building_tests' from command line to 'False'
[0.799s] DEBUG:colcon.colcon_core.verb:Building package 'multi_camera_publisher' with the following arguments: {'ament_cmake_args': None, 'build_base': '/home/jyo/ros2_ws/build/multi_camera_publisher', 'catkin_cmake_args': None, 'catkin_skip_building_tests': False, 'cmake_args': None, 'cmake_clean_cache': False, 'cmake_clean_first': False, 'cmake_force_configure': False, 'cmake_target': None, 'cmake_target_skip_unavailable': False, 'install_base': '/home/jyo/ros2_ws/install/multi_camera_publisher', 'merge_install': False, 'path': '/home/jyo/ros2_ws/src/multi_camera_publisher', 'symlink_install': False, 'test_result_base': None}
[0.799s] Level 5:colcon.colcon_core.verb:set package 'rosbag_control' build argument 'cmake_args' from command line to 'None'
[0.799s] Level 5:colcon.colcon_core.verb:set package 'rosbag_control' build argument 'cmake_target' from command line to 'None'
[0.799s] Level 5:colcon.colcon_core.verb:set package 'rosbag_control' build argument 'cmake_target_skip_unavailable' from command line to 'False'
[0.799s] Level 5:colcon.colcon_core.verb:set package 'rosbag_control' build argument 'cmake_clean_cache' from command line to 'False'
[0.799s] Level 5:colcon.colcon_core.verb:set package 'rosbag_control' build argument 'cmake_clean_first' from command line to 'False'
[0.799s] Level 5:colcon.colcon_core.verb:set package 'rosbag_control' build argument 'cmake_force_configure' from command line to 'False'
[0.799s] Level 5:colcon.colcon_core.verb:set package 'rosbag_control' build argument 'ament_cmake_args' from command line to 'None'
[0.799s] Level 5:colcon.colcon_core.verb:set package 'rosbag_control' build argument 'catkin_cmake_args' from command line to 'None'
[0.799s] Level 5:colcon.colcon_core.verb:set package 'rosbag_control' build argument 'catkin_skip_building_tests' from command line to 'False'
[0.799s] DEBUG:colcon.colcon_core.verb:Building package 'rosbag_control' with the following arguments: {'ament_cmake_args': None, 'build_base': '/home/jyo/ros2_ws/build/rosbag_control', 'catkin_cmake_args': None, 'catkin_skip_building_tests': False, 'cmake_args': None, 'cmake_clean_cache': False, 'cmake_clean_first': False, 'cmake_force_configure': False, 'cmake_target': None, 'cmake_target_skip_unavailable': False, 'install_base': '/home/jyo/ros2_ws/install/rosbag_control', 'merge_install': False, 'path': '/home/jyo/ros2_ws/src/rosbag_control', 'symlink_install': False, 'test_result_base': None}
[0.800s] Level 5:colcon.colcon_core.verb:set package 'system_monitor' build argument 'cmake_args' from command line to 'None'
[0.800s] Level 5:colcon.colcon_core.verb:set package 'system_monitor' build argument 'cmake_target' from command line to 'None'
[0.800s] Level 5:colcon.colcon_core.verb:set package 'system_monitor' build argument 'cmake_target_skip_unavailable' from command line to 'False'
[0.800s] Level 5:colcon.colcon_core.verb:set package 'system_monitor' build argument 'cmake_clean_cache' from command line to 'False'
[0.800s] Level 5:colcon.colcon_core.verb:set package 'system_monitor' build argument 'cmake_clean_first' from command line to 'False'
[0.800s] Level 5:colcon.colcon_core.verb:set package 'system_monitor' build argument 'cmake_force_configure' from command line to 'False'
[0.800s] Level 5:colcon.colcon_core.verb:set package 'system_monitor' build argument 'ament_cmake_args' from command line to 'None'
[0.800s] Level 5:colcon.colcon_core.verb:set package 'system_monitor' build argument 'catkin_cmake_args' from command line to 'None'
[0.800s] Level 5:colcon.colcon_core.verb:set package 'system_monitor' build argument 'catkin_skip_building_tests' from command line to 'False'
[0.800s] DEBUG:colcon.colcon_core.verb:Building package 'system_monitor' with the following arguments: {'ament_cmake_args': None, 'build_base': '/home/jyo/ros2_ws/build/system_monitor', 'catkin_cmake_args': None, 'catkin_skip_building_tests': False, 'cmake_args': None, 'cmake_clean_cache': False, 'cmake_clean_first': False, 'cmake_force_configure': False, 'cmake_target': None, 'cmake_target_skip_unavailable': False, 'install_base': '/home/jyo/ros2_ws/install/system_monitor', 'merge_install': False, 'path': '/home/jyo/ros2_ws/src/system_monitor', 'symlink_install': False, 'test_result_base': None}
[0.800s] INFO:colcon.colcon_core.executor:Executing jobs using 'parallel' executor
[0.803s] DEBUG:colcon.colcon_parallel_executor.executor.parallel:run_until_complete
[0.803s] INFO:colcon.colcon_ros.task.ament_python.build:Building ROS package in '/home/jyo/ros2_ws/src/battery_monitor' with build type 'ament_python'
[0.803s] Level 1:colcon.colcon_core.shell:create_environment_hook('battery_monitor', 'ament_prefix_path')
[0.810s] INFO:colcon.colcon_core.plugin_system:Skipping extension 'colcon_core.shell.bat': Not used on non-Windows systems
[0.811s] INFO:colcon.colcon_core.shell:Creating environment hook '/home/jyo/ros2_ws/install/battery_monitor/share/battery_monitor/hook/ament_prefix_path.ps1'
[0.812s] INFO:colcon.colcon_core.shell:Creating environment descriptor '/home/jyo/ros2_ws/install/battery_monitor/share/battery_monitor/hook/ament_prefix_path.dsv'
[0.813s] INFO:colcon.colcon_core.shell:Creating environment hook '/home/jyo/ros2_ws/install/battery_monitor/share/battery_monitor/hook/ament_prefix_path.sh'
[0.814s] INFO:colcon.colcon_core.shell:Skip shell extension 'powershell' for command environment: Not usable outside of PowerShell
[0.814s] DEBUG:colcon.colcon_core.shell:Skip shell extension 'dsv' for command environment
[0.821s] INFO:colcon.colcon_ros.task.ament_python.build:Building ROS package in '/home/jyo/ros2_ws/src/cart_control' with build type 'ament_python'
[0.822s] Level 1:colcon.colcon_core.shell:create_environment_hook('cart_control', 'ament_prefix_path')
[0.822s] INFO:colcon.colcon_core.shell:Creating environment hook '/home/jyo/ros2_ws/install/cart_control/share/cart_control/hook/ament_prefix_path.ps1'
[0.823s] INFO:colcon.colcon_core.shell:Creating environment descriptor '/home/jyo/ros2_ws/install/cart_control/share/cart_control/hook/ament_prefix_path.dsv'
[0.823s] INFO:colcon.colcon_core.shell:Creating environment hook '/home/jyo/ros2_ws/install/cart_control/share/cart_control/hook/ament_prefix_path.sh'
[0.824s] INFO:colcon.colcon_core.shell:Skip shell extension 'powershell' for command environment: Not usable outside of PowerShell
[0.824s] DEBUG:colcon.colcon_core.shell:Skip shell extension 'dsv' for command environment
[0.831s] INFO:colcon.colcon_ros.task.ament_cmake.build:Building ROS package in '/home/jyo/ros2_ws/src/daemon' with build type 'ament_cmake'
[0.831s] INFO:colcon.colcon_cmake.task.cmake.build:Building CMake package in '/home/jyo/ros2_ws/src/daemon'
[0.831s] INFO:colcon.colcon_core.shell:Skip shell extension 'powershell' for command environment: Not usable outside of PowerShell
[0.831s] DEBUG:colcon.colcon_core.shell:Skip shell extension 'dsv' for command environment
[0.839s] INFO:colcon.colcon_ros.task.ament_python.build:Building ROS package in '/home/jyo/ros2_ws/src/multi_camera_pkg' with build type 'ament_python'
[0.839s] Level 1:colcon.colcon_core.shell:create_environment_hook('multi_camera_pkg', 'ament_prefix_path')
[0.839s] INFO:colcon.colcon_core.shell:Creating environment hook '/home/jyo/ros2_ws/install/multi_camera_pkg/share/multi_camera_pkg/hook/ament_prefix_path.ps1'
[0.841s] INFO:colcon.colcon_core.shell:Creating environment descriptor '/home/jyo/ros2_ws/install/multi_camera_pkg/share/multi_camera_pkg/hook/ament_prefix_path.dsv'
[0.841s] INFO:colcon.colcon_core.shell:Creating environment hook '/home/jyo/ros2_ws/install/multi_camera_pkg/share/multi_camera_pkg/hook/ament_prefix_path.sh'
[0.842s] INFO:colcon.colcon_core.shell:Skip shell extension 'powershell' for command environment: Not usable outside of PowerShell
[0.842s] DEBUG:colcon.colcon_core.shell:Skip shell extension 'dsv' for command environment
[0.849s] INFO:colcon.colcon_ros.task.ament_python.build:Building ROS package in '/home/jyo/ros2_ws/src/multi_camera_publisher' with build type 'ament_python'
[0.849s] Level 1:colcon.colcon_core.shell:create_environment_hook('multi_camera_publisher', 'ament_prefix_path')
[0.850s] INFO:colcon.colcon_core.shell:Creating environment hook '/home/jyo/ros2_ws/install/multi_camera_publisher/share/multi_camera_publisher/hook/ament_prefix_path.ps1'
[0.851s] INFO:colcon.colcon_core.shell:Creating environment descriptor '/home/jyo/ros2_ws/install/multi_camera_publisher/share/multi_camera_publisher/hook/ament_prefix_path.dsv'
[0.851s] INFO:colcon.colcon_core.shell:Creating environment hook '/home/jyo/ros2_ws/install/multi_camera_publisher/share/multi_camera_publisher/hook/ament_prefix_path.sh'
[0.852s] INFO:colcon.colcon_core.shell:Skip shell extension 'powershell' for command environment: Not usable outside of PowerShell
[0.852s] DEBUG:colcon.colcon_core.shell:Skip shell extension 'dsv' for command environment
[0.859s] INFO:colcon.colcon_ros.task.ament_python.build:Building ROS package in '/home/jyo/ros2_ws/src/rosbag_control' with build type 'ament_python'
[0.859s] Level 1:colcon.colcon_core.shell:create_environment_hook('rosbag_control', 'ament_prefix_path')
[0.859s] INFO:colcon.colcon_core.shell:Creating environment hook '/home/jyo/ros2_ws/install/rosbag_control/share/rosbag_control/hook/ament_prefix_path.ps1'
[0.860s] INFO:colcon.colcon_core.shell:Creating environment descriptor '/home/jyo/ros2_ws/install/rosbag_control/share/rosbag_control/hook/ament_prefix_path.dsv'
[0.861s] INFO:colcon.colcon_core.shell:Creating environment hook '/home/jyo/ros2_ws/install/rosbag_control/share/rosbag_control/hook/ament_prefix_path.sh'
[0.862s] INFO:colcon.colcon_core.shell:Skip shell extension 'powershell' for command environment: Not usable outside of PowerShell
[0.862s] DEBUG:colcon.colcon_core.shell:Skip shell extension 'dsv' for command environment
[0.869s] INFO:colcon.colcon_ros.task.ament_python.build:Building ROS package in '/home/jyo/ros2_ws/src/system_monitor' with build type 'ament_python'
[0.869s] Level 1:colcon.colcon_core.shell:create_environment_hook('system_monitor', 'ament_prefix_path')
[0.869s] INFO:colcon.colcon_core.shell:Creating environment hook '/home/jyo/ros2_ws/install/system_monitor/share/system_monitor/hook/ament_prefix_path.ps1'
[0.870s] INFO:colcon.colcon_core.shell:Creating environment descriptor '/home/jyo/ros2_ws/install/system_monitor/share/system_monitor/hook/ament_prefix_path.dsv'
[0.871s] INFO:colcon.colcon_core.shell:Creating environment hook '/home/jyo/ros2_ws/install/system_monitor/share/system_monitor/hook/ament_prefix_path.sh'
[0.872s] INFO:colcon.colcon_core.shell:Skip shell extension 'powershell' for command environment: Not usable outside of PowerShell
[0.872s] DEBUG:colcon.colcon_core.shell:Skip shell extension 'dsv' for command environment
[1.265s] INFO:colcon.colcon_core.task.python.build:Building Python package in '/home/jyo/ros2_ws/src/battery_monitor'
[1.265s] INFO:colcon.colcon_core.shell:Skip shell extension 'powershell' for command environment: Not usable outside of PowerShell
[1.265s] DEBUG:colcon.colcon_core.shell:Skip shell extension 'dsv' for command environment
[1.663s] WARNING:colcon.colcon_ros.task.ament_python.build:Package 'cart_control' doesn't explicitly install a marker in the package index (colcon-ros currently does it implicitly but that fallback will be removed in the future)
[1.663s] INFO:colcon.colcon_core.task.python.build:Building Python package in '/home/jyo/ros2_ws/src/cart_control'
[1.664s] INFO:colcon.colcon_core.shell:Skip shell extension 'powershell' for command environment: Not usable outside of PowerShell
[1.664s] DEBUG:colcon.colcon_core.shell:Skip shell extension 'dsv' for command environment
[1.685s] DEBUG:colcon.colcon_core.event_handler.log_command:Invoking command in '/home/jyo/ros2_ws/build/daemon': CMAKE_PREFIX_PATH=${CMAKE_PREFIX_PATH}:/home/jyo/ros2_ws/install/system_monitor:/home/jyo/ros2_ws/install/rosbag_control:/home/jyo/ros2_ws/install/multi_camera_publisher:/home/jyo/ros2_ws/install/multi_camera_pkg:/home/jyo/ros2_ws/install/cart_control:/home/jyo/ros2_ws/install/battery_monitor:/opt/ros/humble /usr/bin/cmake --build /home/jyo/ros2_ws/build/daemon -- -j12 -l12
[2.073s] INFO:colcon.colcon_core.task.python.build:Building Python package in '/home/jyo/ros2_ws/src/multi_camera_pkg'
[2.074s] INFO:colcon.colcon_core.shell:Skip shell extension 'powershell' for command environment: Not usable outside of PowerShell
[2.074s] DEBUG:colcon.colcon_core.shell:Skip shell extension 'dsv' for command environment
[2.446s] WARNING:colcon.colcon_ros.task.ament_python.build:Package 'multi_camera_publisher' doesn't explicitly install a marker in the package index (colcon-ros currently does it implicitly but that fallback will be removed in the future)
[2.447s] INFO:colcon.colcon_core.task.python.build:Building Python package in '/home/jyo/ros2_ws/src/multi_camera_publisher'
[2.447s] INFO:colcon.colcon_core.shell:Skip shell extension 'powershell' for command environment: Not usable outside of PowerShell
[2.447s] DEBUG:colcon.colcon_core.shell:Skip shell extension 'dsv' for command environment
[2.817s] WARNING:colcon.colcon_ros.task.ament_python.build:Package 'rosbag_control' doesn't explicitly install a marker in the package index (colcon-ros currently does it implicitly but that fallback will be removed in the future)
[2.817s] WARNING:colcon.colcon_ros.task.ament_python.build:Package 'rosbag_control' doesn't explicitly install the 'package.xml' file (colcon-ros currently does it implicitly but that fallback will be removed in the future)
[2.818s] INFO:colcon.colcon_core.task.python.build:Building Python package in '/home/jyo/ros2_ws/src/rosbag_control'
[2.818s] INFO:colcon.colcon_core.shell:Skip shell extension 'powershell' for command environment: Not usable outside of PowerShell
[2.819s] DEBUG:colcon.colcon_core.shell:Skip shell extension 'dsv' for command environment
[3.203s] INFO:colcon.colcon_core.task.python.build:Building Python package in '/home/jyo/ros2_ws/src/system_monitor'
[3.203s] INFO:colcon.colcon_core.shell:Skip shell extension 'powershell' for command environment: Not usable outside of PowerShell
[3.203s] DEBUG:colcon.colcon_core.shell:Skip shell extension 'dsv' for command environment
[3.214s] DEBUG:colcon.colcon_core.event_handler.log_command:Invoked command in '/home/jyo/ros2_ws/build/daemon' returned '0': CMAKE_PREFIX_PATH=${CMAKE_PREFIX_PATH}:/home/jyo/ros2_ws/install/system_monitor:/home/jyo/ros2_ws/install/rosbag_control:/home/jyo/ros2_ws/install/multi_camera_publisher:/home/jyo/ros2_ws/install/multi_camera_pkg:/home/jyo/ros2_ws/install/cart_control:/home/jyo/ros2_ws/install/battery_monitor:/opt/ros/humble /usr/bin/cmake --build /home/jyo/ros2_ws/build/daemon -- -j12 -l12
[3.240s] DEBUG:colcon.colcon_core.event_handler.log_command:Invoking command in '/home/jyo/ros2_ws/build/daemon': CMAKE_PREFIX_PATH=${CMAKE_PREFIX_PATH}:/home/jyo/ros2_ws/install/system_monitor:/home/jyo/ros2_ws/install/rosbag_control:/home/jyo/ros2_ws/install/multi_camera_publisher:/home/jyo/ros2_ws/install/multi_camera_pkg:/home/jyo/ros2_ws/install/cart_control:/home/jyo/ros2_ws/install/battery_monitor:/opt/ros/humble /usr/bin/cmake --install /home/jyo/ros2_ws/build/daemon
[3.333s] Level 1:colcon.colcon_core.environment:create_environment_scripts_only(daemon)
[3.334s] DEBUG:colcon.colcon_core.event_handler.log_command:Invoked command in '/home/jyo/ros2_ws/build/daemon' returned '0': CMAKE_PREFIX_PATH=${CMAKE_PREFIX_PATH}:/home/jyo/ros2_ws/install/system_monitor:/home/jyo/ros2_ws/install/rosbag_control:/home/jyo/ros2_ws/install/multi_camera_publisher:/home/jyo/ros2_ws/install/multi_camera_pkg:/home/jyo/ros2_ws/install/cart_control:/home/jyo/ros2_ws/install/battery_monitor:/opt/ros/humble /usr/bin/cmake --install /home/jyo/ros2_ws/build/daemon
[3.343s] Level 1:colcon.colcon_core.environment:checking '/home/jyo/ros2_ws/install/daemon' for CMake module files
[3.345s] Level 1:colcon.colcon_core.environment:checking '/home/jyo/ros2_ws/install/daemon' for CMake config files
[3.345s] Level 1:colcon.colcon_core.shell:create_environment_hook('daemon', 'cmake_prefix_path')
[3.345s] INFO:colcon.colcon_core.shell:Creating environment hook '/home/jyo/ros2_ws/install/daemon/share/daemon/hook/cmake_prefix_path.ps1'
[3.346s] INFO:colcon.colcon_core.shell:Creating environment descriptor '/home/jyo/ros2_ws/install/daemon/share/daemon/hook/cmake_prefix_path.dsv'
[3.347s] INFO:colcon.colcon_core.shell:Creating environment hook '/home/jyo/ros2_ws/install/daemon/share/daemon/hook/cmake_prefix_path.sh'
[3.349s] Level 1:colcon.colcon_core.environment:checking '/home/jyo/ros2_ws/install/daemon/lib'
[3.349s] Level 1:colcon.colcon_core.environment:checking '/home/jyo/ros2_ws/install/daemon/bin'
[3.349s] Level 1:colcon.colcon_core.environment:checking '/home/jyo/ros2_ws/install/daemon/lib/pkgconfig/daemon.pc'
[3.350s] Level 1:colcon.colcon_core.environment:checking '/home/jyo/ros2_ws/install/daemon/lib/python3.10/site-packages'
[3.350s] Level 1:colcon.colcon_core.environment:checking '/home/jyo/ros2_ws/install/daemon/bin'
[3.351s] INFO:colcon.colcon_core.shell:Creating package script '/home/jyo/ros2_ws/install/daemon/share/daemon/package.ps1'
[3.353s] INFO:colcon.colcon_core.shell:Creating package descriptor '/home/jyo/ros2_ws/install/daemon/share/daemon/package.dsv'
[3.354s] INFO:colcon.colcon_core.shell:Creating package script '/home/jyo/ros2_ws/install/daemon/share/daemon/package.sh'
[3.356s] INFO:colcon.colcon_core.shell:Creating package script '/home/jyo/ros2_ws/install/daemon/share/daemon/package.bash'
[3.358s] INFO:colcon.colcon_core.shell:Creating package script '/home/jyo/ros2_ws/install/daemon/share/daemon/package.zsh'
[3.360s] Level 1:colcon.colcon_core.environment:create_file_with_runtime_dependencies(/home/jyo/ros2_ws/install/daemon/share/colcon-core/packages/daemon)
[3.361s] Level 1:colcon.colcon_core.environment:create_environment_scripts_only(daemon)
[3.362s] Level 1:colcon.colcon_core.environment:checking '/home/jyo/ros2_ws/install/daemon' for CMake module files
[3.363s] Level 1:colcon.colcon_core.environment:checking '/home/jyo/ros2_ws/install/daemon' for CMake config files
[3.363s] Level 1:colcon.colcon_core.shell:create_environment_hook('daemon', 'cmake_prefix_path')
[3.364s] INFO:colcon.colcon_core.shell:Creating environment hook '/home/jyo/ros2_ws/install/daemon/share/daemon/hook/cmake_prefix_path.ps1'
[3.364s] INFO:colcon.colcon_core.shell:Creating environment descriptor '/home/jyo/ros2_ws/install/daemon/share/daemon/hook/cmake_prefix_path.dsv'
[3.365s] INFO:colcon.colcon_core.shell:Creating environment hook '/home/jyo/ros2_ws/install/daemon/share/daemon/hook/cmake_prefix_path.sh'
[3.366s] Level 1:colcon.colcon_core.environment:checking '/home/jyo/ros2_ws/install/daemon/lib'
[3.366s] Level 1:colcon.colcon_core.environment:checking '/home/jyo/ros2_ws/install/daemon/bin'
[3.367s] Level 1:colcon.colcon_core.environment:checking '/home/jyo/ros2_ws/install/daemon/lib/pkgconfig/daemon.pc'
[3.367s] Level 1:colcon.colcon_core.environment:checking '/home/jyo/ros2_ws/install/daemon/lib/python3.10/site-packages'
[3.367s] Level 1:colcon.colcon_core.environment:checking '/home/jyo/ros2_ws/install/daemon/bin'
[3.368s] INFO:colcon.colcon_core.shell:Creating package script '/home/jyo/ros2_ws/install/daemon/share/daemon/package.ps1'
[3.369s] INFO:colcon.colcon_core.shell:Creating package descriptor '/home/jyo/ros2_ws/install/daemon/share/daemon/package.dsv'
[3.370s] INFO:colcon.colcon_core.shell:Creating package script '/home/jyo/ros2_ws/install/daemon/share/daemon/package.sh'
[3.371s] INFO:colcon.colcon_core.shell:Creating package script '/home/jyo/ros2_ws/install/daemon/share/daemon/package.bash'
[3.372s] INFO:colcon.colcon_core.shell:Creating package script '/home/jyo/ros2_ws/install/daemon/share/daemon/package.zsh'
[3.373s] Level 1:colcon.colcon_core.environment:create_file_with_runtime_dependencies(/home/jyo/ros2_ws/install/daemon/share/colcon-core/packages/daemon)
[3.897s] DEBUG:colcon.colcon_core.event_handler.log_command:Invoking command in '/home/jyo/ros2_ws/src/cart_control': PYTHONPATH=/home/jyo/ros2_ws/build/cart_control/prefix_override:/usr/lib/python3/dist-packages/colcon_core/task/python/colcon_distutils_commands:/home/jyo/ros2_ws/install/cart_control/lib/python3.10/site-packages:${PYTHONPATH} /usr/bin/python3 -W ignore:setup.py install is deprecated -W ignore:easy_install command is deprecated setup.py egg_info --egg-base ../../build/cart_control build --build-base /home/jyo/ros2_ws/build/cart_control/build install --record /home/jyo/ros2_ws/build/cart_control/install.log --single-version-externally-managed install_data
[3.901s] DEBUG:colcon.colcon_core.event_handler.log_command:Invoking command in '/home/jyo/ros2_ws/src/rosbag_control': PYTHONPATH=/home/jyo/ros2_ws/build/rosbag_control/prefix_override:/usr/lib/python3/dist-packages/colcon_core/task/python/colcon_distutils_commands:/home/jyo/ros2_ws/install/rosbag_control/lib/python3.10/site-packages:${PYTHONPATH} /usr/bin/python3 -W ignore:setup.py install is deprecated -W ignore:easy_install command is deprecated setup.py egg_info --egg-base ../../build/rosbag_control build --build-base /home/jyo/ros2_ws/build/rosbag_control/build install --record /home/jyo/ros2_ws/build/rosbag_control/install.log --single-version-externally-managed
[3.909s] DEBUG:colcon.colcon_core.event_handler.log_command:Invoking command in '/home/jyo/ros2_ws/src/multi_camera_publisher': PYTHONPATH=/home/jyo/ros2_ws/build/multi_camera_publisher/prefix_override:/usr/lib/python3/dist-packages/colcon_core/task/python/colcon_distutils_commands:/home/jyo/ros2_ws/install/multi_camera_publisher/lib/python3.10/site-packages:${PYTHONPATH} /usr/bin/python3 -W ignore:setup.py install is deprecated -W ignore:easy_install command is deprecated setup.py egg_info --egg-base ../../build/multi_camera_publisher build --build-base /home/jyo/ros2_ws/build/multi_camera_publisher/build install --record /home/jyo/ros2_ws/build/multi_camera_publisher/install.log --single-version-externally-managed install_data
[3.915s] DEBUG:colcon.colcon_core.event_handler.log_command:Invoking command in '/home/jyo/ros2_ws/src/multi_camera_pkg': PYTHONPATH=/home/jyo/ros2_ws/build/multi_camera_pkg/prefix_override:/usr/lib/python3/dist-packages/colcon_core/task/python/colcon_distutils_commands:/home/jyo/ros2_ws/install/multi_camera_pkg/lib/python3.10/site-packages:${PYTHONPATH} /usr/bin/python3 -W ignore:setup.py install is deprecated -W ignore:easy_install command is deprecated setup.py egg_info --egg-base ../../build/multi_camera_pkg build --build-base /home/jyo/ros2_ws/build/multi_camera_pkg/build install --record /home/jyo/ros2_ws/build/multi_camera_pkg/install.log --single-version-externally-managed install_data
[3.916s] DEBUG:colcon.colcon_core.event_handler.log_command:Invoking command in '/home/jyo/ros2_ws/src/battery_monitor': PYTHONPATH=/home/jyo/ros2_ws/build/battery_monitor/prefix_override:/usr/lib/python3/dist-packages/colcon_core/task/python/colcon_distutils_commands:/home/jyo/ros2_ws/install/battery_monitor/lib/python3.10/site-packages:${PYTHONPATH} /usr/bin/python3 -W ignore:setup.py install is deprecated -W ignore:easy_install command is deprecated setup.py egg_info --egg-base ../../build/battery_monitor build --build-base /home/jyo/ros2_ws/build/battery_monitor/build install --record /home/jyo/ros2_ws/build/battery_monitor/install.log --single-version-externally-managed install_data
[3.918s] DEBUG:colcon.colcon_core.event_handler.log_command:Invoking command in '/home/jyo/ros2_ws/src/system_monitor': PYTHONPATH=/home/jyo/ros2_ws/build/system_monitor/prefix_override:/usr/lib/python3/dist-packages/colcon_core/task/python/colcon_distutils_commands:/home/jyo/ros2_ws/install/system_monitor/lib/python3.10/site-packages:${PYTHONPATH} /usr/bin/python3 -W ignore:setup.py install is deprecated -W ignore:easy_install command is deprecated setup.py egg_info --egg-base ../../build/system_monitor build --build-base /home/jyo/ros2_ws/build/system_monitor/build install --record /home/jyo/ros2_ws/build/system_monitor/install.log --single-version-externally-managed install_data
[4.341s] Level 1:colcon.colcon_core.environment:checking '/home/jyo/ros2_ws/install/cart_control' for CMake module files
[4.342s] DEBUG:colcon.colcon_core.event_handler.log_command:Invoked command in '/home/jyo/ros2_ws/src/cart_control' returned '0': PYTHONPATH=/home/jyo/ros2_ws/build/cart_control/prefix_override:/usr/lib/python3/dist-packages/colcon_core/task/python/colcon_distutils_commands:/home/jyo/ros2_ws/install/cart_control/lib/python3.10/site-packages:${PYTHONPATH} /usr/bin/python3 -W ignore:setup.py install is deprecated -W ignore:easy_install command is deprecated setup.py egg_info --egg-base ../../build/cart_control build --build-base /home/jyo/ros2_ws/build/cart_control/build install --record /home/jyo/ros2_ws/build/cart_control/install.log --single-version-externally-managed install_data
[4.342s] Level 1:colcon.colcon_core.environment:checking '/home/jyo/ros2_ws/install/cart_control' for CMake config files
[4.343s] Level 1:colcon.colcon_core.environment:checking '/home/jyo/ros2_ws/install/cart_control/lib'
[4.344s] Level 1:colcon.colcon_core.environment:checking '/home/jyo/ros2_ws/install/cart_control/bin'
[4.344s] Level 1:colcon.colcon_core.environment:checking '/home/jyo/ros2_ws/install/cart_control/lib/pkgconfig/cart_control.pc'
[4.344s] Level 1:colcon.colcon_core.environment:checking '/home/jyo/ros2_ws/install/cart_control/lib/python3.10/site-packages'
[4.344s] Level 1:colcon.colcon_core.shell:create_environment_hook('cart_control', 'pythonpath')
[4.345s] INFO:colcon.colcon_core.shell:Creating environment hook '/home/jyo/ros2_ws/install/cart_control/share/cart_control/hook/pythonpath.ps1'
[4.346s] INFO:colcon.colcon_core.shell:Creating environment descriptor '/home/jyo/ros2_ws/install/cart_control/share/cart_control/hook/pythonpath.dsv'
[4.346s] INFO:colcon.colcon_core.shell:Creating environment hook '/home/jyo/ros2_ws/install/cart_control/share/cart_control/hook/pythonpath.sh'
[4.347s] Level 1:colcon.colcon_core.environment:checking '/home/jyo/ros2_ws/install/cart_control/bin'
[4.347s] Level 1:colcon.colcon_core.environment:create_environment_scripts_only(cart_control)
[4.347s] INFO:colcon.colcon_core.shell:Creating package script '/home/jyo/ros2_ws/install/cart_control/share/cart_control/package.ps1'
[4.348s] INFO:colcon.colcon_core.shell:Creating package descriptor '/home/jyo/ros2_ws/install/cart_control/share/cart_control/package.dsv'
[4.349s] INFO:colcon.colcon_core.shell:Creating package script '/home/jyo/ros2_ws/install/cart_control/share/cart_control/package.sh'
[4.349s] INFO:colcon.colcon_core.shell:Creating package script '/home/jyo/ros2_ws/install/cart_control/share/cart_control/package.bash'
[4.350s] INFO:colcon.colcon_core.shell:Creating package script '/home/jyo/ros2_ws/install/cart_control/share/cart_control/package.zsh'
[4.350s] Level 1:colcon.colcon_core.environment:create_file_with_runtime_dependencies(/home/jyo/ros2_ws/install/cart_control/share/colcon-core/packages/cart_control)
[4.353s] Level 1:colcon.colcon_core.environment:checking '/home/jyo/ros2_ws/install/multi_camera_publisher' for CMake module files
[4.354s] DEBUG:colcon.colcon_core.event_handler.log_command:Invoked command in '/home/jyo/ros2_ws/src/multi_camera_publisher' returned '0': PYTHONPATH=/home/jyo/ros2_ws/build/multi_camera_publisher/prefix_override:/usr/lib/python3/dist-packages/colcon_core/task/python/colcon_distutils_commands:/home/jyo/ros2_ws/install/multi_camera_publisher/lib/python3.10/site-packages:${PYTHONPATH} /usr/bin/python3 -W ignore:setup.py install is deprecated -W ignore:easy_install command is deprecated setup.py egg_info --egg-base ../../build/multi_camera_publisher build --build-base /home/jyo/ros2_ws/build/multi_camera_publisher/build install --record /home/jyo/ros2_ws/build/multi_camera_publisher/install.log --single-version-externally-managed install_data
[4.355s] Level 1:colcon.colcon_core.environment:checking '/home/jyo/ros2_ws/install/multi_camera_publisher' for CMake config files
[4.356s] Level 1:colcon.colcon_core.environment:checking '/home/jyo/ros2_ws/install/multi_camera_publisher/lib'
[4.356s] Level 1:colcon.colcon_core.environment:checking '/home/jyo/ros2_ws/install/multi_camera_publisher/bin'
[4.356s] Level 1:colcon.colcon_core.environment:checking '/home/jyo/ros2_ws/install/multi_camera_publisher/lib/pkgconfig/multi_camera_publisher.pc'
[4.356s] Level 1:colcon.colcon_core.environment:checking '/home/jyo/ros2_ws/install/multi_camera_publisher/lib/python3.10/site-packages'
[4.357s] Level 1:colcon.colcon_core.shell:create_environment_hook('multi_camera_publisher', 'pythonpath')
[4.357s] INFO:colcon.colcon_core.shell:Creating environment hook '/home/jyo/ros2_ws/install/multi_camera_publisher/share/multi_camera_publisher/hook/pythonpath.ps1'
[4.358s] INFO:colcon.colcon_core.shell:Creating environment descriptor '/home/jyo/ros2_ws/install/multi_camera_publisher/share/multi_camera_publisher/hook/pythonpath.dsv'
[4.359s] INFO:colcon.colcon_core.shell:Creating environment hook '/home/jyo/ros2_ws/install/multi_camera_publisher/share/multi_camera_publisher/hook/pythonpath.sh'
[4.360s] Level 1:colcon.colcon_core.environment:checking '/home/jyo/ros2_ws/install/multi_camera_publisher/bin'
[4.361s] Level 1:colcon.colcon_core.environment:create_environment_scripts_only(multi_camera_publisher)
[4.361s] INFO:colcon.colcon_core.shell:Creating package script '/home/jyo/ros2_ws/install/multi_camera_publisher/share/multi_camera_publisher/package.ps1'
[4.362s] INFO:colcon.colcon_core.shell:Creating package descriptor '/home/jyo/ros2_ws/install/multi_camera_publisher/share/multi_camera_publisher/package.dsv'
[4.363s] INFO:colcon.colcon_core.shell:Creating package script '/home/jyo/ros2_ws/install/multi_camera_publisher/share/multi_camera_publisher/package.sh'
[4.364s] INFO:colcon.colcon_core.shell:Creating package script '/home/jyo/ros2_ws/install/multi_camera_publisher/share/multi_camera_publisher/package.bash'
[4.365s] INFO:colcon.colcon_core.shell:Creating package script '/home/jyo/ros2_ws/install/multi_camera_publisher/share/multi_camera_publisher/package.zsh'
[4.366s] Level 1:colcon.colcon_core.environment:create_file_with_runtime_dependencies(/home/jyo/ros2_ws/install/multi_camera_publisher/share/colcon-core/packages/multi_camera_publisher)
[4.366s] Level 1:colcon.colcon_core.environment:checking '/home/jyo/ros2_ws/install/battery_monitor' for CMake module files
[4.368s] DEBUG:colcon.colcon_core.event_handler.log_command:Invoked command in '/home/jyo/ros2_ws/src/battery_monitor' returned '0': PYTHONPATH=/home/jyo/ros2_ws/build/battery_monitor/prefix_override:/usr/lib/python3/dist-packages/colcon_core/task/python/colcon_distutils_commands:/home/jyo/ros2_ws/install/battery_monitor/lib/python3.10/site-packages:${PYTHONPATH} /usr/bin/python3 -W ignore:setup.py install is deprecated -W ignore:easy_install command is deprecated setup.py egg_info --egg-base ../../build/battery_monitor build --build-base /home/jyo/ros2_ws/build/battery_monitor/build install --record /home/jyo/ros2_ws/build/battery_monitor/install.log --single-version-externally-managed install_data
[4.368s] Level 1:colcon.colcon_core.environment:checking '/home/jyo/ros2_ws/install/battery_monitor' for CMake config files
[4.369s] Level 1:colcon.colcon_core.environment:checking '/home/jyo/ros2_ws/install/battery_monitor/lib'
[4.369s] Level 1:colcon.colcon_core.environment:checking '/home/jyo/ros2_ws/install/battery_monitor/bin'
[4.369s] Level 1:colcon.colcon_core.environment:checking '/home/jyo/ros2_ws/install/battery_monitor/lib/pkgconfig/battery_monitor.pc'
[4.370s] Level 1:colcon.colcon_core.environment:checking '/home/jyo/ros2_ws/install/battery_monitor/lib/python3.10/site-packages'
[4.370s] Level 1:colcon.colcon_core.shell:create_environment_hook('battery_monitor', 'pythonpath')
[4.370s] INFO:colcon.colcon_core.shell:Creating environment hook '/home/jyo/ros2_ws/install/battery_monitor/share/battery_monitor/hook/pythonpath.ps1'
[4.371s] INFO:colcon.colcon_core.shell:Creating environment descriptor '/home/jyo/ros2_ws/install/battery_monitor/share/battery_monitor/hook/pythonpath.dsv'
[4.371s] INFO:colcon.colcon_core.shell:Creating environment hook '/home/jyo/ros2_ws/install/battery_monitor/share/battery_monitor/hook/pythonpath.sh'
[4.372s] Level 1:colcon.colcon_core.environment:checking '/home/jyo/ros2_ws/install/battery_monitor/bin'
[4.372s] Level 1:colcon.colcon_core.environment:create_environment_scripts_only(battery_monitor)
[4.372s] INFO:colcon.colcon_core.shell:Creating package script '/home/jyo/ros2_ws/install/battery_monitor/share/battery_monitor/package.ps1'
[4.373s] INFO:colcon.colcon_core.shell:Creating package descriptor '/home/jyo/ros2_ws/install/battery_monitor/share/battery_monitor/package.dsv'
[4.373s] INFO:colcon.colcon_core.shell:Creating package script '/home/jyo/ros2_ws/install/battery_monitor/share/battery_monitor/package.sh'
[4.374s] INFO:colcon.colcon_core.shell:Creating package script '/home/jyo/ros2_ws/install/battery_monitor/share/battery_monitor/package.bash'
[4.374s] INFO:colcon.colcon_core.shell:Creating package script '/home/jyo/ros2_ws/install/battery_monitor/share/battery_monitor/package.zsh'
[4.375s] Level 1:colcon.colcon_core.environment:create_file_with_runtime_dependencies(/home/jyo/ros2_ws/install/battery_monitor/share/colcon-core/packages/battery_monitor)
[4.378s] Level 1:colcon.colcon_core.environment:checking '/home/jyo/ros2_ws/install/system_monitor' for CMake module files
[4.379s] DEBUG:colcon.colcon_core.event_handler.log_command:Invoked command in '/home/jyo/ros2_ws/src/system_monitor' returned '0': PYTHONPATH=/home/jyo/ros2_ws/build/system_monitor/prefix_override:/usr/lib/python3/dist-packages/colcon_core/task/python/colcon_distutils_commands:/home/jyo/ros2_ws/install/system_monitor/lib/python3.10/site-packages:${PYTHONPATH} /usr/bin/python3 -W ignore:setup.py install is deprecated -W ignore:easy_install command is deprecated setup.py egg_info --egg-base ../../build/system_monitor build --build-base /home/jyo/ros2_ws/build/system_monitor/build install --record /home/jyo/ros2_ws/build/system_monitor/install.log --single-version-externally-managed install_data
[4.379s] Level 1:colcon.colcon_core.environment:checking '/home/jyo/ros2_ws/install/system_monitor' for CMake config files
[4.380s] Level 1:colcon.colcon_core.environment:checking '/home/jyo/ros2_ws/install/system_monitor/lib'
[4.380s] Level 1:colcon.colcon_core.environment:checking '/home/jyo/ros2_ws/install/system_monitor/bin'
[4.381s] Level 1:colcon.colcon_core.environment:checking '/home/jyo/ros2_ws/install/system_monitor/lib/pkgconfig/system_monitor.pc'
[4.381s] Level 1:colcon.colcon_core.environment:checking '/home/jyo/ros2_ws/install/system_monitor/lib/python3.10/site-packages'
[4.381s] Level 1:colcon.colcon_core.shell:create_environment_hook('system_monitor', 'pythonpath')
[4.381s] INFO:colcon.colcon_core.shell:Creating environment hook '/home/jyo/ros2_ws/install/system_monitor/share/system_monitor/hook/pythonpath.ps1'
[4.382s] INFO:colcon.colcon_core.shell:Creating environment descriptor '/home/jyo/ros2_ws/install/system_monitor/share/system_monitor/hook/pythonpath.dsv'
[4.383s] INFO:colcon.colcon_core.shell:Creating environment hook '/home/jyo/ros2_ws/install/system_monitor/share/system_monitor/hook/pythonpath.sh'
[4.384s] Level 1:colcon.colcon_core.environment:checking '/home/jyo/ros2_ws/install/system_monitor/bin'
[4.384s] Level 1:colcon.colcon_core.environment:create_environment_scripts_only(system_monitor)
[4.385s] INFO:colcon.colcon_core.shell:Creating package script '/home/jyo/ros2_ws/install/system_monitor/share/system_monitor/package.ps1'
[4.386s] INFO:colcon.colcon_core.shell:Creating package descriptor '/home/jyo/ros2_ws/install/system_monitor/share/system_monitor/package.dsv'
[4.387s] INFO:colcon.colcon_core.shell:Creating package script '/home/jyo/ros2_ws/install/system_monitor/share/system_monitor/package.sh'
[4.388s] INFO:colcon.colcon_core.shell:Creating package script '/home/jyo/ros2_ws/install/system_monitor/share/system_monitor/package.bash'
[4.388s] INFO:colcon.colcon_core.shell:Creating package script '/home/jyo/ros2_ws/install/system_monitor/share/system_monitor/package.zsh'
[4.389s] Level 1:colcon.colcon_core.environment:create_file_with_runtime_dependencies(/home/jyo/ros2_ws/install/system_monitor/share/colcon-core/packages/system_monitor)
[4.390s] Level 1:colcon.colcon_core.environment:checking '/home/jyo/ros2_ws/install/multi_camera_pkg' for CMake module files
[4.392s] DEBUG:colcon.colcon_core.event_handler.log_command:Invoked command in '/home/jyo/ros2_ws/src/multi_camera_pkg' returned '0': PYTHONPATH=/home/jyo/ros2_ws/build/multi_camera_pkg/prefix_override:/usr/lib/python3/dist-packages/colcon_core/task/python/colcon_distutils_commands:/home/jyo/ros2_ws/install/multi_camera_pkg/lib/python3.10/site-packages:${PYTHONPATH} /usr/bin/python3 -W ignore:setup.py install is deprecated -W ignore:easy_install command is deprecated setup.py egg_info --egg-base ../../build/multi_camera_pkg build --build-base /home/jyo/ros2_ws/build/multi_camera_pkg/build install --record /home/jyo/ros2_ws/build/multi_camera_pkg/install.log --single-version-externally-managed install_data
[4.392s] Level 1:colcon.colcon_core.environment:checking '/home/jyo/ros2_ws/install/multi_camera_pkg' for CMake config files
[4.393s] Level 1:colcon.colcon_core.environment:checking '/home/jyo/ros2_ws/install/multi_camera_pkg/lib'
[4.394s] Level 1:colcon.colcon_core.environment:checking '/home/jyo/ros2_ws/install/multi_camera_pkg/bin'
[4.394s] Level 1:colcon.colcon_core.environment:checking '/home/jyo/ros2_ws/install/multi_camera_pkg/lib/pkgconfig/multi_camera_pkg.pc'
[4.394s] Level 1:colcon.colcon_core.environment:checking '/home/jyo/ros2_ws/install/multi_camera_pkg/lib/python3.10/site-packages'
[4.394s] Level 1:colcon.colcon_core.shell:create_environment_hook('multi_camera_pkg', 'pythonpath')
[4.395s] INFO:colcon.colcon_core.shell:Creating environment hook '/home/jyo/ros2_ws/install/multi_camera_pkg/share/multi_camera_pkg/hook/pythonpath.ps1'
[4.396s] INFO:colcon.colcon_core.shell:Creating environment descriptor '/home/jyo/ros2_ws/install/multi_camera_pkg/share/multi_camera_pkg/hook/pythonpath.dsv'
[4.396s] INFO:colcon.colcon_core.shell:Creating environment hook '/home/jyo/ros2_ws/install/multi_camera_pkg/share/multi_camera_pkg/hook/pythonpath.sh'
[4.398s] Level 1:colcon.colcon_core.environment:checking '/home/jyo/ros2_ws/install/multi_camera_pkg/bin'
[4.398s] Level 1:colcon.colcon_core.environment:create_environment_scripts_only(multi_camera_pkg)
[4.398s] INFO:colcon.colcon_core.shell:Creating package script '/home/jyo/ros2_ws/install/multi_camera_pkg/share/multi_camera_pkg/package.ps1'
[4.399s] INFO:colcon.colcon_core.shell:Creating package descriptor '/home/jyo/ros2_ws/install/multi_camera_pkg/share/multi_camera_pkg/package.dsv'
[4.400s] INFO:colcon.colcon_core.shell:Creating package script '/home/jyo/ros2_ws/install/multi_camera_pkg/share/multi_camera_pkg/package.sh'
[4.401s] INFO:colcon.colcon_core.shell:Creating package script '/home/jyo/ros2_ws/install/multi_camera_pkg/share/multi_camera_pkg/package.bash'
[4.401s] INFO:colcon.colcon_core.shell:Creating package script '/home/jyo/ros2_ws/install/multi_camera_pkg/share/multi_camera_pkg/package.zsh'
[4.402s] Level 1:colcon.colcon_core.environment:create_file_with_runtime_dependencies(/home/jyo/ros2_ws/install/multi_camera_pkg/share/colcon-core/packages/multi_camera_pkg)
[4.403s] Level 1:colcon.colcon_core.environment:checking '/home/jyo/ros2_ws/install/rosbag_control' for CMake module files
[4.404s] Level 1:colcon.colcon_core.environment:checking '/home/jyo/ros2_ws/install/rosbag_control' for CMake config files
[4.404s] DEBUG:colcon.colcon_core.event_handler.log_command:Invoked command in '/home/jyo/ros2_ws/src/rosbag_control' returned '0': PYTHONPATH=/home/jyo/ros2_ws/build/rosbag_control/prefix_override:/usr/lib/python3/dist-packages/colcon_core/task/python/colcon_distutils_commands:/home/jyo/ros2_ws/install/rosbag_control/lib/python3.10/site-packages:${PYTHONPATH} /usr/bin/python3 -W ignore:setup.py install is deprecated -W ignore:easy_install command is deprecated setup.py egg_info --egg-base ../../build/rosbag_control build --build-base /home/jyo/ros2_ws/build/rosbag_control/build install --record /home/jyo/ros2_ws/build/rosbag_control/install.log --single-version-externally-managed
[4.405s] Level 1:colcon.colcon_core.environment:checking '/home/jyo/ros2_ws/install/rosbag_control/lib'
[4.405s] Level 1:colcon.colcon_core.environment:checking '/home/jyo/ros2_ws/install/rosbag_control/bin'
[4.405s] Level 1:colcon.colcon_core.environment:checking '/home/jyo/ros2_ws/install/rosbag_control/lib/pkgconfig/rosbag_control.pc'
[4.406s] Level 1:colcon.colcon_core.environment:checking '/home/jyo/ros2_ws/install/rosbag_control/lib/python3.10/site-packages'
[4.406s] Level 1:colcon.colcon_core.shell:create_environment_hook('rosbag_control', 'pythonpath')
[4.406s] INFO:colcon.colcon_core.shell:Creating environment hook '/home/jyo/ros2_ws/install/rosbag_control/share/rosbag_control/hook/pythonpath.ps1'
[4.406s] INFO:colcon.colcon_core.shell:Creating environment descriptor '/home/jyo/ros2_ws/install/rosbag_control/share/rosbag_control/hook/pythonpath.dsv'
[4.407s] INFO:colcon.colcon_core.shell:Creating environment hook '/home/jyo/ros2_ws/install/rosbag_control/share/rosbag_control/hook/pythonpath.sh'
[4.408s] Level 1:colcon.colcon_core.environment:checking '/home/jyo/ros2_ws/install/rosbag_control/bin'
[4.408s] Level 1:colcon.colcon_core.environment:create_environment_scripts_only(rosbag_control)
[4.408s] INFO:colcon.colcon_core.shell:Creating package script '/home/jyo/ros2_ws/install/rosbag_control/share/rosbag_control/package.ps1'
[4.409s] INFO:colcon.colcon_core.shell:Creating package descriptor '/home/jyo/ros2_ws/install/rosbag_control/share/rosbag_control/package.dsv'
[4.410s] INFO:colcon.colcon_core.shell:Creating package script '/home/jyo/ros2_ws/install/rosbag_control/share/rosbag_control/package.sh'
[4.411s] INFO:colcon.colcon_core.shell:Creating package script '/home/jyo/ros2_ws/install/rosbag_control/share/rosbag_control/package.bash'
[4.412s] INFO:colcon.colcon_core.shell:Creating package script '/home/jyo/ros2_ws/install/rosbag_control/share/rosbag_control/package.zsh'
[4.412s] Level 1:colcon.colcon_core.environment:create_file_with_runtime_dependencies(/home/jyo/ros2_ws/install/rosbag_control/share/colcon-core/packages/rosbag_control)
[4.413s] DEBUG:colcon.colcon_parallel_executor.executor.parallel:closing loop
[4.413s] DEBUG:colcon.colcon_parallel_executor.executor.parallel:loop closed
[4.413s] DEBUG:colcon.colcon_parallel_executor.executor.parallel:run_until_complete finished with '0'
[4.413s] DEBUG:colcon.colcon_core.event_reactor:joining thread
[4.427s] INFO:colcon.colcon_core.plugin_system:Skipping extension 'colcon_notification.desktop_notification.terminal_notifier': Not used on non-Darwin systems
[4.428s] INFO:colcon.colcon_core.plugin_system:Skipping extension 'colcon_notification.desktop_notification.win32': Not used on non-Windows systems
[4.428s] INFO:colcon.colcon_notification.desktop_notification:Sending desktop notification using 'notify2'
[4.449s] DEBUG:colcon.colcon_core.event_reactor:joined thread
[4.450s] INFO:colcon.colcon_core.shell:Creating prefix script '/home/jyo/ros2_ws/install/local_setup.ps1'
[4.452s] INFO:colcon.colcon_core.shell:Creating prefix util module '/home/jyo/ros2_ws/install/_local_setup_util_ps1.py'
[4.455s] INFO:colcon.colcon_core.shell:Creating prefix chain script '/home/jyo/ros2_ws/install/setup.ps1'
[4.458s] INFO:colcon.colcon_core.shell:Creating prefix script '/home/jyo/ros2_ws/install/local_setup.sh'
[4.460s] INFO:colcon.colcon_core.shell:Creating prefix util module '/home/jyo/ros2_ws/install/_local_setup_util_sh.py'
[4.461s] INFO:colcon.colcon_core.shell:Creating prefix chain script '/home/jyo/ros2_ws/install/setup.sh'
[4.464s] INFO:colcon.colcon_core.shell:Creating prefix script '/home/jyo/ros2_ws/install/local_setup.bash'
[4.465s] INFO:colcon.colcon_core.shell:Creating prefix chain script '/home/jyo/ros2_ws/install/setup.bash'
[4.468s] INFO:colcon.colcon_core.shell:Creating prefix script '/home/jyo/ros2_ws/install/local_setup.zsh'
[4.469s] INFO:colcon.colcon_core.shell:Creating prefix chain script '/home/jyo/ros2_ws/install/setup.zsh'
