[6.154s] Invoking command in '/home/jyo/ros2_ws/src/rosbag_control': PYTHONPATH=/home/jyo/ros2_ws/build/rosbag_control/prefix_override:/usr/lib/python3/dist-packages/colcon_core/task/python/colcon_distutils_commands:/home/jyo/ros2_ws/install/rosbag_control/lib/python3.10/site-packages:${PYTHONPATH} /usr/bin/python3 -W ignore:setup.py install is deprecated -W ignore:easy_install command is deprecated setup.py egg_info --egg-base ../../build/rosbag_control build --build-base /home/jyo/ros2_ws/build/rosbag_control/build install --record /home/jyo/ros2_ws/build/rosbag_control/install.log --single-version-externally-managed
[8.285s] running egg_info
[8.291s] writing ../../build/rosbag_control/rosbag_control.egg-info/PKG-INFO
[8.293s] writing dependency_links to ../../build/rosbag_control/rosbag_control.egg-info/dependency_links.txt
[8.295s] writing entry points to ../../build/rosbag_control/rosbag_control.egg-info/entry_points.txt
[8.296s] writing requirements to ../../build/rosbag_control/rosbag_control.egg-info/requires.txt
[8.297s] writing top-level names to ../../build/rosbag_control/rosbag_control.egg-info/top_level.txt
[8.310s] reading manifest file '../../build/rosbag_control/rosbag_control.egg-info/SOURCES.txt'
[8.318s] writing manifest file '../../build/rosbag_control/rosbag_control.egg-info/SOURCES.txt'
[8.321s] running build
[8.322s] running build_py
[8.324s] running install
[8.325s] running install_lib
[8.335s] running install_egg_info
[8.358s] removing '/home/jyo/ros2_ws/install/rosbag_control/lib/python3.10/site-packages/rosbag_control-0.0.0-py3.10.egg-info' (and everything under it)
[8.361s] Copying ../../build/rosbag_control/rosbag_control.egg-info to /home/jyo/ros2_ws/install/rosbag_control/lib/python3.10/site-packages/rosbag_control-0.0.0-py3.10.egg-info
[8.372s] running install_scripts
[8.524s] Installing rosbag_control_node script to /home/jyo/ros2_ws/install/rosbag_control/lib/rosbag_control
[8.530s] writing list of installed files to '/home/jyo/ros2_ws/build/rosbag_control/install.log'
[8.729s] Invoked command in '/home/jyo/ros2_ws/src/rosbag_control' returned '0': PYTHONPATH=/home/jyo/ros2_ws/build/rosbag_control/prefix_override:/usr/lib/python3/dist-packages/colcon_core/task/python/colcon_distutils_commands:/home/jyo/ros2_ws/install/rosbag_control/lib/python3.10/site-packages:${PYTHONPATH} /usr/bin/python3 -W ignore:setup.py install is deprecated -W ignore:easy_install command is deprecated setup.py egg_info --egg-base ../../build/rosbag_control build --build-base /home/jyo/ros2_ws/build/rosbag_control/build install --record /home/jyo/ros2_ws/build/rosbag_control/install.log --single-version-externally-managed
