running egg_info
writing ../../build/system_monitor/system_monitor.egg-info/PKG-INFO
writing dependency_links to ../../build/system_monitor/system_monitor.egg-info/dependency_links.txt
writing entry points to ../../build/system_monitor/system_monitor.egg-info/entry_points.txt
writing requirements to ../../build/system_monitor/system_monitor.egg-info/requires.txt
writing top-level names to ../../build/system_monitor/system_monitor.egg-info/top_level.txt
reading manifest file '../../build/system_monitor/system_monitor.egg-info/SOURCES.txt'
writing manifest file '../../build/system_monitor/system_monitor.egg-info/SOURCES.txt'
running build
running build_py
copying system_monitor/frequency_monitor_node.py -> /home/jyo/ros2_ws/build/system_monitor/build/lib/system_monitor
running install
running install_lib
copying /home/jyo/ros2_ws/build/system_monitor/build/lib/system_monitor/frequency_monitor_node.py -> /home/jyo/ros2_ws/install/system_monitor/lib/python3.10/site-packages/system_monitor
byte-compiling /home/jyo/ros2_ws/install/system_monitor/lib/python3.10/site-packages/system_monitor/frequency_monitor_node.py to frequency_monitor_node.cpython-310.pyc
running install_data
running install_egg_info
removing '/home/jyo/ros2_ws/install/system_monitor/lib/python3.10/site-packages/system_monitor-0.0.0-py3.10.egg-info' (and everything under it)
Copying ../../build/system_monitor/system_monitor.egg-info to /home/jyo/ros2_ws/install/system_monitor/lib/python3.10/site-packages/system_monitor-0.0.0-py3.10.egg-info
running install_scripts
Installing frequency_monitor_node script to /home/jyo/ros2_ws/install/system_monitor/lib/system_monitor
Installing system_monitor_node script to /home/jyo/ros2_ws/install/system_monitor/lib/system_monitor
writing list of installed files to '/home/jyo/ros2_ws/build/system_monitor/install.log'
