[1.959s] Invoking command in '/home/jyo/ros2_ws/src/system_monitor': PYTHONPATH=/home/jyo/ros2_ws/build/system_monitor/prefix_override:/usr/lib/python3/dist-packages/colcon_core/task/python/colcon_distutils_commands:/home/jyo/ros2_ws/install/system_monitor/lib/python3.10/site-packages:${PYTHONPATH} /usr/bin/python3 -W ignore:setup.py install is deprecated -W ignore:easy_install command is deprecated setup.py egg_info --egg-base ../../build/system_monitor build --build-base /home/jyo/ros2_ws/build/system_monitor/build install --record /home/jyo/ros2_ws/build/system_monitor/install.log --single-version-externally-managed install_data
[2.214s] running egg_info
[2.215s] writing ../../build/system_monitor/system_monitor.egg-info/PKG-INFO
[2.215s] writing dependency_links to ../../build/system_monitor/system_monitor.egg-info/dependency_links.txt
[2.215s] writing entry points to ../../build/system_monitor/system_monitor.egg-info/entry_points.txt
[2.215s] writing requirements to ../../build/system_monitor/system_monitor.egg-info/requires.txt
[2.215s] writing top-level names to ../../build/system_monitor/system_monitor.egg-info/top_level.txt
[2.218s] reading manifest file '../../build/system_monitor/system_monitor.egg-info/SOURCES.txt'
[2.219s] writing manifest file '../../build/system_monitor/system_monitor.egg-info/SOURCES.txt'
[2.219s] running build
[2.219s] running build_py
[2.219s] copying system_monitor/frequency_monitor_node.py -> /home/jyo/ros2_ws/build/system_monitor/build/lib/system_monitor
[2.219s] running install
[2.220s] running install_lib
[2.222s] copying /home/jyo/ros2_ws/build/system_monitor/build/lib/system_monitor/frequency_monitor_node.py -> /home/jyo/ros2_ws/install/system_monitor/lib/python3.10/site-packages/system_monitor
[2.223s] byte-compiling /home/jyo/ros2_ws/install/system_monitor/lib/python3.10/site-packages/system_monitor/frequency_monitor_node.py to frequency_monitor_node.cpython-310.pyc
[2.224s] running install_data
[2.225s] running install_egg_info
[2.227s] removing '/home/jyo/ros2_ws/install/system_monitor/lib/python3.10/site-packages/system_monitor-0.0.0-py3.10.egg-info' (and everything under it)
[2.227s] Copying ../../build/system_monitor/system_monitor.egg-info to /home/jyo/ros2_ws/install/system_monitor/lib/python3.10/site-packages/system_monitor-0.0.0-py3.10.egg-info
[2.228s] running install_scripts
[2.254s] Installing frequency_monitor_node script to /home/jyo/ros2_ws/install/system_monitor/lib/system_monitor
[2.254s] Installing system_monitor_node script to /home/jyo/ros2_ws/install/system_monitor/lib/system_monitor
[2.254s] writing list of installed files to '/home/jyo/ros2_ws/build/system_monitor/install.log'
[2.292s] Invoked command in '/home/jyo/ros2_ws/src/system_monitor' returned '0': PYTHONPATH=/home/jyo/ros2_ws/build/system_monitor/prefix_override:/usr/lib/python3/dist-packages/colcon_core/task/python/colcon_distutils_commands:/home/jyo/ros2_ws/install/system_monitor/lib/python3.10/site-packages:${PYTHONPATH} /usr/bin/python3 -W ignore:setup.py install is deprecated -W ignore:easy_install command is deprecated setup.py egg_info --egg-base ../../build/system_monitor build --build-base /home/jyo/ros2_ws/build/system_monitor/build install --record /home/jyo/ros2_ws/build/system_monitor/install.log --single-version-externally-managed install_data
