[0.092s] DEBUG:colcon:Command line arguments: ['/usr/bin/colcon', 'build', '--packages-select', 'cart_control']
[0.092s] DEBUG:colcon:Parsed command line arguments: Namespace(log_base=None, log_level=None, verb_name='build', build_base='build', install_base='install', merge_install=False, symlink_install=False, test_result_base=None, continue_on_error=False, executor='parallel', parallel_workers=12, event_handlers=None, ignore_user_meta=False, metas=['./colcon.meta'], base_paths=['.'], packages_ignore=None, packages_ignore_regex=None, paths=None, packages_up_to=None, packages_up_to_regex=None, packages_above=None, packages_above_and_dependencies=None, packages_above_depth=None, packages_select_by_dep=None, packages_skip_by_dep=None, packages_skip_up_to=None, packages_select_build_failed=False, packages_skip_build_finished=False, packages_select_test_failures=False, packages_skip_test_passed=False, packages_select=['cart_control'], packages_skip=None, packages_select_regex=None, packages_skip_regex=None, packages_start=None, packages_end=None, allow_overriding=[], cmake_args=None, cmake_target=None, cmake_target_skip_unavailable=False, cmake_clean_cache=False, cmake_clean_first=False, cmake_force_configure=False, ament_cmake_args=None, catkin_cmake_args=None, catkin_skip_building_tests=False, verb_parser=<colcon_defaults.argument_parser.defaults.DefaultArgumentsDecorator object at 0x7fb4fcc68be0>, verb_extension=<colcon_core.verb.build.BuildVerb object at 0x7fb4fcd75ff0>, main=<bound method BuildVerb.main of <colcon_core.verb.build.BuildVerb object at 0x7fb4fcd75ff0>>)
[0.231s] Level 1:colcon.colcon_core.package_discovery:discover_packages(colcon_meta) check parameters
[0.231s] Level 1:colcon.colcon_core.package_discovery:discover_packages(recursive) check parameters
[0.231s] Level 1:colcon.colcon_core.package_discovery:discover_packages(ignore) check parameters
[0.231s] Level 1:colcon.colcon_core.package_discovery:discover_packages(path) check parameters
[0.231s] Level 1:colcon.colcon_core.package_discovery:discover_packages(colcon_meta) discover
[0.232s] Level 1:colcon.colcon_core.package_discovery:discover_packages(recursive) discover
[0.232s] INFO:colcon.colcon_core.package_discovery:Crawling recursively for packages in '/home/jyo/ros2_ws'
[0.232s] Level 1:colcon.colcon_core.package_identification:_identify(.) by extensions ['ignore', 'ignore_ament_install']
[0.232s] Level 1:colcon.colcon_core.package_identification:_identify(.) by extension 'ignore'
[0.232s] Level 1:colcon.colcon_core.package_identification:_identify(.) by extension 'ignore_ament_install'
[0.232s] Level 1:colcon.colcon_core.package_identification:_identify(.) by extensions ['colcon_pkg']
[0.232s] Level 1:colcon.colcon_core.package_identification:_identify(.) by extension 'colcon_pkg'
[0.232s] Level 1:colcon.colcon_core.package_identification:_identify(.) by extensions ['colcon_meta']
[0.232s] Level 1:colcon.colcon_core.package_identification:_identify(.) by extension 'colcon_meta'
[0.232s] Level 1:colcon.colcon_core.package_identification:_identify(.) by extensions ['ros']
[0.232s] Level 1:colcon.colcon_core.package_identification:_identify(.) by extension 'ros'
[0.242s] Level 1:colcon.colcon_core.package_identification:_identify(.) by extensions ['cmake', 'python']
[0.242s] Level 1:colcon.colcon_core.package_identification:_identify(.) by extension 'cmake'
[0.242s] Level 1:colcon.colcon_core.package_identification:_identify(.) by extension 'python'
[0.242s] Level 1:colcon.colcon_core.package_identification:_identify(.) by extensions ['python_setup_py']
[0.242s] Level 1:colcon.colcon_core.package_identification:_identify(.) by extension 'python_setup_py'
[0.242s] Level 1:colcon.colcon_core.package_identification:_identify(build) by extensions ['ignore', 'ignore_ament_install']
[0.242s] Level 1:colcon.colcon_core.package_identification:_identify(build) by extension 'ignore'
[0.242s] Level 1:colcon.colcon_core.package_identification:_identify(build) ignored
[0.242s] Level 1:colcon.colcon_core.package_identification:_identify(install) by extensions ['ignore', 'ignore_ament_install']
[0.242s] Level 1:colcon.colcon_core.package_identification:_identify(install) by extension 'ignore'
[0.242s] Level 1:colcon.colcon_core.package_identification:_identify(install) ignored
[0.243s] Level 1:colcon.colcon_core.package_identification:_identify(log) by extensions ['ignore', 'ignore_ament_install']
[0.243s] Level 1:colcon.colcon_core.package_identification:_identify(log) by extension 'ignore'
[0.243s] Level 1:colcon.colcon_core.package_identification:_identify(log) ignored
[0.243s] Level 1:colcon.colcon_core.package_identification:_identify(parameters) by extensions ['ignore', 'ignore_ament_install']
[0.243s] Level 1:colcon.colcon_core.package_identification:_identify(parameters) by extension 'ignore'
[0.243s] Level 1:colcon.colcon_core.package_identification:_identify(parameters) by extension 'ignore_ament_install'
[0.243s] Level 1:colcon.colcon_core.package_identification:_identify(parameters) by extensions ['colcon_pkg']
[0.243s] Level 1:colcon.colcon_core.package_identification:_identify(parameters) by extension 'colcon_pkg'
[0.243s] Level 1:colcon.colcon_core.package_identification:_identify(parameters) by extensions ['colcon_meta']
[0.243s] Level 1:colcon.colcon_core.package_identification:_identify(parameters) by extension 'colcon_meta'
[0.243s] Level 1:colcon.colcon_core.package_identification:_identify(parameters) by extensions ['ros']
[0.243s] Level 1:colcon.colcon_core.package_identification:_identify(parameters) by extension 'ros'
[0.243s] Level 1:colcon.colcon_core.package_identification:_identify(parameters) by extensions ['cmake', 'python']
[0.243s] Level 1:colcon.colcon_core.package_identification:_identify(parameters) by extension 'cmake'
[0.243s] Level 1:colcon.colcon_core.package_identification:_identify(parameters) by extension 'python'
[0.243s] Level 1:colcon.colcon_core.package_identification:_identify(parameters) by extensions ['python_setup_py']
[0.243s] Level 1:colcon.colcon_core.package_identification:_identify(parameters) by extension 'python_setup_py'
[0.243s] Level 1:colcon.colcon_core.package_identification:_identify(src) by extensions ['ignore', 'ignore_ament_install']
[0.243s] Level 1:colcon.colcon_core.package_identification:_identify(src) by extension 'ignore'
[0.243s] Level 1:colcon.colcon_core.package_identification:_identify(src) by extension 'ignore_ament_install'
[0.243s] Level 1:colcon.colcon_core.package_identification:_identify(src) by extensions ['colcon_pkg']
[0.243s] Level 1:colcon.colcon_core.package_identification:_identify(src) by extension 'colcon_pkg'
[0.244s] Level 1:colcon.colcon_core.package_identification:_identify(src) by extensions ['colcon_meta']
[0.244s] Level 1:colcon.colcon_core.package_identification:_identify(src) by extension 'colcon_meta'
[0.244s] Level 1:colcon.colcon_core.package_identification:_identify(src) by extensions ['ros']
[0.244s] Level 1:colcon.colcon_core.package_identification:_identify(src) by extension 'ros'
[0.244s] Level 1:colcon.colcon_core.package_identification:_identify(src) by extensions ['cmake', 'python']
[0.244s] Level 1:colcon.colcon_core.package_identification:_identify(src) by extension 'cmake'
[0.244s] Level 1:colcon.colcon_core.package_identification:_identify(src) by extension 'python'
[0.244s] Level 1:colcon.colcon_core.package_identification:_identify(src) by extensions ['python_setup_py']
[0.244s] Level 1:colcon.colcon_core.package_identification:_identify(src) by extension 'python_setup_py'
[0.244s] Level 1:colcon.colcon_core.package_identification:_identify(src/battery_monitor) by extensions ['ignore', 'ignore_ament_install']
[0.244s] Level 1:colcon.colcon_core.package_identification:_identify(src/battery_monitor) by extension 'ignore'
[0.244s] Level 1:colcon.colcon_core.package_identification:_identify(src/battery_monitor) by extension 'ignore_ament_install'
[0.244s] Level 1:colcon.colcon_core.package_identification:_identify(src/battery_monitor) by extensions ['colcon_pkg']
[0.244s] Level 1:colcon.colcon_core.package_identification:_identify(src/battery_monitor) by extension 'colcon_pkg'
[0.244s] Level 1:colcon.colcon_core.package_identification:_identify(src/battery_monitor) by extensions ['colcon_meta']
[0.244s] Level 1:colcon.colcon_core.package_identification:_identify(src/battery_monitor) by extension 'colcon_meta'
[0.244s] Level 1:colcon.colcon_core.package_identification:_identify(src/battery_monitor) by extensions ['ros']
[0.244s] Level 1:colcon.colcon_core.package_identification:_identify(src/battery_monitor) by extension 'ros'
[0.246s] DEBUG:colcon.colcon_core.package_identification:Package 'src/battery_monitor' with type 'ros.ament_python' and name 'battery_monitor'
[0.246s] Level 1:colcon.colcon_core.package_identification:_identify(src/cart_control) by extensions ['ignore', 'ignore_ament_install']
[0.246s] Level 1:colcon.colcon_core.package_identification:_identify(src/cart_control) by extension 'ignore'
[0.246s] Level 1:colcon.colcon_core.package_identification:_identify(src/cart_control) by extension 'ignore_ament_install'
[0.246s] Level 1:colcon.colcon_core.package_identification:_identify(src/cart_control) by extensions ['colcon_pkg']
[0.246s] Level 1:colcon.colcon_core.package_identification:_identify(src/cart_control) by extension 'colcon_pkg'
[0.247s] Level 1:colcon.colcon_core.package_identification:_identify(src/cart_control) by extensions ['colcon_meta']
[0.247s] Level 1:colcon.colcon_core.package_identification:_identify(src/cart_control) by extension 'colcon_meta'
[0.247s] Level 1:colcon.colcon_core.package_identification:_identify(src/cart_control) by extensions ['ros']
[0.247s] Level 1:colcon.colcon_core.package_identification:_identify(src/cart_control) by extension 'ros'
[0.247s] DEBUG:colcon.colcon_core.package_identification:Found ROS schema reference in package manifest in 'src/cart_control'
[0.248s] WARNING:colcon.colcon_core.package_identification:Failed to parse ROS package manifest in 'src/cart_control': Error(s) in package 'src/cart_control/package.xml':
Error(s):
- The generic dependency on 'rclpy' is redundant with: exec_depend
- The generic dependency on 'std_msgs' is redundant with: exec_depend
[0.248s] Level 1:colcon.colcon_core.package_identification:_identify(src/cart_control) by extensions ['cmake', 'python']
[0.248s] Level 1:colcon.colcon_core.package_identification:_identify(src/cart_control) by extension 'cmake'
[0.248s] Level 1:colcon.colcon_core.package_identification:_identify(src/cart_control) by extension 'python'
[0.248s] DEBUG:colcon.colcon_core.package_identification:Python package in 'src/cart_control' passes arguments to the setup() function which requires a different identification extension than 'python'
[0.248s] Level 1:colcon.colcon_core.package_identification:_identify(src/cart_control) by extensions ['python_setup_py']
[0.248s] Level 1:colcon.colcon_core.package_identification:_identify(src/cart_control) by extension 'python_setup_py'
[0.469s] DEBUG:colcon.colcon_core.package_identification:Package 'src/cart_control' with type 'python' and name 'cart_control'
[0.469s] Level 1:colcon.colcon_core.package_identification:_identify(src/daemon) by extensions ['ignore', 'ignore_ament_install']
[0.469s] Level 1:colcon.colcon_core.package_identification:_identify(src/daemon) by extension 'ignore'
[0.469s] Level 1:colcon.colcon_core.package_identification:_identify(src/daemon) by extension 'ignore_ament_install'
[0.469s] Level 1:colcon.colcon_core.package_identification:_identify(src/daemon) by extensions ['colcon_pkg']
[0.469s] Level 1:colcon.colcon_core.package_identification:_identify(src/daemon) by extension 'colcon_pkg'
[0.469s] Level 1:colcon.colcon_core.package_identification:_identify(src/daemon) by extensions ['colcon_meta']
[0.470s] Level 1:colcon.colcon_core.package_identification:_identify(src/daemon) by extension 'colcon_meta'
[0.470s] Level 1:colcon.colcon_core.package_identification:_identify(src/daemon) by extensions ['ros']
[0.470s] Level 1:colcon.colcon_core.package_identification:_identify(src/daemon) by extension 'ros'
[0.470s] DEBUG:colcon.colcon_core.package_identification:Package 'src/daemon' with type 'ros.ament_cmake' and name 'daemon'
[0.470s] Level 1:colcon.colcon_core.package_identification:_identify(src/log) by extensions ['ignore', 'ignore_ament_install']
[0.470s] Level 1:colcon.colcon_core.package_identification:_identify(src/log) by extension 'ignore'
[0.470s] Level 1:colcon.colcon_core.package_identification:_identify(src/log) by extension 'ignore_ament_install'
[0.470s] Level 1:colcon.colcon_core.package_identification:_identify(src/log) by extensions ['colcon_pkg']
[0.470s] Level 1:colcon.colcon_core.package_identification:_identify(src/log) by extension 'colcon_pkg'
[0.470s] Level 1:colcon.colcon_core.package_identification:_identify(src/log) by extensions ['colcon_meta']
[0.470s] Level 1:colcon.colcon_core.package_identification:_identify(src/log) by extension 'colcon_meta'
[0.471s] Level 1:colcon.colcon_core.package_identification:_identify(src/log) by extensions ['ros']
[0.471s] Level 1:colcon.colcon_core.package_identification:_identify(src/log) by extension 'ros'
[0.471s] Level 1:colcon.colcon_core.package_identification:_identify(src/log) by extensions ['cmake', 'python']
[0.471s] Level 1:colcon.colcon_core.package_identification:_identify(src/log) by extension 'cmake'
[0.471s] Level 1:colcon.colcon_core.package_identification:_identify(src/log) by extension 'python'
[0.471s] Level 1:colcon.colcon_core.package_identification:_identify(src/log) by extensions ['python_setup_py']
[0.471s] Level 1:colcon.colcon_core.package_identification:_identify(src/log) by extension 'python_setup_py'
[0.471s] Level 1:colcon.colcon_core.package_identification:_identify(src/multi_camera_publisher) by extensions ['ignore', 'ignore_ament_install']
[0.471s] Level 1:colcon.colcon_core.package_identification:_identify(src/multi_camera_publisher) by extension 'ignore'
[0.471s] Level 1:colcon.colcon_core.package_identification:_identify(src/multi_camera_publisher) by extension 'ignore_ament_install'
[0.471s] Level 1:colcon.colcon_core.package_identification:_identify(src/multi_camera_publisher) by extensions ['colcon_pkg']
[0.471s] Level 1:colcon.colcon_core.package_identification:_identify(src/multi_camera_publisher) by extension 'colcon_pkg'
[0.471s] Level 1:colcon.colcon_core.package_identification:_identify(src/multi_camera_publisher) by extensions ['colcon_meta']
[0.471s] Level 1:colcon.colcon_core.package_identification:_identify(src/multi_camera_publisher) by extension 'colcon_meta'
[0.471s] Level 1:colcon.colcon_core.package_identification:_identify(src/multi_camera_publisher) by extensions ['ros']
[0.471s] Level 1:colcon.colcon_core.package_identification:_identify(src/multi_camera_publisher) by extension 'ros'
[0.472s] DEBUG:colcon.colcon_core.package_identification:Package 'src/multi_camera_publisher' with type 'ros.ament_python' and name 'multi_camera_publisher'
[0.472s] Level 1:colcon.colcon_core.package_identification:_identify(src/parameters) by extensions ['ignore', 'ignore_ament_install']
[0.472s] Level 1:colcon.colcon_core.package_identification:_identify(src/parameters) by extension 'ignore'
[0.472s] Level 1:colcon.colcon_core.package_identification:_identify(src/parameters) by extension 'ignore_ament_install'
[0.472s] Level 1:colcon.colcon_core.package_identification:_identify(src/parameters) by extensions ['colcon_pkg']
[0.472s] Level 1:colcon.colcon_core.package_identification:_identify(src/parameters) by extension 'colcon_pkg'
[0.472s] Level 1:colcon.colcon_core.package_identification:_identify(src/parameters) by extensions ['colcon_meta']
[0.472s] Level 1:colcon.colcon_core.package_identification:_identify(src/parameters) by extension 'colcon_meta'
[0.472s] Level 1:colcon.colcon_core.package_identification:_identify(src/parameters) by extensions ['ros']
[0.472s] Level 1:colcon.colcon_core.package_identification:_identify(src/parameters) by extension 'ros'
[0.472s] Level 1:colcon.colcon_core.package_identification:_identify(src/parameters) by extensions ['cmake', 'python']
[0.472s] Level 1:colcon.colcon_core.package_identification:_identify(src/parameters) by extension 'cmake'
[0.472s] Level 1:colcon.colcon_core.package_identification:_identify(src/parameters) by extension 'python'
[0.472s] Level 1:colcon.colcon_core.package_identification:_identify(src/parameters) by extensions ['python_setup_py']
[0.472s] Level 1:colcon.colcon_core.package_identification:_identify(src/parameters) by extension 'python_setup_py'
[0.472s] Level 1:colcon.colcon_core.package_discovery:discover_packages(recursive) using defaults
[0.472s] Level 1:colcon.colcon_core.package_discovery:discover_packages(ignore) discover
[0.472s] Level 1:colcon.colcon_core.package_discovery:discover_packages(ignore) using defaults
[0.472s] Level 1:colcon.colcon_core.package_discovery:discover_packages(path) discover
[0.472s] Level 1:colcon.colcon_core.package_discovery:discover_packages(path) using defaults
[0.489s] INFO:colcon.colcon_core.package_selection:Skipping not selected package 'battery_monitor' in 'src/battery_monitor'
[0.490s] INFO:colcon.colcon_core.package_selection:Skipping not selected package 'daemon' in 'src/daemon'
[0.490s] INFO:colcon.colcon_core.package_selection:Skipping not selected package 'multi_camera_publisher' in 'src/multi_camera_publisher'
[0.490s] Level 1:colcon.colcon_core.package_discovery:discover_packages(prefix_path) check parameters
[0.490s] Level 1:colcon.colcon_core.package_discovery:discover_packages(prefix_path) discover
[0.491s] DEBUG:colcon.colcon_installed_package_information.package_discovery:Found 1 installed packages in /home/jyo/projects/ydlidar_ros2_ws/install
[0.492s] DEBUG:colcon.colcon_installed_package_information.package_discovery:Found 2 installed packages in /home/jyo/projects/ouster-ros-ws/install
[0.492s] DEBUG:colcon.colcon_installed_package_information.package_discovery:Found 4 installed packages in /home/jyo/ros2_ws/install
[0.494s] DEBUG:colcon.colcon_installed_package_information.package_discovery:Found 276 installed packages in /opt/ros/humble
[0.506s] Level 1:colcon.colcon_core.package_discovery:discover_packages(prefix_path) using defaults
[0.538s] Level 5:colcon.colcon_core.verb:set package 'cart_control' build argument 'cmake_args' from command line to 'None'
[0.538s] Level 5:colcon.colcon_core.verb:set package 'cart_control' build argument 'cmake_target' from command line to 'None'
[0.538s] Level 5:colcon.colcon_core.verb:set package 'cart_control' build argument 'cmake_target_skip_unavailable' from command line to 'False'
[0.538s] Level 5:colcon.colcon_core.verb:set package 'cart_control' build argument 'cmake_clean_cache' from command line to 'False'
[0.538s] Level 5:colcon.colcon_core.verb:set package 'cart_control' build argument 'cmake_clean_first' from command line to 'False'
[0.538s] Level 5:colcon.colcon_core.verb:set package 'cart_control' build argument 'cmake_force_configure' from command line to 'False'
[0.538s] Level 5:colcon.colcon_core.verb:set package 'cart_control' build argument 'ament_cmake_args' from command line to 'None'
[0.538s] Level 5:colcon.colcon_core.verb:set package 'cart_control' build argument 'catkin_cmake_args' from command line to 'None'
[0.538s] Level 5:colcon.colcon_core.verb:set package 'cart_control' build argument 'catkin_skip_building_tests' from command line to 'False'
[0.538s] DEBUG:colcon.colcon_core.verb:Building package 'cart_control' with the following arguments: {'ament_cmake_args': None, 'build_base': '/home/jyo/ros2_ws/build/cart_control', 'catkin_cmake_args': None, 'catkin_skip_building_tests': False, 'cmake_args': None, 'cmake_clean_cache': False, 'cmake_clean_first': False, 'cmake_force_configure': False, 'cmake_target': None, 'cmake_target_skip_unavailable': False, 'install_base': '/home/jyo/ros2_ws/install/cart_control', 'merge_install': False, 'path': '/home/jyo/ros2_ws/src/cart_control', 'symlink_install': False, 'test_result_base': None}
[0.539s] INFO:colcon.colcon_core.executor:Executing jobs using 'parallel' executor
[0.540s] DEBUG:colcon.colcon_parallel_executor.executor.parallel:run_until_complete
[0.540s] INFO:colcon.colcon_core.task.python.build:Building Python package in '/home/jyo/ros2_ws/src/cart_control'
[0.542s] INFO:colcon.colcon_core.plugin_system:Skipping extension 'colcon_core.shell.bat': Not used on non-Windows systems
[0.542s] INFO:colcon.colcon_core.shell:Skip shell extension 'powershell' for command environment: Not usable outside of PowerShell
[0.542s] DEBUG:colcon.colcon_core.shell:Skip shell extension 'dsv' for command environment
[1.146s] DEBUG:colcon.colcon_core.event_handler.log_command:Invoking command in '/home/jyo/ros2_ws/src/cart_control': PYTHONPATH=/home/jyo/ros2_ws/build/cart_control/prefix_override:/usr/lib/python3/dist-packages/colcon_core/task/python/colcon_distutils_commands:/home/jyo/ros2_ws/install/cart_control/lib/python3.10/site-packages:${PYTHONPATH} /usr/bin/python3 -W ignore:setup.py install is deprecated -W ignore:easy_install command is deprecated setup.py egg_info --egg-base ../../build/cart_control build --build-base /home/jyo/ros2_ws/build/cart_control/build install --record /home/jyo/ros2_ws/build/cart_control/install.log --single-version-externally-managed install_data
[1.403s] DEBUG:colcon.colcon_core.event_handler.log_command:Invoked command in '/home/jyo/ros2_ws/src/cart_control' returned '0': PYTHONPATH=/home/jyo/ros2_ws/build/cart_control/prefix_override:/usr/lib/python3/dist-packages/colcon_core/task/python/colcon_distutils_commands:/home/jyo/ros2_ws/install/cart_control/lib/python3.10/site-packages:${PYTHONPATH} /usr/bin/python3 -W ignore:setup.py install is deprecated -W ignore:easy_install command is deprecated setup.py egg_info --egg-base ../../build/cart_control build --build-base /home/jyo/ros2_ws/build/cart_control/build install --record /home/jyo/ros2_ws/build/cart_control/install.log --single-version-externally-managed install_data
[1.408s] Level 1:colcon.colcon_core.environment:checking '/home/jyo/ros2_ws/install/cart_control' for CMake module files
[1.409s] Level 1:colcon.colcon_core.environment:checking '/home/jyo/ros2_ws/install/cart_control' for CMake config files
[1.411s] Level 1:colcon.colcon_core.environment:checking '/home/jyo/ros2_ws/install/cart_control/lib'
[1.411s] Level 1:colcon.colcon_core.environment:checking '/home/jyo/ros2_ws/install/cart_control/bin'
[1.411s] Level 1:colcon.colcon_core.environment:checking '/home/jyo/ros2_ws/install/cart_control/lib/pkgconfig/cart_control.pc'
[1.412s] Level 1:colcon.colcon_core.environment:checking '/home/jyo/ros2_ws/install/cart_control/lib/python3.10/site-packages'
[1.412s] Level 1:colcon.colcon_core.shell:create_environment_hook('cart_control', 'pythonpath')
[1.413s] INFO:colcon.colcon_core.shell:Creating environment hook '/home/jyo/ros2_ws/install/cart_control/share/cart_control/hook/pythonpath.ps1'
[1.414s] INFO:colcon.colcon_core.shell:Creating environment descriptor '/home/jyo/ros2_ws/install/cart_control/share/cart_control/hook/pythonpath.dsv'
[1.415s] INFO:colcon.colcon_core.shell:Creating environment hook '/home/jyo/ros2_ws/install/cart_control/share/cart_control/hook/pythonpath.sh'
[1.416s] Level 1:colcon.colcon_core.environment:checking '/home/jyo/ros2_ws/install/cart_control/bin'
[1.417s] Level 1:colcon.colcon_core.environment:create_environment_scripts_only(cart_control)
[1.417s] INFO:colcon.colcon_core.shell:Creating package script '/home/jyo/ros2_ws/install/cart_control/share/cart_control/package.ps1'
[1.419s] INFO:colcon.colcon_core.shell:Creating package descriptor '/home/jyo/ros2_ws/install/cart_control/share/cart_control/package.dsv'
[1.421s] INFO:colcon.colcon_core.shell:Creating package script '/home/jyo/ros2_ws/install/cart_control/share/cart_control/package.sh'
[1.422s] INFO:colcon.colcon_core.shell:Creating package script '/home/jyo/ros2_ws/install/cart_control/share/cart_control/package.bash'
[1.424s] INFO:colcon.colcon_core.shell:Creating package script '/home/jyo/ros2_ws/install/cart_control/share/cart_control/package.zsh'
[1.426s] Level 1:colcon.colcon_core.environment:create_file_with_runtime_dependencies(/home/jyo/ros2_ws/install/cart_control/share/colcon-core/packages/cart_control)
[1.427s] DEBUG:colcon.colcon_parallel_executor.executor.parallel:closing loop
[1.427s] DEBUG:colcon.colcon_parallel_executor.executor.parallel:loop closed
[1.428s] DEBUG:colcon.colcon_parallel_executor.executor.parallel:run_until_complete finished with '0'
[1.428s] DEBUG:colcon.colcon_core.event_reactor:joining thread
[1.439s] INFO:colcon.colcon_core.plugin_system:Skipping extension 'colcon_notification.desktop_notification.terminal_notifier': Not used on non-Darwin systems
[1.439s] INFO:colcon.colcon_core.plugin_system:Skipping extension 'colcon_notification.desktop_notification.win32': Not used on non-Windows systems
[1.439s] INFO:colcon.colcon_notification.desktop_notification:Sending desktop notification using 'notify2'
[1.463s] DEBUG:colcon.colcon_core.event_reactor:joined thread
[1.464s] INFO:colcon.colcon_core.shell:Creating prefix script '/home/jyo/ros2_ws/install/local_setup.ps1'
[1.467s] INFO:colcon.colcon_core.shell:Creating prefix util module '/home/jyo/ros2_ws/install/_local_setup_util_ps1.py'
[1.471s] INFO:colcon.colcon_core.shell:Creating prefix chain script '/home/jyo/ros2_ws/install/setup.ps1'
[1.474s] INFO:colcon.colcon_core.shell:Creating prefix script '/home/jyo/ros2_ws/install/local_setup.sh'
[1.475s] INFO:colcon.colcon_core.shell:Creating prefix util module '/home/jyo/ros2_ws/install/_local_setup_util_sh.py'
[1.476s] INFO:colcon.colcon_core.shell:Creating prefix chain script '/home/jyo/ros2_ws/install/setup.sh'
[1.479s] INFO:colcon.colcon_core.shell:Creating prefix script '/home/jyo/ros2_ws/install/local_setup.bash'
[1.480s] INFO:colcon.colcon_core.shell:Creating prefix chain script '/home/jyo/ros2_ws/install/setup.bash'
[1.482s] INFO:colcon.colcon_core.shell:Creating prefix script '/home/jyo/ros2_ws/install/local_setup.zsh'
[1.483s] INFO:colcon.colcon_core.shell:Creating prefix chain script '/home/jyo/ros2_ws/install/setup.zsh'
