running egg_info
creating ../../build/cart_control/cart_control.egg-info
writing ../../build/cart_control/cart_control.egg-info/PKG-INFO
writing dependency_links to ../../build/cart_control/cart_control.egg-info/dependency_links.txt
writing entry points to ../../build/cart_control/cart_control.egg-info/entry_points.txt
writing requirements to ../../build/cart_control/cart_control.egg-info/requires.txt
writing top-level names to ../../build/cart_control/cart_control.egg-info/top_level.txt
writing manifest file '../../build/cart_control/cart_control.egg-info/SOURCES.txt'
reading manifest file '../../build/cart_control/cart_control.egg-info/SOURCES.txt'
writing manifest file '../../build/cart_control/cart_control.egg-info/SOURCES.txt'
running build
running build_py
creating /home/jyo/ros2_ws/build/cart_control/build
creating /home/jyo/ros2_ws/build/cart_control/build/lib
creating /home/jyo/ros2_ws/build/cart_control/build/lib/cart_control
copying cart_control/__init__.py -> /home/jyo/ros2_ws/build/cart_control/build/lib/cart_control
copying cart_control/cart_control_node.py -> /home/jyo/ros2_ws/build/cart_control/build/lib/cart_control
running install
running install_lib
creating /home/jyo/ros2_ws/install/cart_control/lib/python3.10/site-packages/cart_control
copying /home/jyo/ros2_ws/build/cart_control/build/lib/cart_control/__init__.py -> /home/jyo/ros2_ws/install/cart_control/lib/python3.10/site-packages/cart_control
copying /home/jyo/ros2_ws/build/cart_control/build/lib/cart_control/cart_control_node.py -> /home/jyo/ros2_ws/install/cart_control/lib/python3.10/site-packages/cart_control
byte-compiling /home/jyo/ros2_ws/install/cart_control/lib/python3.10/site-packages/cart_control/__init__.py to __init__.cpython-310.pyc
byte-compiling /home/jyo/ros2_ws/install/cart_control/lib/python3.10/site-packages/cart_control/cart_control_node.py to cart_control_node.cpython-310.pyc
running install_data
creating /home/jyo/ros2_ws/install/cart_control/share
creating /home/jyo/ros2_ws/install/cart_control/share/ament_index
creating /home/jyo/ros2_ws/install/cart_control/share/ament_index/resource_index
creating /home/jyo/ros2_ws/install/cart_control/share/ament_index/resource_index/packages
copying resource/cart_control -> /home/jyo/ros2_ws/install/cart_control/share/ament_index/resource_index/packages
creating /home/jyo/ros2_ws/install/cart_control/share/cart_control
copying package.xml -> /home/jyo/ros2_ws/install/cart_control/share/cart_control
running install_egg_info
Copying ../../build/cart_control/cart_control.egg-info to /home/jyo/ros2_ws/install/cart_control/lib/python3.10/site-packages/cart_control-0.0.0-py3.10.egg-info
running install_scripts
Installing cart_control_node script to /home/jyo/ros2_ws/install/cart_control/lib/cart_control
writing list of installed files to '/home/jyo/ros2_ws/build/cart_control/install.log'
