[5.839s] Invoking command in '/home/jyo/ros2_ws/src/battery_monitor': PYTHONPATH=/home/jyo/ros2_ws/build/battery_monitor/prefix_override:/usr/lib/python3/dist-packages/colcon_core/task/python/colcon_distutils_commands:/home/jyo/ros2_ws/install/battery_monitor/lib/python3.10/site-packages:${PYTHONPATH} /usr/bin/python3 -W ignore:setup.py install is deprecated -W ignore:easy_install command is deprecated setup.py egg_info --egg-base ../../build/battery_monitor build --build-base /home/jyo/ros2_ws/build/battery_monitor/build install --record /home/jyo/ros2_ws/build/battery_monitor/install.log --single-version-externally-managed install_data
[7.938s] running egg_info
[7.943s] writing ../../build/battery_monitor/battery_monitor.egg-info/PKG-INFO
[7.944s] writing dependency_links to ../../build/battery_monitor/battery_monitor.egg-info/dependency_links.txt
[7.945s] writing entry points to ../../build/battery_monitor/battery_monitor.egg-info/entry_points.txt
[7.946s] writing requirements to ../../build/battery_monitor/battery_monitor.egg-info/requires.txt
[7.947s] writing top-level names to ../../build/battery_monitor/battery_monitor.egg-info/top_level.txt
[7.961s] reading manifest file '../../build/battery_monitor/battery_monitor.egg-info/SOURCES.txt'
[7.967s] writing manifest file '../../build/battery_monitor/battery_monitor.egg-info/SOURCES.txt'
[7.968s] running build
[7.969s] running build_py
[7.970s] running install
[7.972s] running install_lib
[7.987s] running install_data
[7.988s] running install_egg_info
[7.998s] removing '/home/jyo/ros2_ws/install/battery_monitor/lib/python3.10/site-packages/battery_monitor-0.0.0-py3.10.egg-info' (and everything under it)
[8.001s] Copying ../../build/battery_monitor/battery_monitor.egg-info to /home/jyo/ros2_ws/install/battery_monitor/lib/python3.10/site-packages/battery_monitor-0.0.0-py3.10.egg-info
[8.006s] running install_scripts
[8.112s] Installing battery_monitor script to /home/jyo/ros2_ws/install/battery_monitor/lib/battery_monitor
[8.114s] writing list of installed files to '/home/jyo/ros2_ws/build/battery_monitor/install.log'
[8.189s] Invoked command in '/home/jyo/ros2_ws/src/battery_monitor' returned '0': PYTHONPATH=/home/jyo/ros2_ws/build/battery_monitor/prefix_override:/usr/lib/python3/dist-packages/colcon_core/task/python/colcon_distutils_commands:/home/jyo/ros2_ws/install/battery_monitor/lib/python3.10/site-packages:${PYTHONPATH} /usr/bin/python3 -W ignore:setup.py install is deprecated -W ignore:easy_install command is deprecated setup.py egg_info --egg-base ../../build/battery_monitor build --build-base /home/jyo/ros2_ws/build/battery_monitor/build install --record /home/jyo/ros2_ws/build/battery_monitor/install.log --single-version-externally-managed install_data
