[0.930s] Invoking command in '/home/jyo/ros2_ws/src/cart_control': PYTHONPATH=/home/jyo/ros2_ws/build/cart_control/prefix_override:/usr/lib/python3/dist-packages/colcon_core/task/python/colcon_distutils_commands:/home/jyo/ros2_ws/install/cart_control/lib/python3.10/site-packages:${PYTHONPATH} /usr/bin/python3 -W ignore:setup.py install is deprecated -W ignore:easy_install command is deprecated setup.py egg_info --egg-base ../../build/cart_control build --build-base /home/jyo/ros2_ws/build/cart_control/build install --record /home/jyo/ros2_ws/build/cart_control/install.log --single-version-externally-managed install_data
[1.264s] running egg_info
[1.265s] writing ../../build/cart_control/cart_control.egg-info/PKG-INFO
[1.265s] writing dependency_links to ../../build/cart_control/cart_control.egg-info/dependency_links.txt
[1.266s] writing entry points to ../../build/cart_control/cart_control.egg-info/entry_points.txt
[1.266s] writing requirements to ../../build/cart_control/cart_control.egg-info/requires.txt
[1.266s] writing top-level names to ../../build/cart_control/cart_control.egg-info/top_level.txt
[1.268s] reading manifest file '../../build/cart_control/cart_control.egg-info/SOURCES.txt'
[1.269s] writing manifest file '../../build/cart_control/cart_control.egg-info/SOURCES.txt'
[1.269s] running build
[1.269s] running build_py
[1.270s] running install
[1.270s] running install_lib
[1.271s] running install_data
[1.272s] copying launch/full_system.launch.py -> /home/jyo/ros2_ws/install/cart_control/share/cart_control/launch
[1.272s] running install_egg_info
[1.275s] removing '/home/jyo/ros2_ws/install/cart_control/lib/python3.10/site-packages/cart_control-0.0.0-py3.10.egg-info' (and everything under it)
[1.275s] Copying ../../build/cart_control/cart_control.egg-info to /home/jyo/ros2_ws/install/cart_control/lib/python3.10/site-packages/cart_control-0.0.0-py3.10.egg-info
[1.277s] running install_scripts
[1.304s] Installing cart_control_node script to /home/jyo/ros2_ws/install/cart_control/lib/cart_control
[1.304s] writing list of installed files to '/home/jyo/ros2_ws/build/cart_control/install.log'
[1.338s] Invoked command in '/home/jyo/ros2_ws/src/cart_control' returned '0': PYTHONPATH=/home/jyo/ros2_ws/build/cart_control/prefix_override:/usr/lib/python3/dist-packages/colcon_core/task/python/colcon_distutils_commands:/home/jyo/ros2_ws/install/cart_control/lib/python3.10/site-packages:${PYTHONPATH} /usr/bin/python3 -W ignore:setup.py install is deprecated -W ignore:easy_install command is deprecated setup.py egg_info --egg-base ../../build/cart_control build --build-base /home/jyo/ros2_ws/build/cart_control/build install --record /home/jyo/ros2_ws/build/cart_control/install.log --single-version-externally-managed install_data
