[1.946s] Invoking command in '/home/jyo/ros2_ws/src/multi_camera_pkg': PYTHONPATH=/home/jyo/ros2_ws/build/multi_camera_pkg/prefix_override:/usr/lib/python3/dist-packages/colcon_core/task/python/colcon_distutils_commands:/home/jyo/ros2_ws/install/multi_camera_pkg/lib/python3.10/site-packages:${PYTHONPATH} /usr/bin/python3 -W ignore:setup.py install is deprecated -W ignore:easy_install command is deprecated setup.py egg_info --egg-base ../../build/multi_camera_pkg build --build-base /home/jyo/ros2_ws/build/multi_camera_pkg/build install --record /home/jyo/ros2_ws/build/multi_camera_pkg/install.log --single-version-externally-managed install_data
[2.200s] running egg_info
[2.201s] writing ../../build/multi_camera_pkg/multi_camera_pkg.egg-info/PKG-INFO
[2.201s] writing dependency_links to ../../build/multi_camera_pkg/multi_camera_pkg.egg-info/dependency_links.txt
[2.201s] writing entry points to ../../build/multi_camera_pkg/multi_camera_pkg.egg-info/entry_points.txt
[2.202s] writing requirements to ../../build/multi_camera_pkg/multi_camera_pkg.egg-info/requires.txt
[2.202s] writing top-level names to ../../build/multi_camera_pkg/multi_camera_pkg.egg-info/top_level.txt
[2.204s] reading manifest file '../../build/multi_camera_pkg/multi_camera_pkg.egg-info/SOURCES.txt'
[2.205s] writing manifest file '../../build/multi_camera_pkg/multi_camera_pkg.egg-info/SOURCES.txt'
[2.205s] running build
[2.205s] running build_py
[2.205s] copying multi_camera_pkg/multi_camera_publisher.py -> /home/jyo/ros2_ws/build/multi_camera_pkg/build/lib/multi_camera_pkg
[2.206s] running install
[2.206s] running install_lib
[2.208s] copying /home/jyo/ros2_ws/build/multi_camera_pkg/build/lib/multi_camera_pkg/multi_camera_publisher.py -> /home/jyo/ros2_ws/install/multi_camera_pkg/lib/python3.10/site-packages/multi_camera_pkg
[2.209s] byte-compiling /home/jyo/ros2_ws/install/multi_camera_pkg/lib/python3.10/site-packages/multi_camera_pkg/multi_camera_publisher.py to multi_camera_publisher.cpython-310.pyc
[2.209s] running install_data
[2.210s] running install_egg_info
[2.211s] removing '/home/jyo/ros2_ws/install/multi_camera_pkg/lib/python3.10/site-packages/multi_camera_pkg-0.0.0-py3.10.egg-info' (and everything under it)
[2.212s] Copying ../../build/multi_camera_pkg/multi_camera_pkg.egg-info to /home/jyo/ros2_ws/install/multi_camera_pkg/lib/python3.10/site-packages/multi_camera_pkg-0.0.0-py3.10.egg-info
[2.213s] running install_scripts
[2.238s] Installing multi_camera_publisher script to /home/jyo/ros2_ws/install/multi_camera_pkg/lib/multi_camera_pkg
[2.238s] writing list of installed files to '/home/jyo/ros2_ws/build/multi_camera_pkg/install.log'
[2.291s] Invoked command in '/home/jyo/ros2_ws/src/multi_camera_pkg' returned '0': PYTHONPATH=/home/jyo/ros2_ws/build/multi_camera_pkg/prefix_override:/usr/lib/python3/dist-packages/colcon_core/task/python/colcon_distutils_commands:/home/jyo/ros2_ws/install/multi_camera_pkg/lib/python3.10/site-packages:${PYTHONPATH} /usr/bin/python3 -W ignore:setup.py install is deprecated -W ignore:easy_install command is deprecated setup.py egg_info --egg-base ../../build/multi_camera_pkg build --build-base /home/jyo/ros2_ws/build/multi_camera_pkg/build install --record /home/jyo/ros2_ws/build/multi_camera_pkg/install.log --single-version-externally-managed install_data
